<?xml version="1.0" encoding="UTF-8"?>
<robot generator="Robot 7.0 (Python 3.9.7 on win32)" generated="2024-03-16T06:19:34.238829" rpa="false" schemaversion="5">
<suite id="s1" name="PriceReverseSort" source="F:\DesktopC\PythonUltimateCourse\SoftwareTesting\RobotFramework\Tests\eBay\PriceReverseSort.robot">
<kw name="Start Testcase" owner="CommonFunctionality" type="SETUP">
<kw name="Open Browser" owner="SeleniumLibrary">
<msg time="2024-03-16T06:19:35.100634" level="INFO">Opening browser 'chrome' to base url 'https://www.ebay.com'.</msg>
<msg time="2024-03-16T06:19:35.905875" level="WARN">The chromedriver version (121.0.6167.85) detected in PATH at F:\DesktopC\PythonUltimateCourse\SoftwareTesting\RobotFramework\browserDrivers\chromedriver.exe might not be compatible with the detected chrome version (122.0.6261.129); currently, chromedriver 122.0.6261.128 is recommended for chrome 122.*, so it is advised to delete the driver in PATH and retry</msg>
<arg>${url}</arg>
<arg>${browser}</arg>
<doc>Opens a new browser instance to the optional ``url``.</doc>
<status status="PASS" start="2024-03-16T06:19:35.099636" elapsed="3.928996"/>
</kw>
<kw name="Maximize Browser Window" owner="SeleniumLibrary">
<doc>Maximizes current browser window.</doc>
<status status="PASS" start="2024-03-16T06:19:39.029632" elapsed="0.123853"/>
</kw>
<status status="PASS" start="2024-03-16T06:19:35.098553" elapsed="4.054932"/>
</kw>
<test id="s1-t1" name="Verify Descending Sort1" line="16">
<kw name="Verify Descending Sort">
<kw name="Start Testcase" owner="CommonFunctionality">
<kw name="Open Browser" owner="SeleniumLibrary">
<msg time="2024-03-16T06:19:39.155484" level="INFO">Opening browser 'chrome' to base url 'https://www.ebay.com'.</msg>
<msg time="2024-03-16T06:19:39.926428" level="WARN">The chromedriver version (121.0.6167.85) detected in PATH at F:\DesktopC\PythonUltimateCourse\SoftwareTesting\RobotFramework\browserDrivers\chromedriver.exe might not be compatible with the detected chrome version (122.0.6261.129); currently, chromedriver 122.0.6261.128 is recommended for chrome 122.*, so it is advised to delete the driver in PATH and retry</msg>
<arg>${url}</arg>
<arg>${browser}</arg>
<doc>Opens a new browser instance to the optional ``url``.</doc>
<status status="PASS" start="2024-03-16T06:19:39.155484" elapsed="3.629984"/>
</kw>
<kw name="Maximize Browser Window" owner="SeleniumLibrary">
<doc>Maximizes current browser window.</doc>
<status status="PASS" start="2024-03-16T06:19:42.786469" elapsed="0.139526"/>
</kw>
<status status="PASS" start="2024-03-16T06:19:39.155484" elapsed="3.770511"/>
</kw>
<kw name="Input Search Text and Click Search" owner="HeaderPage">
<kw name="Input Text" owner="SeleniumLibrary">
<msg time="2024-03-16T06:19:42.929399" level="INFO">Typing text 'car' into text field 'xpath://input[@id="gh-ac"]'.</msg>
<arg>${HomePage_search_textbox}</arg>
<arg>${arg1}</arg>
<doc>Types the given ``text`` into the text field identified by ``locator``.</doc>
<status status="PASS" start="2024-03-16T06:19:42.928103" elapsed="0.614672"/>
</kw>
<kw name="Press Keys" owner="SeleniumLibrary">
<msg time="2024-03-16T06:19:43.543774" level="INFO">Sending key(s) ('[RETURN]',) to xpath://input[@id="gh-btn"] element.</msg>
<msg time="2024-03-16T06:19:48.423487" level="INFO">Sending keys [RETURN]</msg>
<arg>${HomePage_search_button}</arg>
<arg>[RETURN]</arg>
<doc>Simulates the user pressing key(s) to an element or on the active browser.</doc>
<status status="PASS" start="2024-03-16T06:19:43.543774" elapsed="5.126422"/>
</kw>
<arg>${product}</arg>
<status status="PASS" start="2024-03-16T06:19:42.926994" elapsed="5.744202"/>
</kw>
<kw name="Sort search Results descending" owner="SearchResultsPage">
<kw name="Click Element" owner="SeleniumLibrary">
<msg time="2024-03-16T06:19:48.671196" level="INFO">Clicking element 'xpath://span[contains(text(),"Sort: Best Match")]'.</msg>
<arg>${SearchResultPage_sortCategory_dropdown}</arg>
<doc>Click the element identified by ``locator``.</doc>
<status status="PASS" start="2024-03-16T06:19:48.671196" elapsed="0.490099"/>
</kw>
<kw name="Click Element" owner="SeleniumLibrary">
<msg time="2024-03-16T06:19:49.161295" level="INFO">Clicking element 'xpath://span[normalize-space()="Price + Shipping: highest first"]'.</msg>
<arg>${SearchResultPage_sortCategory_highToLow}</arg>
<doc>Click the element identified by ``locator``.</doc>
<status status="PASS" start="2024-03-16T06:19:49.161295" elapsed="4.072549"/>
</kw>
<status status="PASS" start="2024-03-16T06:19:48.671196" elapsed="4.563648"/>
</kw>
<kw name="Get Price" owner="SearchResultsPage">
<kw name="Create List" owner="BuiltIn">
<msg time="2024-03-16T06:19:53.235849" level="INFO">@{AllPrices} = [ ]</msg>
<var>@{AllPrices}</var>
<doc>Returns a list containing given items.</doc>
<status status="PASS" start="2024-03-16T06:19:53.235849" elapsed="0.000994"/>
</kw>
<kw name="Get WebElements" owner="SeleniumLibrary">
<msg time="2024-03-16T06:19:53.411722" level="INFO">${list elements} = [&lt;selenium.webdriver.remote.webelement.WebElement (session="f13df06f1397c01b4039152491e602e9", element="051F47F3AADC918D315CA6ADF6993798_element_19132")&gt;, &lt;selenium.webdriver.remote.webelement.WebElem...</msg>
<var>${list elements}</var>
<arg>//span[@class='s-item__price']</arg>
<doc>Returns a list of WebElement objects matching the ``locator``.</doc>
<status status="PASS" start="2024-03-16T06:19:53.236843" elapsed="0.174879"/>
</kw>
<kw name="Get Length" owner="BuiltIn">
<msg time="2024-03-16T06:19:53.411722" level="INFO">Length is 81.</msg>
<msg time="2024-03-16T06:19:53.412725" level="INFO">${list_length} = 81</msg>
<var>${list_length}</var>
<arg>${list elements}</arg>
<doc>Returns and logs the length of the given item as an integer.</doc>
<status status="PASS" start="2024-03-16T06:19:53.411722" elapsed="0.001003"/>
</kw>
<for flavor="IN RANGE">
<iter>
<kw name="Get From List" owner="Collections">
<msg time="2024-03-16T06:19:53.414725" level="INFO">${element} = &lt;selenium.webdriver.remote.webelement.WebElement (session="f13df06f1397c01b4039152491e602e9", element="051F47F3AADC918D315CA6ADF6993798_element_19290")&gt;</msg>
<var>${element}</var>
<arg>${list elements}</arg>
<arg>${i}</arg>
<doc>Returns the value specified with an ``index`` from ``list``.</doc>
<status status="PASS" start="2024-03-16T06:19:53.413729" elapsed="0.000996"/>
</kw>
<kw name="Get Text" owner="SeleniumLibrary">
<msg time="2024-03-16T06:19:53.439520" level="INFO">${price_text} = 56,826,400.51 SEK</msg>
<var>${price_text}</var>
<arg>${element}</arg>
<doc>Returns the text value of the element identified by ``locator``.</doc>
<status status="PASS" start="2024-03-16T06:19:53.414725" elapsed="0.024795"/>
</kw>
<kw name="Append To List" owner="Collections">
<arg>${AllPrices}</arg>
<arg>${price_text}</arg>
<doc>Adds ``values`` to the end of ``list``.</doc>
<status status="PASS" start="2024-03-16T06:19:53.439520" elapsed="0.000725"/>
</kw>
<var name="${i}">1</var>
<status status="PASS" start="2024-03-16T06:19:53.413729" elapsed="0.026603"/>
</iter>
<iter>
<kw name="Get From List" owner="Collections">
<msg time="2024-03-16T06:19:53.440690" level="INFO">${element} = &lt;selenium.webdriver.remote.webelement.WebElement (session="f13df06f1397c01b4039152491e602e9", element="051F47F3AADC918D315CA6ADF6993798_element_19354")&gt;</msg>
<var>${element}</var>
<arg>${list elements}</arg>
<arg>${i}</arg>
<doc>Returns the value specified with an ``index`` from ``list``.</doc>
<status status="PASS" start="2024-03-16T06:19:53.440494" elapsed="0.000196"/>
</kw>
<kw name="Get Text" owner="SeleniumLibrary">
<msg time="2024-03-16T06:19:53.453185" level="INFO">${price_text} = 19,686,731.55 SEK</msg>
<var>${price_text}</var>
<arg>${element}</arg>
<doc>Returns the text value of the element identified by ``locator``.</doc>
<status status="PASS" start="2024-03-16T06:19:53.440690" elapsed="0.012495"/>
</kw>
<kw name="Append To List" owner="Collections">
<arg>${AllPrices}</arg>
<arg>${price_text}</arg>
<doc>Adds ``values`` to the end of ``list``.</doc>
<status status="PASS" start="2024-03-16T06:19:53.453185" elapsed="0.000000"/>
</kw>
<var name="${i}">2</var>
<status status="PASS" start="2024-03-16T06:19:53.440494" elapsed="0.012691"/>
</iter>
<iter>
<kw name="Get From List" owner="Collections">
<msg time="2024-03-16T06:19:53.454212" level="INFO">${element} = &lt;selenium.webdriver.remote.webelement.WebElement (session="f13df06f1397c01b4039152491e602e9", element="051F47F3AADC918D315CA6ADF6993798_element_19418")&gt;</msg>
<var>${element}</var>
<arg>${list elements}</arg>
<arg>${i}</arg>
<doc>Returns the value specified with an ``index`` from ``list``.</doc>
<status status="PASS" start="2024-03-16T06:19:53.454212" elapsed="0.000000"/>
</kw>
<kw name="Get Text" owner="SeleniumLibrary">
<msg time="2024-03-16T06:19:53.462117" level="INFO">${price_text} = 5,624,780.44 SEK</msg>
<var>${price_text}</var>
<arg>${element}</arg>
<doc>Returns the text value of the element identified by ``locator``.</doc>
<status status="PASS" start="2024-03-16T06:19:53.454212" elapsed="0.008034"/>
</kw>
<kw name="Append To List" owner="Collections">
<arg>${AllPrices}</arg>
<arg>${price_text}</arg>
<doc>Adds ``values`` to the end of ``list``.</doc>
<status status="PASS" start="2024-03-16T06:19:53.462246" elapsed="0.000502"/>
</kw>
<var name="${i}">3</var>
<status status="PASS" start="2024-03-16T06:19:53.454212" elapsed="0.008536"/>
</iter>
<iter>
<kw name="Get From List" owner="Collections">
<msg time="2024-03-16T06:19:53.463264" level="INFO">${element} = &lt;selenium.webdriver.remote.webelement.WebElement (session="f13df06f1397c01b4039152491e602e9", element="051F47F3AADC918D315CA6ADF6993798_element_19482")&gt;</msg>
<var>${element}</var>
<arg>${list elements}</arg>
<arg>${i}</arg>
<doc>Returns the value specified with an ``index`` from ``list``.</doc>
<status status="PASS" start="2024-03-16T06:19:53.462748" elapsed="0.000516"/>
</kw>
<kw name="Get Text" owner="SeleniumLibrary">
<msg time="2024-03-16T06:19:53.471164" level="INFO">${price_text} = 5,624,780.44 SEK</msg>
<var>${price_text}</var>
<arg>${element}</arg>
<doc>Returns the text value of the element identified by ``locator``.</doc>
<status status="PASS" start="2024-03-16T06:19:53.463264" elapsed="0.007900"/>
</kw>
<kw name="Append To List" owner="Collections">
<arg>${AllPrices}</arg>
<arg>${price_text}</arg>
<doc>Adds ``values`` to the end of ``list``.</doc>
<status status="PASS" start="2024-03-16T06:19:53.471667" elapsed="0.000000"/>
</kw>
<var name="${i}">4</var>
<status status="PASS" start="2024-03-16T06:19:53.462748" elapsed="0.008919"/>
</iter>
<iter>
<kw name="Get From List" owner="Collections">
<msg time="2024-03-16T06:19:53.471667" level="INFO">${element} = &lt;selenium.webdriver.remote.webelement.WebElement (session="f13df06f1397c01b4039152491e602e9", element="051F47F3AADC918D315CA6ADF6993798_element_19552")&gt;</msg>
<var>${element}</var>
<arg>${list elements}</arg>
<arg>${i}</arg>
<doc>Returns the value specified with an ``index`` from ``list``.</doc>
<status status="PASS" start="2024-03-16T06:19:53.471667" elapsed="0.000000"/>
</kw>
<kw name="Get Text" owner="SeleniumLibrary">
<msg time="2024-03-16T06:19:53.482113" level="INFO">${price_text} = 143.15 SEK to 4,783,830.16 SEK</msg>
<var>${price_text}</var>
<arg>${element}</arg>
<doc>Returns the text value of the element identified by ``locator``.</doc>
<status status="PASS" start="2024-03-16T06:19:53.471667" elapsed="0.010446"/>
</kw>
<kw name="Append To List" owner="Collections">
<arg>${AllPrices}</arg>
<arg>${price_text}</arg>
<doc>Adds ``values`` to the end of ``list``.</doc>
<status status="PASS" start="2024-03-16T06:19:53.482113" elapsed="0.001023"/>
</kw>
<var name="${i}">5</var>
<status status="PASS" start="2024-03-16T06:19:53.471667" elapsed="0.011469"/>
</iter>
<iter>
<kw name="Get From List" owner="Collections">
<msg time="2024-03-16T06:19:53.484111" level="INFO">${element} = &lt;selenium.webdriver.remote.webelement.WebElement (session="f13df06f1397c01b4039152491e602e9", element="051F47F3AADC918D315CA6ADF6993798_element_19623")&gt;</msg>
<var>${element}</var>
<arg>${list elements}</arg>
<arg>${i}</arg>
<doc>Returns the value specified with an ``index`` from ``list``.</doc>
<status status="PASS" start="2024-03-16T06:19:53.483136" elapsed="0.000975"/>
</kw>
<kw name="Get Text" owner="SeleniumLibrary">
<msg time="2024-03-16T06:19:53.492151" level="INFO">${price_text} = 143.15 SEK to 4,783,830.16 SEK</msg>
<var>${price_text}</var>
<arg>${element}</arg>
<doc>Returns the text value of the element identified by ``locator``.</doc>
<status status="PASS" start="2024-03-16T06:19:53.484111" elapsed="0.008040"/>
</kw>
<kw name="Append To List" owner="Collections">
<arg>${AllPrices}</arg>
<arg>${price_text}</arg>
<doc>Adds ``values`` to the end of ``list``.</doc>
<status status="PASS" start="2024-03-16T06:19:53.492151" elapsed="0.000000"/>
</kw>
<var name="${i}">6</var>
<status status="PASS" start="2024-03-16T06:19:53.483136" elapsed="0.010020"/>
</iter>
<iter>
<kw name="Get From List" owner="Collections">
<msg time="2024-03-16T06:19:53.493156" level="INFO">${element} = &lt;selenium.webdriver.remote.webelement.WebElement (session="f13df06f1397c01b4039152491e602e9", element="051F47F3AADC918D315CA6ADF6993798_element_19694")&gt;</msg>
<var>${element}</var>
<arg>${list elements}</arg>
<arg>${i}</arg>
<doc>Returns the value specified with an ``index`` from ``list``.</doc>
<status status="PASS" start="2024-03-16T06:19:53.493156" elapsed="0.000000"/>
</kw>
<kw name="Get Text" owner="SeleniumLibrary">
<msg time="2024-03-16T06:19:53.501123" level="INFO">${price_text} = 143.15 SEK to 4,783,830.16 SEK</msg>
<var>${price_text}</var>
<arg>${element}</arg>
<doc>Returns the text value of the element identified by ``locator``.</doc>
<status status="PASS" start="2024-03-16T06:19:53.493789" elapsed="0.007857"/>
</kw>
<kw name="Append To List" owner="Collections">
<arg>${AllPrices}</arg>
<arg>${price_text}</arg>
<doc>Adds ``values`` to the end of ``list``.</doc>
<status status="PASS" start="2024-03-16T06:19:53.501646" elapsed="0.000000"/>
</kw>
<var name="${i}">7</var>
<status status="PASS" start="2024-03-16T06:19:53.493156" elapsed="0.008490"/>
</iter>
<iter>
<kw name="Get From List" owner="Collections">
<msg time="2024-03-16T06:19:53.502200" level="INFO">${element} = &lt;selenium.webdriver.remote.webelement.WebElement (session="f13df06f1397c01b4039152491e602e9", element="051F47F3AADC918D315CA6ADF6993798_element_19766")&gt;</msg>
<var>${element}</var>
<arg>${list elements}</arg>
<arg>${i}</arg>
<doc>Returns the value specified with an ``index`` from ``list``.</doc>
<status status="PASS" start="2024-03-16T06:19:53.502200" elapsed="0.000000"/>
</kw>
<kw name="Get Text" owner="SeleniumLibrary">
<msg time="2024-03-16T06:19:53.510067" level="INFO">${price_text} = 3,925,154.46 SEK</msg>
<var>${price_text}</var>
<arg>${element}</arg>
<doc>Returns the text value of the element identified by ``locator``.</doc>
<status status="PASS" start="2024-03-16T06:19:53.502740" elapsed="0.007327"/>
</kw>
<kw name="Append To List" owner="Collections">
<arg>${AllPrices}</arg>
<arg>${price_text}</arg>
<doc>Adds ``values`` to the end of ``list``.</doc>
<status status="PASS" start="2024-03-16T06:19:53.510067" elapsed="0.000561"/>
</kw>
<var name="${i}">8</var>
<status status="PASS" start="2024-03-16T06:19:53.502200" elapsed="0.008428"/>
</iter>
<iter>
<kw name="Get From List" owner="Collections">
<msg time="2024-03-16T06:19:53.511171" level="INFO">${element} = &lt;selenium.webdriver.remote.webelement.WebElement (session="f13df06f1397c01b4039152491e602e9", element="051F47F3AADC918D315CA6ADF6993798_element_19827")&gt;</msg>
<var>${element}</var>
<arg>${list elements}</arg>
<arg>${i}</arg>
<doc>Returns the value specified with an ``index`` from ``list``.</doc>
<status status="PASS" start="2024-03-16T06:19:53.511171" elapsed="0.000521"/>
</kw>
<kw name="Get Text" owner="SeleniumLibrary">
<msg time="2024-03-16T06:19:53.519478" level="INFO">${price_text} = 3,831,786.62 SEK</msg>
<var>${price_text}</var>
<arg>${element}</arg>
<doc>Returns the text value of the element identified by ``locator``.</doc>
<status status="PASS" start="2024-03-16T06:19:53.511692" elapsed="0.007786"/>
</kw>
<kw name="Append To List" owner="Collections">
<arg>${AllPrices}</arg>
<arg>${price_text}</arg>
<doc>Adds ``values`` to the end of ``list``.</doc>
<status status="PASS" start="2024-03-16T06:19:53.519478" elapsed="0.000000"/>
</kw>
<var name="${i}">9</var>
<status status="PASS" start="2024-03-16T06:19:53.510628" elapsed="0.008850"/>
</iter>
<iter>
<kw name="Get From List" owner="Collections">
<msg time="2024-03-16T06:19:53.520475" level="INFO">${element} = &lt;selenium.webdriver.remote.webelement.WebElement (session="f13df06f1397c01b4039152491e602e9", element="051F47F3AADC918D315CA6ADF6993798_element_19905")&gt;</msg>
<var>${element}</var>
<arg>${list elements}</arg>
<arg>${i}</arg>
<doc>Returns the value specified with an ``index`` from ``list``.</doc>
<status status="PASS" start="2024-03-16T06:19:53.520475" elapsed="0.000000"/>
</kw>
<kw name="Get Text" owner="SeleniumLibrary">
<msg time="2024-03-16T06:19:53.526465" level="INFO">${price_text} = 3,829,945.07 SEK</msg>
<var>${price_text}</var>
<arg>${element}</arg>
<doc>Returns the text value of the element identified by ``locator``.</doc>
<status status="PASS" start="2024-03-16T06:19:53.520475" elapsed="0.005990"/>
</kw>
<kw name="Append To List" owner="Collections">
<arg>${AllPrices}</arg>
<arg>${price_text}</arg>
<doc>Adds ``values`` to the end of ``list``.</doc>
<status status="PASS" start="2024-03-16T06:19:53.526465" elapsed="0.000000"/>
</kw>
<var name="${i}">10</var>
<status status="PASS" start="2024-03-16T06:19:53.519478" elapsed="0.006987"/>
</iter>
<iter>
<kw name="Get From List" owner="Collections">
<msg time="2024-03-16T06:19:53.527466" level="INFO">${element} = &lt;selenium.webdriver.remote.webelement.WebElement (session="f13df06f1397c01b4039152491e602e9", element="051F47F3AADC918D315CA6ADF6993798_element_19980")&gt;</msg>
<var>${element}</var>
<arg>${list elements}</arg>
<arg>${i}</arg>
<doc>Returns the value specified with an ``index`` from ``list``.</doc>
<status status="PASS" start="2024-03-16T06:19:53.527466" elapsed="0.000000"/>
</kw>
<kw name="Get Text" owner="SeleniumLibrary">
<msg time="2024-03-16T06:19:53.536405" level="INFO">${price_text} = 1,394,829.83 SEK</msg>
<var>${price_text}</var>
<arg>${element}</arg>
<doc>Returns the text value of the element identified by ``locator``.</doc>
<status status="PASS" start="2024-03-16T06:19:53.528465" elapsed="0.007940"/>
</kw>
<kw name="Append To List" owner="Collections">
<arg>${AllPrices}</arg>
<arg>${price_text}</arg>
<doc>Adds ``values`` to the end of ``list``.</doc>
<status status="PASS" start="2024-03-16T06:19:53.536405" elapsed="0.000518"/>
</kw>
<var name="${i}">11</var>
<status status="PASS" start="2024-03-16T06:19:53.527466" elapsed="0.009457"/>
</iter>
<iter>
<kw name="Get From List" owner="Collections">
<msg time="2024-03-16T06:19:53.537951" level="INFO">${element} = &lt;selenium.webdriver.remote.webelement.WebElement (session="f13df06f1397c01b4039152491e602e9", element="051F47F3AADC918D315CA6ADF6993798_element_20048")&gt;</msg>
<var>${element}</var>
<arg>${list elements}</arg>
<arg>${i}</arg>
<doc>Returns the value specified with an ``index`` from ``list``.</doc>
<status status="PASS" start="2024-03-16T06:19:53.537439" elapsed="0.000512"/>
</kw>
<kw name="Get Text" owner="SeleniumLibrary">
<msg time="2024-03-16T06:19:53.708248" level="INFO">${price_text} = 2,583,018.21 SEK</msg>
<var>${price_text}</var>
<arg>${element}</arg>
<doc>Returns the text value of the element identified by ``locator``.</doc>
<status status="PASS" start="2024-03-16T06:19:53.537951" elapsed="0.170297"/>
</kw>
<kw name="Append To List" owner="Collections">
<arg>${AllPrices}</arg>
<arg>${price_text}</arg>
<doc>Adds ``values`` to the end of ``list``.</doc>
<status status="PASS" start="2024-03-16T06:19:53.708248" elapsed="0.000000"/>
</kw>
<var name="${i}">12</var>
<status status="PASS" start="2024-03-16T06:19:53.537439" elapsed="0.170809"/>
</iter>
<iter>
<kw name="Get From List" owner="Collections">
<msg time="2024-03-16T06:19:53.709335" level="INFO">${element} = &lt;selenium.webdriver.remote.webelement.WebElement (session="f13df06f1397c01b4039152491e602e9", element="051F47F3AADC918D315CA6ADF6993798_element_20124")&gt;</msg>
<var>${element}</var>
<arg>${list elements}</arg>
<arg>${i}</arg>
<doc>Returns the value specified with an ``index`` from ``list``.</doc>
<status status="PASS" start="2024-03-16T06:19:53.709335" elapsed="0.000000"/>
</kw>
<kw name="Get Text" owner="SeleniumLibrary">
<msg time="2024-03-16T06:19:53.718408" level="INFO">${price_text} = 2,461,924.10 SEK</msg>
<var>${price_text}</var>
<arg>${element}</arg>
<doc>Returns the text value of the element identified by ``locator``.</doc>
<status status="PASS" start="2024-03-16T06:19:53.709335" elapsed="0.009073"/>
</kw>
<kw name="Append To List" owner="Collections">
<arg>${AllPrices}</arg>
<arg>${price_text}</arg>
<doc>Adds ``values`` to the end of ``list``.</doc>
<status status="PASS" start="2024-03-16T06:19:53.718408" elapsed="0.000000"/>
</kw>
<var name="${i}">13</var>
<status status="PASS" start="2024-03-16T06:19:53.709335" elapsed="0.009073"/>
</iter>
<iter>
<kw name="Get From List" owner="Collections">
<msg time="2024-03-16T06:19:53.719500" level="INFO">${element} = &lt;selenium.webdriver.remote.webelement.WebElement (session="f13df06f1397c01b4039152491e602e9", element="051F47F3AADC918D315CA6ADF6993798_element_20195")&gt;</msg>
<var>${element}</var>
<arg>${list elements}</arg>
<arg>${i}</arg>
<doc>Returns the value specified with an ``index`` from ``list``.</doc>
<status status="PASS" start="2024-03-16T06:19:53.719500" elapsed="0.000000"/>
</kw>
<kw name="Get Text" owner="SeleniumLibrary">
<msg time="2024-03-16T06:19:53.725748" level="INFO">${price_text} = 71.64 SEK to 2,391,915.15 SEK</msg>
<var>${price_text}</var>
<arg>${element}</arg>
<doc>Returns the text value of the element identified by ``locator``.</doc>
<status status="PASS" start="2024-03-16T06:19:53.719500" elapsed="0.006248"/>
</kw>
<kw name="Append To List" owner="Collections">
<arg>${AllPrices}</arg>
<arg>${price_text}</arg>
<doc>Adds ``values`` to the end of ``list``.</doc>
<status status="PASS" start="2024-03-16T06:19:53.725748" elapsed="0.000000"/>
</kw>
<var name="${i}">14</var>
<status status="PASS" start="2024-03-16T06:19:53.719500" elapsed="0.006248"/>
</iter>
<iter>
<kw name="Get From List" owner="Collections">
<msg time="2024-03-16T06:19:53.726757" level="INFO">${element} = &lt;selenium.webdriver.remote.webelement.WebElement (session="f13df06f1397c01b4039152491e602e9", element="051F47F3AADC918D315CA6ADF6993798_element_20266")&gt;</msg>
<var>${element}</var>
<arg>${list elements}</arg>
<arg>${i}</arg>
<doc>Returns the value specified with an ``index`` from ``list``.</doc>
<status status="PASS" start="2024-03-16T06:19:53.725748" elapsed="0.001009"/>
</kw>
<kw name="Get Text" owner="SeleniumLibrary">
<msg time="2024-03-16T06:19:53.734761" level="INFO">${price_text} = 71.64 SEK to 2,391,915.15 SEK</msg>
<var>${price_text}</var>
<arg>${element}</arg>
<doc>Returns the text value of the element identified by ``locator``.</doc>
<status status="PASS" start="2024-03-16T06:19:53.726757" elapsed="0.008004"/>
</kw>
<kw name="Append To List" owner="Collections">
<arg>${AllPrices}</arg>
<arg>${price_text}</arg>
<doc>Adds ``values`` to the end of ``list``.</doc>
<status status="PASS" start="2024-03-16T06:19:53.734761" elapsed="0.000000"/>
</kw>
<var name="${i}">15</var>
<status status="PASS" start="2024-03-16T06:19:53.725748" elapsed="0.009013"/>
</iter>
<iter>
<kw name="Get From List" owner="Collections">
<msg time="2024-03-16T06:19:53.735757" level="INFO">${element} = &lt;selenium.webdriver.remote.webelement.WebElement (session="f13df06f1397c01b4039152491e602e9", element="051F47F3AADC918D315CA6ADF6993798_element_20337")&gt;</msg>
<var>${element}</var>
<arg>${list elements}</arg>
<arg>${i}</arg>
<doc>Returns the value specified with an ``index`` from ``list``.</doc>
<status status="PASS" start="2024-03-16T06:19:53.734761" elapsed="0.000996"/>
</kw>
<kw name="Get Text" owner="SeleniumLibrary">
<msg time="2024-03-16T06:19:53.743748" level="INFO">${price_text} = 71.64 SEK to 2,391,915.15 SEK</msg>
<var>${price_text}</var>
<arg>${element}</arg>
<doc>Returns the text value of the element identified by ``locator``.</doc>
<status status="PASS" start="2024-03-16T06:19:53.735757" elapsed="0.007991"/>
</kw>
<kw name="Append To List" owner="Collections">
<arg>${AllPrices}</arg>
<arg>${price_text}</arg>
<doc>Adds ``values`` to the end of ``list``.</doc>
<status status="PASS" start="2024-03-16T06:19:53.744749" elapsed="0.000000"/>
</kw>
<var name="${i}">16</var>
<status status="PASS" start="2024-03-16T06:19:53.734761" elapsed="0.009988"/>
</iter>
<iter>
<kw name="Get From List" owner="Collections">
<msg time="2024-03-16T06:19:53.744749" level="INFO">${element} = &lt;selenium.webdriver.remote.webelement.WebElement (session="f13df06f1397c01b4039152491e602e9", element="051F47F3AADC918D315CA6ADF6993798_element_20412")&gt;</msg>
<var>${element}</var>
<arg>${list elements}</arg>
<arg>${i}</arg>
<doc>Returns the value specified with an ``index`` from ``list``.</doc>
<status status="PASS" start="2024-03-16T06:19:53.744749" elapsed="0.000000"/>
</kw>
<kw name="Get Text" owner="SeleniumLibrary">
<msg time="2024-03-16T06:19:53.757120" level="INFO">${price_text} = 2,384,943.13 SEK</msg>
<var>${price_text}</var>
<arg>${element}</arg>
<doc>Returns the text value of the element identified by ``locator``.</doc>
<status status="PASS" start="2024-03-16T06:19:53.744749" elapsed="0.012371"/>
</kw>
<kw name="Append To List" owner="Collections">
<arg>${AllPrices}</arg>
<arg>${price_text}</arg>
<doc>Adds ``values`` to the end of ``list``.</doc>
<status status="PASS" start="2024-03-16T06:19:53.757120" elapsed="0.000000"/>
</kw>
<var name="${i}">17</var>
<status status="PASS" start="2024-03-16T06:19:53.744749" elapsed="0.012371"/>
</iter>
<iter>
<kw name="Get From List" owner="Collections">
<msg time="2024-03-16T06:19:53.758167" level="INFO">${element} = &lt;selenium.webdriver.remote.webelement.WebElement (session="f13df06f1397c01b4039152491e602e9", element="051F47F3AADC918D315CA6ADF6993798_element_20481")&gt;</msg>
<var>${element}</var>
<arg>${list elements}</arg>
<arg>${i}</arg>
<doc>Returns the value specified with an ``index`` from ``list``.</doc>
<status status="PASS" start="2024-03-16T06:19:53.757120" elapsed="0.001047"/>
</kw>
<kw name="Get Text" owner="SeleniumLibrary">
<msg time="2024-03-16T06:19:53.774755" level="INFO">${price_text} = 2,324,716.38 SEK</msg>
<var>${price_text}</var>
<arg>${element}</arg>
<doc>Returns the text value of the element identified by ``locator``.</doc>
<status status="PASS" start="2024-03-16T06:19:53.758167" elapsed="0.016588"/>
</kw>
<kw name="Append To List" owner="Collections">
<arg>${AllPrices}</arg>
<arg>${price_text}</arg>
<doc>Adds ``values`` to the end of ``list``.</doc>
<status status="PASS" start="2024-03-16T06:19:53.774755" elapsed="0.000000"/>
</kw>
<var name="${i}">18</var>
<status status="PASS" start="2024-03-16T06:19:53.757120" elapsed="0.017635"/>
</iter>
<iter>
<kw name="Get From List" owner="Collections">
<msg time="2024-03-16T06:19:53.775829" level="INFO">${element} = &lt;selenium.webdriver.remote.webelement.WebElement (session="f13df06f1397c01b4039152491e602e9", element="051F47F3AADC918D315CA6ADF6993798_element_20542")&gt;</msg>
<var>${element}</var>
<arg>${list elements}</arg>
<arg>${i}</arg>
<doc>Returns the value specified with an ``index`` from ``list``.</doc>
<status status="PASS" start="2024-03-16T06:19:53.775829" elapsed="0.000000"/>
</kw>
<kw name="Get Text" owner="SeleniumLibrary">
<msg time="2024-03-16T06:19:53.784195" level="INFO">${price_text} = 2,112,030.67 SEK</msg>
<var>${price_text}</var>
<arg>${element}</arg>
<doc>Returns the text value of the element identified by ``locator``.</doc>
<status status="PASS" start="2024-03-16T06:19:53.775829" elapsed="0.008366"/>
</kw>
<kw name="Append To List" owner="Collections">
<arg>${AllPrices}</arg>
<arg>${price_text}</arg>
<doc>Adds ``values`` to the end of ``list``.</doc>
<status status="PASS" start="2024-03-16T06:19:53.784195" elapsed="0.000000"/>
</kw>
<var name="${i}">19</var>
<status status="PASS" start="2024-03-16T06:19:53.774755" elapsed="0.010551"/>
</iter>
<iter>
<kw name="Get From List" owner="Collections">
<msg time="2024-03-16T06:19:53.785306" level="INFO">${element} = &lt;selenium.webdriver.remote.webelement.WebElement (session="f13df06f1397c01b4039152491e602e9", element="051F47F3AADC918D315CA6ADF6993798_element_20603")&gt;</msg>
<var>${element}</var>
<arg>${list elements}</arg>
<arg>${i}</arg>
<doc>Returns the value specified with an ``index`` from ``list``.</doc>
<status status="PASS" start="2024-03-16T06:19:53.785306" elapsed="0.000000"/>
</kw>
<kw name="Get Text" owner="SeleniumLibrary">
<msg time="2024-03-16T06:19:53.791390" level="INFO">${price_text} = 2,112,030.67 SEK</msg>
<var>${price_text}</var>
<arg>${element}</arg>
<doc>Returns the text value of the element identified by ``locator``.</doc>
<status status="PASS" start="2024-03-16T06:19:53.785306" elapsed="0.006084"/>
</kw>
<kw name="Append To List" owner="Collections">
<arg>${AllPrices}</arg>
<arg>${price_text}</arg>
<doc>Adds ``values`` to the end of ``list``.</doc>
<status status="PASS" start="2024-03-16T06:19:53.792405" elapsed="0.000000"/>
</kw>
<var name="${i}">20</var>
<status status="PASS" start="2024-03-16T06:19:53.785306" elapsed="0.007099"/>
</iter>
<iter>
<kw name="Get From List" owner="Collections">
<msg time="2024-03-16T06:19:53.792405" level="INFO">${element} = &lt;selenium.webdriver.remote.webelement.WebElement (session="f13df06f1397c01b4039152491e602e9", element="051F47F3AADC918D315CA6ADF6993798_element_20667")&gt;</msg>
<var>${element}</var>
<arg>${list elements}</arg>
<arg>${i}</arg>
<doc>Returns the value specified with an ``index`` from ``list``.</doc>
<status status="PASS" start="2024-03-16T06:19:53.792405" elapsed="0.000000"/>
</kw>
<kw name="Get Text" owner="SeleniumLibrary">
<msg time="2024-03-16T06:19:53.801389" level="INFO">${price_text} = 2,092,066.10 SEK</msg>
<var>${price_text}</var>
<arg>${element}</arg>
<doc>Returns the text value of the element identified by ``locator``.</doc>
<status status="PASS" start="2024-03-16T06:19:53.792405" elapsed="0.008984"/>
</kw>
<kw name="Append To List" owner="Collections">
<arg>${AllPrices}</arg>
<arg>${price_text}</arg>
<doc>Adds ``values`` to the end of ``list``.</doc>
<status status="PASS" start="2024-03-16T06:19:53.801389" elapsed="0.000000"/>
</kw>
<var name="${i}">21</var>
<status status="PASS" start="2024-03-16T06:19:53.792405" elapsed="0.008984"/>
</iter>
<iter>
<kw name="Get From List" owner="Collections">
<msg time="2024-03-16T06:19:53.802389" level="INFO">${element} = &lt;selenium.webdriver.remote.webelement.WebElement (session="f13df06f1397c01b4039152491e602e9", element="051F47F3AADC918D315CA6ADF6993798_element_20742")&gt;</msg>
<var>${element}</var>
<arg>${list elements}</arg>
<arg>${i}</arg>
<doc>Returns the value specified with an ``index`` from ``list``.</doc>
<status status="PASS" start="2024-03-16T06:19:53.802389" elapsed="0.000000"/>
</kw>
<kw name="Get Text" owner="SeleniumLibrary">
<msg time="2024-03-16T06:19:53.808713" level="INFO">${price_text} = 2,005,965.45 SEK</msg>
<var>${price_text}</var>
<arg>${element}</arg>
<doc>Returns the text value of the element identified by ``locator``.</doc>
<status status="PASS" start="2024-03-16T06:19:53.802389" elapsed="0.006324"/>
</kw>
<kw name="Append To List" owner="Collections">
<arg>${AllPrices}</arg>
<arg>${price_text}</arg>
<doc>Adds ``values`` to the end of ``list``.</doc>
<status status="PASS" start="2024-03-16T06:19:53.808713" elapsed="0.000000"/>
</kw>
<var name="${i}">22</var>
<status status="PASS" start="2024-03-16T06:19:53.801389" elapsed="0.007324"/>
</iter>
<iter>
<kw name="Get From List" owner="Collections">
<msg time="2024-03-16T06:19:53.809707" level="INFO">${element} = &lt;selenium.webdriver.remote.webelement.WebElement (session="f13df06f1397c01b4039152491e602e9", element="051F47F3AADC918D315CA6ADF6993798_element_20803")&gt;</msg>
<var>${element}</var>
<arg>${list elements}</arg>
<arg>${i}</arg>
<doc>Returns the value specified with an ``index`` from ``list``.</doc>
<status status="PASS" start="2024-03-16T06:19:53.809707" elapsed="0.000000"/>
</kw>
<kw name="Get Text" owner="SeleniumLibrary">
<msg time="2024-03-16T06:19:53.815697" level="INFO">${price_text} = 1,979,780.13 SEK</msg>
<var>${price_text}</var>
<arg>${element}</arg>
<doc>Returns the text value of the element identified by ``locator``.</doc>
<status status="PASS" start="2024-03-16T06:19:53.809707" elapsed="0.005990"/>
</kw>
<kw name="Append To List" owner="Collections">
<arg>${AllPrices}</arg>
<arg>${price_text}</arg>
<doc>Adds ``values`` to the end of ``list``.</doc>
<status status="PASS" start="2024-03-16T06:19:53.815697" elapsed="0.000000"/>
</kw>
<var name="${i}">23</var>
<status status="PASS" start="2024-03-16T06:19:53.808713" elapsed="0.006984"/>
</iter>
<iter>
<kw name="Get From List" owner="Collections">
<msg time="2024-03-16T06:19:53.816707" level="INFO">${element} = &lt;selenium.webdriver.remote.webelement.WebElement (session="f13df06f1397c01b4039152491e602e9", element="051F47F3AADC918D315CA6ADF6993798_element_20864")&gt;</msg>
<var>${element}</var>
<arg>${list elements}</arg>
<arg>${i}</arg>
<doc>Returns the value specified with an ``index`` from ``list``.</doc>
<status status="PASS" start="2024-03-16T06:19:53.816707" elapsed="0.000000"/>
</kw>
<kw name="Get Text" owner="SeleniumLibrary">
<msg time="2024-03-16T06:19:53.821697" level="INFO">${price_text} = 1,737,493.03 SEK</msg>
<var>${price_text}</var>
<arg>${element}</arg>
<doc>Returns the text value of the element identified by ``locator``.</doc>
<status status="PASS" start="2024-03-16T06:19:53.816707" elapsed="0.004990"/>
</kw>
<kw name="Append To List" owner="Collections">
<arg>${AllPrices}</arg>
<arg>${price_text}</arg>
<doc>Adds ``values`` to the end of ``list``.</doc>
<status status="PASS" start="2024-03-16T06:19:53.822711" elapsed="0.000000"/>
</kw>
<var name="${i}">24</var>
<status status="PASS" start="2024-03-16T06:19:53.815697" elapsed="0.007014"/>
</iter>
<iter>
<kw name="Get From List" owner="Collections">
<msg time="2024-03-16T06:19:53.822711" level="INFO">${element} = &lt;selenium.webdriver.remote.webelement.WebElement (session="f13df06f1397c01b4039152491e602e9", element="051F47F3AADC918D315CA6ADF6993798_element_20928")&gt;</msg>
<var>${element}</var>
<arg>${list elements}</arg>
<arg>${i}</arg>
<doc>Returns the value specified with an ``index`` from ``list``.</doc>
<status status="PASS" start="2024-03-16T06:19:53.822711" elapsed="0.000000"/>
</kw>
<kw name="Get Text" owner="SeleniumLibrary">
<msg time="2024-03-16T06:19:53.829709" level="INFO">${price_text} = 1,716,610.99 SEK</msg>
<var>${price_text}</var>
<arg>${element}</arg>
<doc>Returns the text value of the element identified by ``locator``.</doc>
<status status="PASS" start="2024-03-16T06:19:53.822711" elapsed="0.006998"/>
</kw>
<kw name="Append To List" owner="Collections">
<arg>${AllPrices}</arg>
<arg>${price_text}</arg>
<doc>Adds ``values`` to the end of ``list``.</doc>
<status status="PASS" start="2024-03-16T06:19:53.830711" elapsed="0.000000"/>
</kw>
<var name="${i}">25</var>
<status status="PASS" start="2024-03-16T06:19:53.822711" elapsed="0.008000"/>
</iter>
<iter>
<kw name="Get From List" owner="Collections">
<msg time="2024-03-16T06:19:53.830711" level="INFO">${element} = &lt;selenium.webdriver.remote.webelement.WebElement (session="f13df06f1397c01b4039152491e602e9", element="051F47F3AADC918D315CA6ADF6993798_element_21000")&gt;</msg>
<var>${element}</var>
<arg>${list elements}</arg>
<arg>${i}</arg>
<doc>Returns the value specified with an ``index`` from ``list``.</doc>
<status status="PASS" start="2024-03-16T06:19:53.830711" elapsed="0.000000"/>
</kw>
<kw name="Get Text" owner="SeleniumLibrary">
<msg time="2024-03-16T06:19:53.836697" level="INFO">${price_text} = 1,685,316.06 SEK</msg>
<var>${price_text}</var>
<arg>${element}</arg>
<doc>Returns the text value of the element identified by ``locator``.</doc>
<status status="PASS" start="2024-03-16T06:19:53.830711" elapsed="0.005986"/>
</kw>
<kw name="Append To List" owner="Collections">
<arg>${AllPrices}</arg>
<arg>${price_text}</arg>
<doc>Adds ``values`` to the end of ``list``.</doc>
<status status="PASS" start="2024-03-16T06:19:53.836697" elapsed="0.000000"/>
</kw>
<var name="${i}">26</var>
<status status="PASS" start="2024-03-16T06:19:53.830711" elapsed="0.005986"/>
</iter>
<iter>
<kw name="Get From List" owner="Collections">
<msg time="2024-03-16T06:19:53.837711" level="INFO">${element} = &lt;selenium.webdriver.remote.webelement.WebElement (session="f13df06f1397c01b4039152491e602e9", element="051F47F3AADC918D315CA6ADF6993798_element_21061")&gt;</msg>
<var>${element}</var>
<arg>${list elements}</arg>
<arg>${i}</arg>
<doc>Returns the value specified with an ``index`` from ``list``.</doc>
<status status="PASS" start="2024-03-16T06:19:53.837711" elapsed="0.000000"/>
</kw>
<kw name="Get Text" owner="SeleniumLibrary">
<msg time="2024-03-16T06:19:53.842760" level="INFO">${price_text} = 1,612,474.94 SEK</msg>
<var>${price_text}</var>
<arg>${element}</arg>
<doc>Returns the text value of the element identified by ``locator``.</doc>
<status status="PASS" start="2024-03-16T06:19:53.837711" elapsed="0.005049"/>
</kw>
<kw name="Append To List" owner="Collections">
<arg>${AllPrices}</arg>
<arg>${price_text}</arg>
<doc>Adds ``values`` to the end of ``list``.</doc>
<status status="PASS" start="2024-03-16T06:19:53.843788" elapsed="0.000000"/>
</kw>
<var name="${i}">27</var>
<status status="PASS" start="2024-03-16T06:19:53.837711" elapsed="0.006077"/>
</iter>
<iter>
<kw name="Get From List" owner="Collections">
<msg time="2024-03-16T06:19:53.843788" level="INFO">${element} = &lt;selenium.webdriver.remote.webelement.WebElement (session="f13df06f1397c01b4039152491e602e9", element="051F47F3AADC918D315CA6ADF6993798_element_21122")&gt;</msg>
<var>${element}</var>
<arg>${list elements}</arg>
<arg>${i}</arg>
<doc>Returns the value specified with an ``index`` from ``list``.</doc>
<status status="PASS" start="2024-03-16T06:19:53.843788" elapsed="0.000000"/>
</kw>
<kw name="Get Text" owner="SeleniumLibrary">
<msg time="2024-03-16T06:19:53.849720" level="INFO">${price_text} = 1,612,474.94 SEK</msg>
<var>${price_text}</var>
<arg>${element}</arg>
<doc>Returns the text value of the element identified by ``locator``.</doc>
<status status="PASS" start="2024-03-16T06:19:53.843788" elapsed="0.006947"/>
</kw>
<kw name="Append To List" owner="Collections">
<arg>${AllPrices}</arg>
<arg>${price_text}</arg>
<doc>Adds ``values`` to the end of ``list``.</doc>
<status status="PASS" start="2024-03-16T06:19:53.850735" elapsed="0.000000"/>
</kw>
<var name="${i}">28</var>
<status status="PASS" start="2024-03-16T06:19:53.843788" elapsed="0.006947"/>
</iter>
<iter>
<kw name="Get From List" owner="Collections">
<msg time="2024-03-16T06:19:53.850735" level="INFO">${element} = &lt;selenium.webdriver.remote.webelement.WebElement (session="f13df06f1397c01b4039152491e602e9", element="051F47F3AADC918D315CA6ADF6993798_element_21182")&gt;</msg>
<var>${element}</var>
<arg>${list elements}</arg>
<arg>${i}</arg>
<doc>Returns the value specified with an ``index`` from ``list``.</doc>
<status status="PASS" start="2024-03-16T06:19:53.850735" elapsed="0.000000"/>
</kw>
<kw name="Get Text" owner="SeleniumLibrary">
<msg time="2024-03-16T06:19:53.856732" level="INFO">${price_text} = 47.69 SEK to 1,594,610.08 SEK</msg>
<var>${price_text}</var>
<arg>${element}</arg>
<doc>Returns the text value of the element identified by ``locator``.</doc>
<status status="PASS" start="2024-03-16T06:19:53.850735" elapsed="0.005997"/>
</kw>
<kw name="Append To List" owner="Collections">
<arg>${AllPrices}</arg>
<arg>${price_text}</arg>
<doc>Adds ``values`` to the end of ``list``.</doc>
<status status="PASS" start="2024-03-16T06:19:53.857736" elapsed="0.000000"/>
</kw>
<var name="${i}">29</var>
<status status="PASS" start="2024-03-16T06:19:53.850735" elapsed="0.007001"/>
</iter>
<iter>
<kw name="Get From List" owner="Collections">
<msg time="2024-03-16T06:19:53.857736" level="INFO">${element} = &lt;selenium.webdriver.remote.webelement.WebElement (session="f13df06f1397c01b4039152491e602e9", element="051F47F3AADC918D315CA6ADF6993798_element_21257")&gt;</msg>
<var>${element}</var>
<arg>${list elements}</arg>
<arg>${i}</arg>
<doc>Returns the value specified with an ``index`` from ``list``.</doc>
<status status="PASS" start="2024-03-16T06:19:53.857736" elapsed="0.000000"/>
</kw>
<kw name="Get Text" owner="SeleniumLibrary">
<msg time="2024-03-16T06:19:53.864734" level="INFO">${price_text} = 1,502,065.22 SEK</msg>
<var>${price_text}</var>
<arg>${element}</arg>
<doc>Returns the text value of the element identified by ``locator``.</doc>
<status status="PASS" start="2024-03-16T06:19:53.857736" elapsed="0.006998"/>
</kw>
<kw name="Append To List" owner="Collections">
<arg>${AllPrices}</arg>
<arg>${price_text}</arg>
<doc>Adds ``values`` to the end of ``list``.</doc>
<status status="PASS" start="2024-03-16T06:19:53.864734" elapsed="0.000000"/>
</kw>
<var name="${i}">30</var>
<status status="PASS" start="2024-03-16T06:19:53.857736" elapsed="0.006998"/>
</iter>
<iter>
<kw name="Get From List" owner="Collections">
<msg time="2024-03-16T06:19:53.865735" level="INFO">${element} = &lt;selenium.webdriver.remote.webelement.WebElement (session="f13df06f1397c01b4039152491e602e9", element="051F47F3AADC918D315CA6ADF6993798_element_21332")&gt;</msg>
<var>${element}</var>
<arg>${list elements}</arg>
<arg>${i}</arg>
<doc>Returns the value specified with an ``index`` from ``list``.</doc>
<status status="PASS" start="2024-03-16T06:19:53.864734" elapsed="0.001001"/>
</kw>
<kw name="Get Text" owner="SeleniumLibrary">
<msg time="2024-03-16T06:19:53.870733" level="INFO">${price_text} = 1,502,065.22 SEK</msg>
<var>${price_text}</var>
<arg>${element}</arg>
<doc>Returns the text value of the element identified by ``locator``.</doc>
<status status="PASS" start="2024-03-16T06:19:53.865735" elapsed="0.004998"/>
</kw>
<kw name="Append To List" owner="Collections">
<arg>${AllPrices}</arg>
<arg>${price_text}</arg>
<doc>Adds ``values`` to the end of ``list``.</doc>
<status status="PASS" start="2024-03-16T06:19:53.870733" elapsed="0.001002"/>
</kw>
<var name="${i}">31</var>
<status status="PASS" start="2024-03-16T06:19:53.864734" elapsed="0.007001"/>
</iter>
<iter>
<kw name="Get From List" owner="Collections">
<msg time="2024-03-16T06:19:53.871735" level="INFO">${element} = &lt;selenium.webdriver.remote.webelement.WebElement (session="f13df06f1397c01b4039152491e602e9", element="051F47F3AADC918D315CA6ADF6993798_element_21407")&gt;</msg>
<var>${element}</var>
<arg>${list elements}</arg>
<arg>${i}</arg>
<doc>Returns the value specified with an ``index`` from ``list``.</doc>
<status status="PASS" start="2024-03-16T06:19:53.871735" elapsed="0.000000"/>
</kw>
<kw name="Get Text" owner="SeleniumLibrary">
<msg time="2024-03-16T06:19:53.878745" level="INFO">${price_text} = 1,462,442.92 SEK</msg>
<var>${price_text}</var>
<arg>${element}</arg>
<doc>Returns the text value of the element identified by ``locator``.</doc>
<status status="PASS" start="2024-03-16T06:19:53.871735" elapsed="0.008010"/>
</kw>
<kw name="Append To List" owner="Collections">
<arg>${AllPrices}</arg>
<arg>${price_text}</arg>
<doc>Adds ``values`` to the end of ``list``.</doc>
<status status="PASS" start="2024-03-16T06:19:53.879745" elapsed="0.000000"/>
</kw>
<var name="${i}">32</var>
<status status="PASS" start="2024-03-16T06:19:53.871735" elapsed="0.008010"/>
</iter>
<iter>
<kw name="Get From List" owner="Collections">
<msg time="2024-03-16T06:19:53.879745" level="INFO">${element} = &lt;selenium.webdriver.remote.webelement.WebElement (session="f13df06f1397c01b4039152491e602e9", element="051F47F3AADC918D315CA6ADF6993798_element_21486")&gt;</msg>
<var>${element}</var>
<arg>${list elements}</arg>
<arg>${i}</arg>
<doc>Returns the value specified with an ``index`` from ``list``.</doc>
<status status="PASS" start="2024-03-16T06:19:53.879745" elapsed="0.000000"/>
</kw>
<kw name="Get Text" owner="SeleniumLibrary">
<msg time="2024-03-16T06:19:53.885747" level="INFO">${price_text} = 1,393,888.32 SEK</msg>
<var>${price_text}</var>
<arg>${element}</arg>
<doc>Returns the text value of the element identified by ``locator``.</doc>
<status status="PASS" start="2024-03-16T06:19:53.880743" elapsed="0.005004"/>
</kw>
<kw name="Append To List" owner="Collections">
<arg>${AllPrices}</arg>
<arg>${price_text}</arg>
<doc>Adds ``values`` to the end of ``list``.</doc>
<status status="PASS" start="2024-03-16T06:19:53.886761" elapsed="0.000000"/>
</kw>
<var name="${i}">33</var>
<status status="PASS" start="2024-03-16T06:19:53.879745" elapsed="0.007016"/>
</iter>
<iter>
<kw name="Get From List" owner="Collections">
<msg time="2024-03-16T06:19:53.886761" level="INFO">${element} = &lt;selenium.webdriver.remote.webelement.WebElement (session="f13df06f1397c01b4039152491e602e9", element="051F47F3AADC918D315CA6ADF6993798_element_21561")&gt;</msg>
<var>${element}</var>
<arg>${list elements}</arg>
<arg>${i}</arg>
<doc>Returns the value specified with an ``index`` from ``list``.</doc>
<status status="PASS" start="2024-03-16T06:19:53.886761" elapsed="0.000000"/>
</kw>
<kw name="Get Text" owner="SeleniumLibrary">
<msg time="2024-03-16T06:19:53.892325" level="INFO">${price_text} = 1,293,699.50 SEK</msg>
<var>${price_text}</var>
<arg>${element}</arg>
<doc>Returns the text value of the element identified by ``locator``.</doc>
<status status="PASS" start="2024-03-16T06:19:53.886761" elapsed="0.005564"/>
</kw>
<kw name="Append To List" owner="Collections">
<arg>${AllPrices}</arg>
<arg>${price_text}</arg>
<doc>Adds ``values`` to the end of ``list``.</doc>
<status status="PASS" start="2024-03-16T06:19:53.893338" elapsed="0.000000"/>
</kw>
<var name="${i}">34</var>
<status status="PASS" start="2024-03-16T06:19:53.886761" elapsed="0.006577"/>
</iter>
<iter>
<kw name="Get From List" owner="Collections">
<msg time="2024-03-16T06:19:53.893338" level="INFO">${element} = &lt;selenium.webdriver.remote.webelement.WebElement (session="f13df06f1397c01b4039152491e602e9", element="051F47F3AADC918D315CA6ADF6993798_element_21629")&gt;</msg>
<var>${element}</var>
<arg>${list elements}</arg>
<arg>${i}</arg>
<doc>Returns the value specified with an ``index`` from ``list``.</doc>
<status status="PASS" start="2024-03-16T06:19:53.893338" elapsed="0.000000"/>
</kw>
<kw name="Get Text" owner="SeleniumLibrary">
<msg time="2024-03-16T06:19:53.899836" level="INFO">${price_text} = 1,239,848.74 SEK</msg>
<var>${price_text}</var>
<arg>${element}</arg>
<doc>Returns the text value of the element identified by ``locator``.</doc>
<status status="PASS" start="2024-03-16T06:19:53.893338" elapsed="0.006498"/>
</kw>
<kw name="Append To List" owner="Collections">
<arg>${AllPrices}</arg>
<arg>${price_text}</arg>
<doc>Adds ``values`` to the end of ``list``.</doc>
<status status="PASS" start="2024-03-16T06:19:53.899836" elapsed="0.000000"/>
</kw>
<var name="${i}">35</var>
<status status="PASS" start="2024-03-16T06:19:53.893338" elapsed="0.006498"/>
</iter>
<iter>
<kw name="Get From List" owner="Collections">
<msg time="2024-03-16T06:19:53.900833" level="INFO">${element} = &lt;selenium.webdriver.remote.webelement.WebElement (session="f13df06f1397c01b4039152491e602e9", element="051F47F3AADC918D315CA6ADF6993798_element_21697")&gt;</msg>
<var>${element}</var>
<arg>${list elements}</arg>
<arg>${i}</arg>
<doc>Returns the value specified with an ``index`` from ``list``.</doc>
<status status="PASS" start="2024-03-16T06:19:53.899836" elapsed="0.000997"/>
</kw>
<kw name="Get Text" owner="SeleniumLibrary">
<msg time="2024-03-16T06:19:53.905824" level="INFO">${price_text} = 1,230,151.18 SEK</msg>
<var>${price_text}</var>
<arg>${element}</arg>
<doc>Returns the text value of the element identified by ``locator``.</doc>
<status status="PASS" start="2024-03-16T06:19:53.900833" elapsed="0.004991"/>
</kw>
<kw name="Append To List" owner="Collections">
<arg>${AllPrices}</arg>
<arg>${price_text}</arg>
<doc>Adds ``values`` to the end of ``list``.</doc>
<status status="PASS" start="2024-03-16T06:19:53.906835" elapsed="0.000000"/>
</kw>
<var name="${i}">36</var>
<status status="PASS" start="2024-03-16T06:19:53.899836" elapsed="0.006999"/>
</iter>
<iter>
<kw name="Get From List" owner="Collections">
<msg time="2024-03-16T06:19:53.906835" level="INFO">${element} = &lt;selenium.webdriver.remote.webelement.WebElement (session="f13df06f1397c01b4039152491e602e9", element="051F47F3AADC918D315CA6ADF6993798_element_21772")&gt;</msg>
<var>${element}</var>
<arg>${list elements}</arg>
<arg>${i}</arg>
<doc>Returns the value specified with an ``index`` from ``list``.</doc>
<status status="PASS" start="2024-03-16T06:19:53.906835" elapsed="0.000000"/>
</kw>
<kw name="Get Text" owner="SeleniumLibrary">
<msg time="2024-03-16T06:19:53.913824" level="INFO">${price_text} = 1,126,610.11 SEK</msg>
<var>${price_text}</var>
<arg>${element}</arg>
<doc>Returns the text value of the element identified by ``locator``.</doc>
<status status="PASS" start="2024-03-16T06:19:53.906835" elapsed="0.006989"/>
</kw>
<kw name="Append To List" owner="Collections">
<arg>${AllPrices}</arg>
<arg>${price_text}</arg>
<doc>Adds ``values`` to the end of ``list``.</doc>
<status status="PASS" start="2024-03-16T06:19:53.913824" elapsed="0.000000"/>
</kw>
<var name="${i}">37</var>
<status status="PASS" start="2024-03-16T06:19:53.906835" elapsed="0.008002"/>
</iter>
<iter>
<kw name="Get From List" owner="Collections">
<msg time="2024-03-16T06:19:53.914837" level="INFO">${element} = &lt;selenium.webdriver.remote.webelement.WebElement (session="f13df06f1397c01b4039152491e602e9", element="051F47F3AADC918D315CA6ADF6993798_element_21844")&gt;</msg>
<var>${element}</var>
<arg>${list elements}</arg>
<arg>${i}</arg>
<doc>Returns the value specified with an ``index`` from ``list``.</doc>
<status status="PASS" start="2024-03-16T06:19:53.914837" elapsed="0.000000"/>
</kw>
<kw name="Get Text" owner="SeleniumLibrary">
<msg time="2024-03-16T06:19:53.920824" level="INFO">${price_text} = 1,124,944.84 SEK</msg>
<var>${price_text}</var>
<arg>${element}</arg>
<doc>Returns the text value of the element identified by ``locator``.</doc>
<status status="PASS" start="2024-03-16T06:19:53.914837" elapsed="0.005987"/>
</kw>
<kw name="Append To List" owner="Collections">
<arg>${AllPrices}</arg>
<arg>${price_text}</arg>
<doc>Adds ``values`` to the end of ``list``.</doc>
<status status="PASS" start="2024-03-16T06:19:53.920824" elapsed="0.000000"/>
</kw>
<var name="${i}">38</var>
<status status="PASS" start="2024-03-16T06:19:53.914837" elapsed="0.005987"/>
</iter>
<iter>
<kw name="Get From List" owner="Collections">
<msg time="2024-03-16T06:19:53.921833" level="INFO">${element} = &lt;selenium.webdriver.remote.webelement.WebElement (session="f13df06f1397c01b4039152491e602e9", element="051F47F3AADC918D315CA6ADF6993798_element_21905")&gt;</msg>
<var>${element}</var>
<arg>${list elements}</arg>
<arg>${i}</arg>
<doc>Returns the value specified with an ``index`` from ``list``.</doc>
<status status="PASS" start="2024-03-16T06:19:53.921833" elapsed="0.000000"/>
</kw>
<kw name="Get Text" owner="SeleniumLibrary">
<msg time="2024-03-16T06:19:53.926824" level="INFO">${price_text} = 1,124,944.84 SEK</msg>
<var>${price_text}</var>
<arg>${element}</arg>
<doc>Returns the text value of the element identified by ``locator``.</doc>
<status status="PASS" start="2024-03-16T06:19:53.921833" elapsed="0.004991"/>
</kw>
<kw name="Append To List" owner="Collections">
<arg>${AllPrices}</arg>
<arg>${price_text}</arg>
<doc>Adds ``values`` to the end of ``list``.</doc>
<status status="PASS" start="2024-03-16T06:19:53.927824" elapsed="0.000000"/>
</kw>
<var name="${i}">39</var>
<status status="PASS" start="2024-03-16T06:19:53.920824" elapsed="0.007000"/>
</iter>
<iter>
<kw name="Get From List" owner="Collections">
<msg time="2024-03-16T06:19:53.927824" level="INFO">${element} = &lt;selenium.webdriver.remote.webelement.WebElement (session="f13df06f1397c01b4039152491e602e9", element="051F47F3AADC918D315CA6ADF6993798_element_21966")&gt;</msg>
<var>${element}</var>
<arg>${list elements}</arg>
<arg>${i}</arg>
<doc>Returns the value specified with an ``index`` from ``list``.</doc>
<status status="PASS" start="2024-03-16T06:19:53.927824" elapsed="0.000000"/>
</kw>
<kw name="Get Text" owner="SeleniumLibrary">
<msg time="2024-03-16T06:19:53.933824" level="INFO">${price_text} = 1,124,944.84 SEK</msg>
<var>${price_text}</var>
<arg>${element}</arg>
<doc>Returns the text value of the element identified by ``locator``.</doc>
<status status="PASS" start="2024-03-16T06:19:53.927824" elapsed="0.006000"/>
</kw>
<kw name="Append To List" owner="Collections">
<arg>${AllPrices}</arg>
<arg>${price_text}</arg>
<doc>Adds ``values`` to the end of ``list``.</doc>
<status status="PASS" start="2024-03-16T06:19:53.933824" elapsed="0.001011"/>
</kw>
<var name="${i}">40</var>
<status status="PASS" start="2024-03-16T06:19:53.927824" elapsed="0.007011"/>
</iter>
<iter>
<kw name="Get From List" owner="Collections">
<msg time="2024-03-16T06:19:53.935823" level="INFO">${element} = &lt;selenium.webdriver.remote.webelement.WebElement (session="f13df06f1397c01b4039152491e602e9", element="051F47F3AADC918D315CA6ADF6993798_element_22027")&gt;</msg>
<var>${element}</var>
<arg>${list elements}</arg>
<arg>${i}</arg>
<doc>Returns the value specified with an ``index`` from ``list``.</doc>
<status status="PASS" start="2024-03-16T06:19:53.934835" elapsed="0.000988"/>
</kw>
<kw name="Get Text" owner="SeleniumLibrary">
<msg time="2024-03-16T06:19:53.941833" level="INFO">${price_text} = 1,124,944.84 SEK</msg>
<var>${price_text}</var>
<arg>${element}</arg>
<doc>Returns the text value of the element identified by ``locator``.</doc>
<status status="PASS" start="2024-03-16T06:19:53.935823" elapsed="0.006010"/>
</kw>
<kw name="Append To List" owner="Collections">
<arg>${AllPrices}</arg>
<arg>${price_text}</arg>
<doc>Adds ``values`` to the end of ``list``.</doc>
<status status="PASS" start="2024-03-16T06:19:53.942837" elapsed="0.000000"/>
</kw>
<var name="${i}">41</var>
<status status="PASS" start="2024-03-16T06:19:53.934835" elapsed="0.008002"/>
</iter>
<iter>
<kw name="Get From List" owner="Collections">
<msg time="2024-03-16T06:19:53.942837" level="INFO">${element} = &lt;selenium.webdriver.remote.webelement.WebElement (session="f13df06f1397c01b4039152491e602e9", element="051F47F3AADC918D315CA6ADF6993798_element_22088")&gt;</msg>
<var>${element}</var>
<arg>${list elements}</arg>
<arg>${i}</arg>
<doc>Returns the value specified with an ``index`` from ``list``.</doc>
<status status="PASS" start="2024-03-16T06:19:53.942837" elapsed="0.000000"/>
</kw>
<kw name="Get Text" owner="SeleniumLibrary">
<msg time="2024-03-16T06:19:53.966019" level="INFO">${price_text} = 280.68 SEK</msg>
<var>${price_text}</var>
<arg>${element}</arg>
<doc>Returns the text value of the element identified by ``locator``.</doc>
<status status="PASS" start="2024-03-16T06:19:53.942837" elapsed="0.023182"/>
</kw>
<kw name="Append To List" owner="Collections">
<arg>${AllPrices}</arg>
<arg>${price_text}</arg>
<doc>Adds ``values`` to the end of ``list``.</doc>
<status status="PASS" start="2024-03-16T06:19:53.967029" elapsed="0.000000"/>
</kw>
<var name="${i}">42</var>
<status status="PASS" start="2024-03-16T06:19:53.942837" elapsed="0.024192"/>
</iter>
<iter>
<kw name="Get From List" owner="Collections">
<msg time="2024-03-16T06:19:53.967029" level="INFO">${element} = &lt;selenium.webdriver.remote.webelement.WebElement (session="f13df06f1397c01b4039152491e602e9", element="051F47F3AADC918D315CA6ADF6993798_element_22152")&gt;</msg>
<var>${element}</var>
<arg>${list elements}</arg>
<arg>${i}</arg>
<doc>Returns the value specified with an ``index`` from ``list``.</doc>
<status status="PASS" start="2024-03-16T06:19:53.967029" elapsed="0.000000"/>
</kw>
<kw name="Get Text" owner="SeleniumLibrary">
<msg time="2024-03-16T06:19:53.977921" level="INFO">${price_text} = 280.68 SEK</msg>
<var>${price_text}</var>
<arg>${element}</arg>
<doc>Returns the text value of the element identified by ``locator``.</doc>
<status status="PASS" start="2024-03-16T06:19:53.967029" elapsed="0.010892"/>
</kw>
<kw name="Append To List" owner="Collections">
<arg>${AllPrices}</arg>
<arg>${price_text}</arg>
<doc>Adds ``values`` to the end of ``list``.</doc>
<status status="PASS" start="2024-03-16T06:19:53.977921" elapsed="0.001054"/>
</kw>
<var name="${i}">43</var>
<status status="PASS" start="2024-03-16T06:19:53.967029" elapsed="0.011946"/>
</iter>
<iter>
<kw name="Get From List" owner="Collections">
<msg time="2024-03-16T06:19:53.978975" level="INFO">${element} = &lt;selenium.webdriver.remote.webelement.WebElement (session="f13df06f1397c01b4039152491e602e9", element="051F47F3AADC918D315CA6ADF6993798_element_22216")&gt;</msg>
<var>${element}</var>
<arg>${list elements}</arg>
<arg>${i}</arg>
<doc>Returns the value specified with an ``index`` from ``list``.</doc>
<status status="PASS" start="2024-03-16T06:19:53.978975" elapsed="0.000000"/>
</kw>
<kw name="Get Text" owner="SeleniumLibrary">
<msg time="2024-03-16T06:19:53.989872" level="INFO">${price_text} = 280.68 SEK</msg>
<var>${price_text}</var>
<arg>${element}</arg>
<doc>Returns the text value of the element identified by ``locator``.</doc>
<status status="PASS" start="2024-03-16T06:19:53.979885" elapsed="0.009987"/>
</kw>
<kw name="Append To List" owner="Collections">
<arg>${AllPrices}</arg>
<arg>${price_text}</arg>
<doc>Adds ``values`` to the end of ``list``.</doc>
<status status="PASS" start="2024-03-16T06:19:53.989872" elapsed="0.001001"/>
</kw>
<var name="${i}">44</var>
<status status="PASS" start="2024-03-16T06:19:53.978975" elapsed="0.011898"/>
</iter>
<iter>
<kw name="Get From List" owner="Collections">
<msg time="2024-03-16T06:19:53.990873" level="INFO">${element} = &lt;selenium.webdriver.remote.webelement.WebElement (session="f13df06f1397c01b4039152491e602e9", element="051F47F3AADC918D315CA6ADF6993798_element_22280")&gt;</msg>
<var>${element}</var>
<arg>${list elements}</arg>
<arg>${i}</arg>
<doc>Returns the value specified with an ``index`` from ``list``.</doc>
<status status="PASS" start="2024-03-16T06:19:53.990873" elapsed="0.000000"/>
</kw>
<kw name="Get Text" owner="SeleniumLibrary">
<msg time="2024-03-16T06:19:53.999873" level="INFO">${price_text} = 280.68 SEK</msg>
<var>${price_text}</var>
<arg>${element}</arg>
<doc>Returns the text value of the element identified by ``locator``.</doc>
<status status="PASS" start="2024-03-16T06:19:53.990873" elapsed="0.009000"/>
</kw>
<kw name="Append To List" owner="Collections">
<arg>${AllPrices}</arg>
<arg>${price_text}</arg>
<doc>Adds ``values`` to the end of ``list``.</doc>
<status status="PASS" start="2024-03-16T06:19:53.999873" elapsed="0.000000"/>
</kw>
<var name="${i}">45</var>
<status status="PASS" start="2024-03-16T06:19:53.990873" elapsed="0.009000"/>
</iter>
<iter>
<kw name="Get From List" owner="Collections">
<msg time="2024-03-16T06:19:54.000872" level="INFO">${element} = &lt;selenium.webdriver.remote.webelement.WebElement (session="f13df06f1397c01b4039152491e602e9", element="051F47F3AADC918D315CA6ADF6993798_element_22348")&gt;</msg>
<var>${element}</var>
<arg>${list elements}</arg>
<arg>${i}</arg>
<doc>Returns the value specified with an ``index`` from ``list``.</doc>
<status status="PASS" start="2024-03-16T06:19:54.000872" elapsed="0.000000"/>
</kw>
<kw name="Get Text" owner="SeleniumLibrary">
<msg time="2024-03-16T06:19:54.008871" level="INFO">${price_text} = 280.68 SEK</msg>
<var>${price_text}</var>
<arg>${element}</arg>
<doc>Returns the text value of the element identified by ``locator``.</doc>
<status status="PASS" start="2024-03-16T06:19:54.000872" elapsed="0.007999"/>
</kw>
<kw name="Append To List" owner="Collections">
<arg>${AllPrices}</arg>
<arg>${price_text}</arg>
<doc>Adds ``values`` to the end of ``list``.</doc>
<status status="PASS" start="2024-03-16T06:19:54.008871" elapsed="0.001000"/>
</kw>
<var name="${i}">46</var>
<status status="PASS" start="2024-03-16T06:19:54.000872" elapsed="0.008999"/>
</iter>
<iter>
<kw name="Get From List" owner="Collections">
<msg time="2024-03-16T06:19:54.009871" level="INFO">${element} = &lt;selenium.webdriver.remote.webelement.WebElement (session="f13df06f1397c01b4039152491e602e9", element="051F47F3AADC918D315CA6ADF6993798_element_22412")&gt;</msg>
<var>${element}</var>
<arg>${list elements}</arg>
<arg>${i}</arg>
<doc>Returns the value specified with an ``index`` from ``list``.</doc>
<status status="PASS" start="2024-03-16T06:19:54.009871" elapsed="0.000000"/>
</kw>
<kw name="Get Text" owner="SeleniumLibrary">
<msg time="2024-03-16T06:19:54.018276" level="INFO">${price_text} = 280.68 SEK</msg>
<var>${price_text}</var>
<arg>${element}</arg>
<doc>Returns the text value of the element identified by ``locator``.</doc>
<status status="PASS" start="2024-03-16T06:19:54.009871" elapsed="0.008405"/>
</kw>
<kw name="Append To List" owner="Collections">
<arg>${AllPrices}</arg>
<arg>${price_text}</arg>
<doc>Adds ``values`` to the end of ``list``.</doc>
<status status="PASS" start="2024-03-16T06:19:54.019347" elapsed="0.000000"/>
</kw>
<var name="${i}">47</var>
<status status="PASS" start="2024-03-16T06:19:54.009871" elapsed="0.009476"/>
</iter>
<iter>
<kw name="Get From List" owner="Collections">
<msg time="2024-03-16T06:19:54.019347" level="INFO">${element} = &lt;selenium.webdriver.remote.webelement.WebElement (session="f13df06f1397c01b4039152491e602e9", element="051F47F3AADC918D315CA6ADF6993798_element_22476")&gt;</msg>
<var>${element}</var>
<arg>${list elements}</arg>
<arg>${i}</arg>
<doc>Returns the value specified with an ``index`` from ``list``.</doc>
<status status="PASS" start="2024-03-16T06:19:54.019347" elapsed="0.000000"/>
</kw>
<kw name="Get Text" owner="SeleniumLibrary">
<msg time="2024-03-16T06:19:54.025274" level="INFO">${price_text} = 280.68 SEK</msg>
<var>${price_text}</var>
<arg>${element}</arg>
<doc>Returns the text value of the element identified by ``locator``.</doc>
<status status="PASS" start="2024-03-16T06:19:54.019347" elapsed="0.005927"/>
</kw>
<kw name="Append To List" owner="Collections">
<arg>${AllPrices}</arg>
<arg>${price_text}</arg>
<doc>Adds ``values`` to the end of ``list``.</doc>
<status status="PASS" start="2024-03-16T06:19:54.025274" elapsed="0.000000"/>
</kw>
<var name="${i}">48</var>
<status status="PASS" start="2024-03-16T06:19:54.019347" elapsed="0.005927"/>
</iter>
<iter>
<kw name="Get From List" owner="Collections">
<msg time="2024-03-16T06:19:54.026285" level="INFO">${element} = &lt;selenium.webdriver.remote.webelement.WebElement (session="f13df06f1397c01b4039152491e602e9", element="051F47F3AADC918D315CA6ADF6993798_element_22540")&gt;</msg>
<var>${element}</var>
<arg>${list elements}</arg>
<arg>${i}</arg>
<doc>Returns the value specified with an ``index`` from ``list``.</doc>
<status status="PASS" start="2024-03-16T06:19:54.026285" elapsed="0.000000"/>
</kw>
<kw name="Get Text" owner="SeleniumLibrary">
<msg time="2024-03-16T06:19:54.033274" level="INFO">${price_text} = 280.68 SEK</msg>
<var>${price_text}</var>
<arg>${element}</arg>
<doc>Returns the text value of the element identified by ``locator``.</doc>
<status status="PASS" start="2024-03-16T06:19:54.026285" elapsed="0.006989"/>
</kw>
<kw name="Append To List" owner="Collections">
<arg>${AllPrices}</arg>
<arg>${price_text}</arg>
<doc>Adds ``values`` to the end of ``list``.</doc>
<status status="PASS" start="2024-03-16T06:19:54.034287" elapsed="0.000000"/>
</kw>
<var name="${i}">49</var>
<status status="PASS" start="2024-03-16T06:19:54.026285" elapsed="0.008002"/>
</iter>
<iter>
<kw name="Get From List" owner="Collections">
<msg time="2024-03-16T06:19:54.034287" level="INFO">${element} = &lt;selenium.webdriver.remote.webelement.WebElement (session="f13df06f1397c01b4039152491e602e9", element="051F47F3AADC918D315CA6ADF6993798_element_22604")&gt;</msg>
<var>${element}</var>
<arg>${list elements}</arg>
<arg>${i}</arg>
<doc>Returns the value specified with an ``index`` from ``list``.</doc>
<status status="PASS" start="2024-03-16T06:19:54.034287" elapsed="0.000000"/>
</kw>
<kw name="Get Text" owner="SeleniumLibrary">
<msg time="2024-03-16T06:19:54.041286" level="INFO">${price_text} = 224.88 SEK</msg>
<var>${price_text}</var>
<arg>${element}</arg>
<doc>Returns the text value of the element identified by ``locator``.</doc>
<status status="PASS" start="2024-03-16T06:19:54.034287" elapsed="0.006999"/>
</kw>
<kw name="Append To List" owner="Collections">
<arg>${AllPrices}</arg>
<arg>${price_text}</arg>
<doc>Adds ``values`` to the end of ``list``.</doc>
<status status="PASS" start="2024-03-16T06:19:54.041286" elapsed="0.000000"/>
</kw>
<var name="${i}">50</var>
<status status="PASS" start="2024-03-16T06:19:54.034287" elapsed="0.006999"/>
</iter>
<iter>
<kw name="Get From List" owner="Collections">
<msg time="2024-03-16T06:19:54.041286" level="INFO">${element} = &lt;selenium.webdriver.remote.webelement.WebElement (session="f13df06f1397c01b4039152491e602e9", element="051F47F3AADC918D315CA6ADF6993798_element_22668")&gt;</msg>
<var>${element}</var>
<arg>${list elements}</arg>
<arg>${i}</arg>
<doc>Returns the value specified with an ``index`` from ``list``.</doc>
<status status="PASS" start="2024-03-16T06:19:54.041286" elapsed="0.000000"/>
</kw>
<kw name="Get Text" owner="SeleniumLibrary">
<msg time="2024-03-16T06:19:54.048287" level="INFO">${price_text} = 224.88 SEK</msg>
<var>${price_text}</var>
<arg>${element}</arg>
<doc>Returns the text value of the element identified by ``locator``.</doc>
<status status="PASS" start="2024-03-16T06:19:54.042283" elapsed="0.006004"/>
</kw>
<kw name="Append To List" owner="Collections">
<arg>${AllPrices}</arg>
<arg>${price_text}</arg>
<doc>Adds ``values`` to the end of ``list``.</doc>
<status status="PASS" start="2024-03-16T06:19:54.048287" elapsed="0.000000"/>
</kw>
<var name="${i}">51</var>
<status status="PASS" start="2024-03-16T06:19:54.041286" elapsed="0.007001"/>
</iter>
<iter>
<kw name="Get From List" owner="Collections">
<msg time="2024-03-16T06:19:54.049283" level="INFO">${element} = &lt;selenium.webdriver.remote.webelement.WebElement (session="f13df06f1397c01b4039152491e602e9", element="051F47F3AADC918D315CA6ADF6993798_element_22732")&gt;</msg>
<var>${element}</var>
<arg>${list elements}</arg>
<arg>${i}</arg>
<doc>Returns the value specified with an ``index`` from ``list``.</doc>
<status status="PASS" start="2024-03-16T06:19:54.048287" elapsed="0.000996"/>
</kw>
<kw name="Get Text" owner="SeleniumLibrary">
<msg time="2024-03-16T06:19:54.054274" level="INFO">${price_text} = 168.18 SEK</msg>
<var>${price_text}</var>
<arg>${element}</arg>
<doc>Returns the text value of the element identified by ``locator``.</doc>
<status status="PASS" start="2024-03-16T06:19:54.049283" elapsed="0.004991"/>
</kw>
<kw name="Append To List" owner="Collections">
<arg>${AllPrices}</arg>
<arg>${price_text}</arg>
<doc>Adds ``values`` to the end of ``list``.</doc>
<status status="PASS" start="2024-03-16T06:19:54.055286" elapsed="0.000000"/>
</kw>
<var name="${i}">52</var>
<status status="PASS" start="2024-03-16T06:19:54.048287" elapsed="0.006999"/>
</iter>
<iter>
<kw name="Get From List" owner="Collections">
<msg time="2024-03-16T06:19:54.055286" level="INFO">${element} = &lt;selenium.webdriver.remote.webelement.WebElement (session="f13df06f1397c01b4039152491e602e9", element="051F47F3AADC918D315CA6ADF6993798_element_22796")&gt;</msg>
<var>${element}</var>
<arg>${list elements}</arg>
<arg>${i}</arg>
<doc>Returns the value specified with an ``index`` from ``list``.</doc>
<status status="PASS" start="2024-03-16T06:19:54.055286" elapsed="0.000000"/>
</kw>
<kw name="Get Text" owner="SeleniumLibrary">
<msg time="2024-03-16T06:19:54.061274" level="INFO">${price_text} = 145.68 SEK</msg>
<var>${price_text}</var>
<arg>${element}</arg>
<doc>Returns the text value of the element identified by ``locator``.</doc>
<status status="PASS" start="2024-03-16T06:19:54.055286" elapsed="0.005988"/>
</kw>
<kw name="Append To List" owner="Collections">
<arg>${AllPrices}</arg>
<arg>${price_text}</arg>
<doc>Adds ``values`` to the end of ``list``.</doc>
<status status="PASS" start="2024-03-16T06:19:54.061274" elapsed="0.001014"/>
</kw>
<var name="${i}">53</var>
<status status="PASS" start="2024-03-16T06:19:54.055286" elapsed="0.007002"/>
</iter>
<iter>
<kw name="Get From List" owner="Collections">
<msg time="2024-03-16T06:19:54.063285" level="INFO">${element} = &lt;selenium.webdriver.remote.webelement.WebElement (session="f13df06f1397c01b4039152491e602e9", element="051F47F3AADC918D315CA6ADF6993798_element_22864")&gt;</msg>
<var>${element}</var>
<arg>${list elements}</arg>
<arg>${i}</arg>
<doc>Returns the value specified with an ``index`` from ``list``.</doc>
<status status="PASS" start="2024-03-16T06:19:54.062288" elapsed="0.000997"/>
</kw>
<kw name="Get Text" owner="SeleniumLibrary">
<msg time="2024-03-16T06:19:54.070038" level="INFO">${price_text} = 145.68 SEK</msg>
<var>${price_text}</var>
<arg>${element}</arg>
<doc>Returns the text value of the element identified by ``locator``.</doc>
<status status="PASS" start="2024-03-16T06:19:54.063285" elapsed="0.006753"/>
</kw>
<kw name="Append To List" owner="Collections">
<arg>${AllPrices}</arg>
<arg>${price_text}</arg>
<doc>Adds ``values`` to the end of ``list``.</doc>
<status status="PASS" start="2024-03-16T06:19:54.070038" elapsed="0.001000"/>
</kw>
<var name="${i}">54</var>
<status status="PASS" start="2024-03-16T06:19:54.062288" elapsed="0.008750"/>
</iter>
<iter>
<kw name="Get From List" owner="Collections">
<msg time="2024-03-16T06:19:54.072037" level="INFO">${element} = &lt;selenium.webdriver.remote.webelement.WebElement (session="f13df06f1397c01b4039152491e602e9", element="051F47F3AADC918D315CA6ADF6993798_element_22928")&gt;</msg>
<var>${element}</var>
<arg>${list elements}</arg>
<arg>${i}</arg>
<doc>Returns the value specified with an ``index`` from ``list``.</doc>
<status status="PASS" start="2024-03-16T06:19:54.071038" elapsed="0.000999"/>
</kw>
<kw name="Get Text" owner="SeleniumLibrary">
<msg time="2024-03-16T06:19:54.082173" level="INFO">${price_text} = 145.68 SEK</msg>
<var>${price_text}</var>
<arg>${element}</arg>
<doc>Returns the text value of the element identified by ``locator``.</doc>
<status status="PASS" start="2024-03-16T06:19:54.072037" elapsed="0.010136"/>
</kw>
<kw name="Append To List" owner="Collections">
<arg>${AllPrices}</arg>
<arg>${price_text}</arg>
<doc>Adds ``values`` to the end of ``list``.</doc>
<status status="PASS" start="2024-03-16T06:19:54.082173" elapsed="0.000000"/>
</kw>
<var name="${i}">55</var>
<status status="PASS" start="2024-03-16T06:19:54.071038" elapsed="0.011135"/>
</iter>
<iter>
<kw name="Get From List" owner="Collections">
<msg time="2024-03-16T06:19:54.083178" level="INFO">${element} = &lt;selenium.webdriver.remote.webelement.WebElement (session="f13df06f1397c01b4039152491e602e9", element="051F47F3AADC918D315CA6ADF6993798_element_22996")&gt;</msg>
<var>${element}</var>
<arg>${list elements}</arg>
<arg>${i}</arg>
<doc>Returns the value specified with an ``index`` from ``list``.</doc>
<status status="PASS" start="2024-03-16T06:19:54.083178" elapsed="0.000000"/>
</kw>
<kw name="Get Text" owner="SeleniumLibrary">
<msg time="2024-03-16T06:19:54.089827" level="INFO">${price_text} = 112.50 SEK</msg>
<var>${price_text}</var>
<arg>${element}</arg>
<doc>Returns the text value of the element identified by ``locator``.</doc>
<status status="PASS" start="2024-03-16T06:19:54.083178" elapsed="0.006649"/>
</kw>
<kw name="Append To List" owner="Collections">
<arg>${AllPrices}</arg>
<arg>${price_text}</arg>
<doc>Adds ``values`` to the end of ``list``.</doc>
<status status="PASS" start="2024-03-16T06:19:54.089827" elapsed="0.000000"/>
</kw>
<var name="${i}">56</var>
<status status="PASS" start="2024-03-16T06:19:54.082173" elapsed="0.007654"/>
</iter>
<iter>
<kw name="Get From List" owner="Collections">
<msg time="2024-03-16T06:19:54.089827" level="INFO">${element} = &lt;selenium.webdriver.remote.webelement.WebElement (session="f13df06f1397c01b4039152491e602e9", element="051F47F3AADC918D315CA6ADF6993798_element_25048")&gt;</msg>
<var>${element}</var>
<arg>${list elements}</arg>
<arg>${i}</arg>
<doc>Returns the value specified with an ``index`` from ``list``.</doc>
<status status="PASS" start="2024-03-16T06:19:54.089827" elapsed="0.001000"/>
</kw>
<kw name="Get Text" owner="SeleniumLibrary">
<msg time="2024-03-16T06:19:54.096828" level="INFO">${price_text} = 55.69 SEK</msg>
<var>${price_text}</var>
<arg>${element}</arg>
<doc>Returns the text value of the element identified by ``locator``.</doc>
<status status="PASS" start="2024-03-16T06:19:54.090827" elapsed="0.006001"/>
</kw>
<kw name="Append To List" owner="Collections">
<arg>${AllPrices}</arg>
<arg>${price_text}</arg>
<doc>Adds ``values`` to the end of ``list``.</doc>
<status status="PASS" start="2024-03-16T06:19:54.096828" elapsed="0.000000"/>
</kw>
<var name="${i}">57</var>
<status status="PASS" start="2024-03-16T06:19:54.089827" elapsed="0.007001"/>
</iter>
<iter>
<kw name="Get From List" owner="Collections">
<msg time="2024-03-16T06:19:54.097830" level="INFO">${element} = &lt;selenium.webdriver.remote.webelement.WebElement (session="f13df06f1397c01b4039152491e602e9", element="051F47F3AADC918D315CA6ADF6993798_element_25001")&gt;</msg>
<var>${element}</var>
<arg>${list elements}</arg>
<arg>${i}</arg>
<doc>Returns the value specified with an ``index`` from ``list``.</doc>
<status status="PASS" start="2024-03-16T06:19:54.096828" elapsed="0.001002"/>
</kw>
<kw name="Get Text" owner="SeleniumLibrary">
<msg time="2024-03-16T06:19:54.102718" level="INFO">${price_text} = 1,123,952.52 SEK</msg>
<var>${price_text}</var>
<arg>${element}</arg>
<doc>Returns the text value of the element identified by ``locator``.</doc>
<status status="PASS" start="2024-03-16T06:19:54.097830" elapsed="0.004888"/>
</kw>
<kw name="Append To List" owner="Collections">
<arg>${AllPrices}</arg>
<arg>${price_text}</arg>
<doc>Adds ``values`` to the end of ``list``.</doc>
<status status="PASS" start="2024-03-16T06:19:54.103746" elapsed="0.000000"/>
</kw>
<var name="${i}">58</var>
<status status="PASS" start="2024-03-16T06:19:54.096828" elapsed="0.006918"/>
</iter>
<iter>
<kw name="Get From List" owner="Collections">
<msg time="2024-03-16T06:19:54.103746" level="INFO">${element} = &lt;selenium.webdriver.remote.webelement.WebElement (session="f13df06f1397c01b4039152491e602e9", element="051F47F3AADC918D315CA6ADF6993798_element_24929")&gt;</msg>
<var>${element}</var>
<arg>${list elements}</arg>
<arg>${i}</arg>
<doc>Returns the value specified with an ``index`` from ``list``.</doc>
<status status="PASS" start="2024-03-16T06:19:54.103746" elapsed="0.000000"/>
</kw>
<kw name="Get Text" owner="SeleniumLibrary">
<msg time="2024-03-16T06:19:54.109732" level="INFO">${price_text} = 1,049,227.98 SEK</msg>
<var>${price_text}</var>
<arg>${element}</arg>
<doc>Returns the text value of the element identified by ``locator``.</doc>
<status status="PASS" start="2024-03-16T06:19:54.103746" elapsed="0.005986"/>
</kw>
<kw name="Append To List" owner="Collections">
<arg>${AllPrices}</arg>
<arg>${price_text}</arg>
<doc>Adds ``values`` to the end of ``list``.</doc>
<status status="PASS" start="2024-03-16T06:19:54.109732" elapsed="0.000000"/>
</kw>
<var name="${i}">59</var>
<status status="PASS" start="2024-03-16T06:19:54.103746" elapsed="0.005986"/>
</iter>
<iter>
<kw name="Get From List" owner="Collections">
<msg time="2024-03-16T06:19:54.110744" level="INFO">${element} = &lt;selenium.webdriver.remote.webelement.WebElement (session="f13df06f1397c01b4039152491e602e9", element="051F47F3AADC918D315CA6ADF6993798_element_24857")&gt;</msg>
<var>${element}</var>
<arg>${list elements}</arg>
<arg>${i}</arg>
<doc>Returns the value specified with an ``index`` from ``list``.</doc>
<status status="PASS" start="2024-03-16T06:19:54.110744" elapsed="0.000000"/>
</kw>
<kw name="Get Text" owner="SeleniumLibrary">
<msg time="2024-03-16T06:19:54.117157" level="INFO">${price_text} = 1,072,973.67 SEK</msg>
<var>${price_text}</var>
<arg>${element}</arg>
<doc>Returns the text value of the element identified by ``locator``.</doc>
<status status="PASS" start="2024-03-16T06:19:54.110744" elapsed="0.006413"/>
</kw>
<kw name="Append To List" owner="Collections">
<arg>${AllPrices}</arg>
<arg>${price_text}</arg>
<doc>Adds ``values`` to the end of ``list``.</doc>
<status status="PASS" start="2024-03-16T06:19:54.117157" elapsed="0.000000"/>
</kw>
<var name="${i}">60</var>
<status status="PASS" start="2024-03-16T06:19:54.110744" elapsed="0.006413"/>
</iter>
<iter>
<kw name="Get From List" owner="Collections">
<msg time="2024-03-16T06:19:54.118154" level="INFO">${element} = &lt;selenium.webdriver.remote.webelement.WebElement (session="f13df06f1397c01b4039152491e602e9", element="051F47F3AADC918D315CA6ADF6993798_element_23900")&gt;</msg>
<var>${element}</var>
<arg>${list elements}</arg>
<arg>${i}</arg>
<doc>Returns the value specified with an ``index`` from ``list``.</doc>
<status status="PASS" start="2024-03-16T06:19:54.117157" elapsed="0.000997"/>
</kw>
<kw name="Get Text" owner="SeleniumLibrary">
<msg time="2024-03-16T06:19:54.123144" level="INFO">${price_text} = 165.31 SEK</msg>
<var>${price_text}</var>
<arg>${element}</arg>
<doc>Returns the text value of the element identified by ``locator``.</doc>
<status status="PASS" start="2024-03-16T06:19:54.118154" elapsed="0.004990"/>
</kw>
<kw name="Append To List" owner="Collections">
<arg>${AllPrices}</arg>
<arg>${price_text}</arg>
<doc>Adds ``values`` to the end of ``list``.</doc>
<status status="PASS" start="2024-03-16T06:19:54.124158" elapsed="0.000000"/>
</kw>
<var name="${i}">61</var>
<status status="PASS" start="2024-03-16T06:19:54.117157" elapsed="0.007001"/>
</iter>
<iter>
<kw name="Get From List" owner="Collections">
<msg time="2024-03-16T06:19:54.124158" level="INFO">${element} = &lt;selenium.webdriver.remote.webelement.WebElement (session="f13df06f1397c01b4039152491e602e9", element="051F47F3AADC918D315CA6ADF6993798_element_23935")&gt;</msg>
<var>${element}</var>
<arg>${list elements}</arg>
<arg>${i}</arg>
<doc>Returns the value specified with an ``index`` from ``list``.</doc>
<status status="PASS" start="2024-03-16T06:19:54.124158" elapsed="0.000000"/>
</kw>
<kw name="Get Text" owner="SeleniumLibrary">
<msg time="2024-03-16T06:19:54.131158" level="INFO">${price_text} = 55.69 SEK</msg>
<var>${price_text}</var>
<arg>${element}</arg>
<doc>Returns the text value of the element identified by ``locator``.</doc>
<status status="PASS" start="2024-03-16T06:19:54.124158" elapsed="0.007000"/>
</kw>
<kw name="Append To List" owner="Collections">
<arg>${AllPrices}</arg>
<arg>${price_text}</arg>
<doc>Adds ``values`` to the end of ``list``.</doc>
<status status="PASS" start="2024-03-16T06:19:54.131158" elapsed="0.000000"/>
</kw>
<var name="${i}">62</var>
<status status="PASS" start="2024-03-16T06:19:54.124158" elapsed="0.007000"/>
</iter>
<iter>
<kw name="Get From List" owner="Collections">
<msg time="2024-03-16T06:19:54.131158" level="INFO">${element} = &lt;selenium.webdriver.remote.webelement.WebElement (session="f13df06f1397c01b4039152491e602e9", element="051F47F3AADC918D315CA6ADF6993798_element_23982")&gt;</msg>
[...]
<var>${price_text}</var>
<arg>${element}</arg>
<doc>Returns the text value of the element identified by ``locator``.</doc>
<status status="PASS" start="2024-03-16T06:20:29.487334" elapsed="0.007173"/>
</kw>
<kw name="Append To List" owner="Collections">
<arg>${AllPrices}</arg>
<arg>${price_text}</arg>
<doc>Adds ``values`` to the end of ``list``.</doc>
<status status="PASS" start="2024-03-16T06:20:29.494507" elapsed="0.000000"/>
</kw>
<var name="${i}">74</var>
<status status="PASS" start="2024-03-16T06:20:29.487334" elapsed="0.007173"/>
</iter>
<iter>
<kw name="Get From List" owner="Collections">
<msg time="2024-03-16T06:20:29.495519" level="INFO">${element} = &lt;selenium.webdriver.remote.webelement.WebElement (session="d096c704171c1f3b072d4ec64d3241ff", element="40C99F85D46C94B931FA61DFC704F684_element_24991")&gt;</msg>
<var>${element}</var>
<arg>${list elements}</arg>
<arg>${i}</arg>
<doc>Returns the value specified with an ``index`` from ``list``.</doc>
<status status="PASS" start="2024-03-16T06:20:29.495519" elapsed="0.000000"/>
</kw>
<kw name="Get Text" owner="SeleniumLibrary">
<msg time="2024-03-16T06:20:29.501672" level="INFO">${price_text} = 22,224.06 SEK</msg>
<var>${price_text}</var>
<arg>${element}</arg>
<doc>Returns the text value of the element identified by ``locator``.</doc>
<status status="PASS" start="2024-03-16T06:20:29.495519" elapsed="0.006153"/>
</kw>
<kw name="Append To List" owner="Collections">
<arg>${AllPrices}</arg>
<arg>${price_text}</arg>
<doc>Adds ``values`` to the end of ``list``.</doc>
<status status="PASS" start="2024-03-16T06:20:29.501672" elapsed="0.000000"/>
</kw>
<var name="${i}">75</var>
<status status="PASS" start="2024-03-16T06:20:29.495519" elapsed="0.006153"/>
</iter>
<iter>
<kw name="Get From List" owner="Collections">
<msg time="2024-03-16T06:20:29.502668" level="INFO">${element} = &lt;selenium.webdriver.remote.webelement.WebElement (session="d096c704171c1f3b072d4ec64d3241ff", element="40C99F85D46C94B931FA61DFC704F684_element_25026")&gt;</msg>
<var>${element}</var>
<arg>${list elements}</arg>
<arg>${i}</arg>
<doc>Returns the value specified with an ``index`` from ``list``.</doc>
<status status="PASS" start="2024-03-16T06:20:29.501672" elapsed="0.000996"/>
</kw>
<kw name="Get Text" owner="SeleniumLibrary">
<msg time="2024-03-16T06:20:29.507659" level="INFO">${price_text} = 21,800.19 SEK</msg>
<var>${price_text}</var>
<arg>${element}</arg>
<doc>Returns the text value of the element identified by ``locator``.</doc>
<status status="PASS" start="2024-03-16T06:20:29.502668" elapsed="0.004991"/>
</kw>
<kw name="Append To List" owner="Collections">
<arg>${AllPrices}</arg>
<arg>${price_text}</arg>
<doc>Adds ``values`` to the end of ``list``.</doc>
<status status="PASS" start="2024-03-16T06:20:29.508673" elapsed="0.000000"/>
</kw>
<var name="${i}">76</var>
<status status="PASS" start="2024-03-16T06:20:29.501672" elapsed="0.007001"/>
</iter>
<iter>
<kw name="Get From List" owner="Collections">
<msg time="2024-03-16T06:20:29.508673" level="INFO">${element} = &lt;selenium.webdriver.remote.webelement.WebElement (session="d096c704171c1f3b072d4ec64d3241ff", element="40C99F85D46C94B931FA61DFC704F684_element_25061")&gt;</msg>
<var>${element}</var>
<arg>${list elements}</arg>
<arg>${i}</arg>
<doc>Returns the value specified with an ``index`` from ``list``.</doc>
<status status="PASS" start="2024-03-16T06:20:29.508673" elapsed="0.000988"/>
</kw>
<kw name="Get Text" owner="SeleniumLibrary">
<msg time="2024-03-16T06:20:29.515668" level="INFO">${price_text} = 21,238.54 SEK</msg>
<var>${price_text}</var>
<arg>${element}</arg>
<doc>Returns the text value of the element identified by ``locator``.</doc>
<status status="PASS" start="2024-03-16T06:20:29.509661" elapsed="0.007010"/>
</kw>
<kw name="Append To List" owner="Collections">
<arg>${AllPrices}</arg>
<arg>${price_text}</arg>
<doc>Adds ``values`` to the end of ``list``.</doc>
<status status="PASS" start="2024-03-16T06:20:29.516671" elapsed="0.000000"/>
</kw>
<var name="${i}">77</var>
<status status="PASS" start="2024-03-16T06:20:29.508673" elapsed="0.007998"/>
</iter>
<iter>
<kw name="Get From List" owner="Collections">
<msg time="2024-03-16T06:20:29.516671" level="INFO">${element} = &lt;selenium.webdriver.remote.webelement.WebElement (session="d096c704171c1f3b072d4ec64d3241ff", element="40C99F85D46C94B931FA61DFC704F684_element_25096")&gt;</msg>
<var>${element}</var>
<arg>${list elements}</arg>
<arg>${i}</arg>
<doc>Returns the value specified with an ``index`` from ``list``.</doc>
<status status="PASS" start="2024-03-16T06:20:29.516671" elapsed="0.000000"/>
</kw>
<kw name="Get Text" owner="SeleniumLibrary">
<msg time="2024-03-16T06:20:29.523592" level="INFO">${price_text} = 18,543.58 SEK</msg>
<var>${price_text}</var>
<arg>${element}</arg>
<doc>Returns the text value of the element identified by ``locator``.</doc>
<status status="PASS" start="2024-03-16T06:20:29.517668" elapsed="0.005924"/>
</kw>
<kw name="Append To List" owner="Collections">
<arg>${AllPrices}</arg>
<arg>${price_text}</arg>
<doc>Adds ``values`` to the end of ``list``.</doc>
<status status="PASS" start="2024-03-16T06:20:29.523592" elapsed="0.000000"/>
</kw>
<var name="${i}">78</var>
<status status="PASS" start="2024-03-16T06:20:29.516671" elapsed="0.006921"/>
</iter>
<iter>
<kw name="Get From List" owner="Collections">
<msg time="2024-03-16T06:20:29.523592" level="INFO">${element} = &lt;selenium.webdriver.remote.webelement.WebElement (session="d096c704171c1f3b072d4ec64d3241ff", element="40C99F85D46C94B931FA61DFC704F684_element_25131")&gt;</msg>
<var>${element}</var>
<arg>${list elements}</arg>
<arg>${i}</arg>
<doc>Returns the value specified with an ``index`` from ``list``.</doc>
<status status="PASS" start="2024-03-16T06:20:29.523592" elapsed="0.000000"/>
</kw>
<kw name="Get Text" owner="SeleniumLibrary">
<msg time="2024-03-16T06:20:29.531626" level="INFO">${price_text} = 16,174.36 SEK</msg>
<var>${price_text}</var>
<arg>${element}</arg>
<doc>Returns the text value of the element identified by ``locator``.</doc>
<status status="PASS" start="2024-03-16T06:20:29.524591" elapsed="0.007035"/>
</kw>
<kw name="Append To List" owner="Collections">
<arg>${AllPrices}</arg>
<arg>${price_text}</arg>
<doc>Adds ``values`` to the end of ``list``.</doc>
<status status="PASS" start="2024-03-16T06:20:29.532629" elapsed="0.000000"/>
</kw>
<var name="${i}">79</var>
<status status="PASS" start="2024-03-16T06:20:29.523592" elapsed="0.009037"/>
</iter>
<iter>
<kw name="Get From List" owner="Collections">
<msg time="2024-03-16T06:20:29.532629" level="INFO">${element} = &lt;selenium.webdriver.remote.webelement.WebElement (session="d096c704171c1f3b072d4ec64d3241ff", element="40C99F85D46C94B931FA61DFC704F684_element_25166")&gt;</msg>
<var>${element}</var>
<arg>${list elements}</arg>
<arg>${i}</arg>
<doc>Returns the value specified with an ``index`` from ``list``.</doc>
<status status="PASS" start="2024-03-16T06:20:29.532629" elapsed="0.000000"/>
</kw>
<kw name="Get Text" owner="SeleniumLibrary">
<msg time="2024-03-16T06:20:29.539232" level="INFO">${price_text} = 15,589.40 SEK</msg>
<var>${price_text}</var>
<arg>${element}</arg>
<doc>Returns the text value of the element identified by ``locator``.</doc>
<status status="PASS" start="2024-03-16T06:20:29.532629" elapsed="0.006603"/>
</kw>
<kw name="Append To List" owner="Collections">
<arg>${AllPrices}</arg>
<arg>${price_text}</arg>
<doc>Adds ``values`` to the end of ``list``.</doc>
<status status="PASS" start="2024-03-16T06:20:29.539232" elapsed="0.000000"/>
</kw>
<var name="${i}">80</var>
<status status="PASS" start="2024-03-16T06:20:29.532629" elapsed="0.006603"/>
</iter>
<var>${i}</var>
<value>1</value>
<value>${list_length}</value>
<status status="PASS" start="2024-03-16T06:20:28.456867" elapsed="1.082365"/>
</for>
<return>
<value>${AllPrices}</value>
<status status="PASS" start="2024-03-16T06:20:29.539232" elapsed="0.000000"/>
</return>
<msg time="2024-03-16T06:20:29.540228" level="INFO">${price_list} = ['185,977.31 SEK', '1,738.55 SEK to 138,409.59 SEK', '25,813.47 SEK', '1,208.85 SEK', '542.95 SEK', '516.50 SEK', '516.50 SEK', '54,759.99 SEK', '32,349.91 SEK', '32,147.07 SEK', '30,985.89 SEK', '27,...</msg>
<var>${price_list}</var>
<status status="PASS" start="2024-03-16T06:20:28.321734" elapsed="1.218494"/>
</kw>
<kw name="Verify List Sorted" owner="SearchResultsPage">
<kw name="Get From List" owner="Collections">
<msg time="2024-03-16T06:20:29.540228" level="INFO">${first_element} = 185,977.31 SEK</msg>
<var>${first_element}</var>
<arg>${list1}</arg>
<arg>0</arg>
<doc>Returns the value specified with an ``index`` from ``list``.</doc>
<status status="PASS" start="2024-03-16T06:20:29.540228" elapsed="0.000000"/>
</kw>
<kw name="Get From List" owner="Collections">
<msg time="2024-03-16T06:20:29.541231" level="INFO">${second_element} = 1,738.55 SEK to 138,409.59 SEK</msg>
<var>${second_element}</var>
<arg>${list1}</arg>
<arg>1</arg>
<doc>Returns the value specified with an ``index`` from ``list``.</doc>
<status status="PASS" start="2024-03-16T06:20:29.540228" elapsed="0.001003"/>
</kw>
<kw name="Get From List" owner="Collections">
<msg time="2024-03-16T06:20:29.541231" level="INFO">${third_element} = 25,813.47 SEK</msg>
<var>${third_element}</var>
<arg>${list1}</arg>
<arg>2</arg>
<doc>Returns the value specified with an ``index`` from ``list``.</doc>
<status status="PASS" start="2024-03-16T06:20:29.541231" elapsed="0.000000"/>
</kw>
<kw name="Extract Numerical Value" owner="SearchResultsPage">
<kw name="Get Regexp Matches" owner="String">
<msg time="2024-03-16T06:20:29.541231" level="INFO">${matches} = ['185,977.31']</msg>
<var>${matches}</var>
<arg>${input_string}</arg>
<arg>[-+]?\\d{1,3}(?:,\\d{3})*(?:\\.\\d+)?</arg>
<doc>Returns a list of all non-overlapping matches in the given string.</doc>
<status status="PASS" start="2024-03-16T06:20:29.541231" elapsed="0.000000"/>
</kw>
<kw name="Log" owner="BuiltIn">
<msg time="2024-03-16T06:20:29.542226" level="INFO">['185,977.31']</msg>
<arg>${matches}</arg>
<doc>Logs the given message with the given level.</doc>
<status status="PASS" start="2024-03-16T06:20:29.542226" elapsed="0.000000"/>
</kw>
<kw name="Convert To Number" owner="BuiltIn">
<msg time="2024-03-16T06:20:29.543217" level="INFO">${numerical_value} = 185977.31</msg>
<var>${numerical_value}</var>
<arg>${matches[0].replace(',','')}</arg>
<doc>Converts the given item to a floating point number.</doc>
<status status="PASS" start="2024-03-16T06:20:29.542226" elapsed="0.000991"/>
</kw>
<return>
<value>${numerical_value}</value>
<status status="PASS" start="2024-03-16T06:20:29.543217" elapsed="0.000000"/>
</return>
<msg time="2024-03-16T06:20:29.543217" level="INFO">${first_number} = 185977.31</msg>
<var>${first_number}</var>
<arg>${first_element}</arg>
<status status="PASS" start="2024-03-16T06:20:29.541231" elapsed="0.001986"/>
</kw>
<kw name="Extract Numerical Value" owner="SearchResultsPage">
<kw name="Get Regexp Matches" owner="String">
<msg time="2024-03-16T06:20:29.544227" level="INFO">${matches} = ['1,738.55', '138,409.59']</msg>
<var>${matches}</var>
<arg>${input_string}</arg>
<arg>[-+]?\\d{1,3}(?:,\\d{3})*(?:\\.\\d+)?</arg>
<doc>Returns a list of all non-overlapping matches in the given string.</doc>
<status status="PASS" start="2024-03-16T06:20:29.544227" elapsed="0.000000"/>
</kw>
<kw name="Log" owner="BuiltIn">
<msg time="2024-03-16T06:20:29.544227" level="INFO">['1,738.55', '138,409.59']</msg>
<arg>${matches}</arg>
<doc>Logs the given message with the given level.</doc>
<status status="PASS" start="2024-03-16T06:20:29.544227" elapsed="0.000000"/>
</kw>
<kw name="Convert To Number" owner="BuiltIn">
<msg time="2024-03-16T06:20:29.545229" level="INFO">${numerical_value} = 1738.55</msg>
<var>${numerical_value}</var>
<arg>${matches[0].replace(',','')}</arg>
<doc>Converts the given item to a floating point number.</doc>
<status status="PASS" start="2024-03-16T06:20:29.544227" elapsed="0.001002"/>
</kw>
<return>
<value>${numerical_value}</value>
<status status="PASS" start="2024-03-16T06:20:29.545229" elapsed="0.000000"/>
</return>
<msg time="2024-03-16T06:20:29.545229" level="INFO">${second_number} = 1738.55</msg>
<var>${second_number}</var>
<arg>${second_element}</arg>
<status status="PASS" start="2024-03-16T06:20:29.543217" elapsed="0.002012"/>
</kw>
<kw name="Extract Numerical Value" owner="SearchResultsPage">
<kw name="Get Regexp Matches" owner="String">
<msg time="2024-03-16T06:20:29.546226" level="INFO">${matches} = ['25,813.47']</msg>
<var>${matches}</var>
<arg>${input_string}</arg>
<arg>[-+]?\\d{1,3}(?:,\\d{3})*(?:\\.\\d+)?</arg>
<doc>Returns a list of all non-overlapping matches in the given string.</doc>
<status status="PASS" start="2024-03-16T06:20:29.546226" elapsed="0.000000"/>
</kw>
<kw name="Log" owner="BuiltIn">
<msg time="2024-03-16T06:20:29.546226" level="INFO">['25,813.47']</msg>
<arg>${matches}</arg>
<doc>Logs the given message with the given level.</doc>
<status status="PASS" start="2024-03-16T06:20:29.546226" elapsed="0.000000"/>
</kw>
<kw name="Convert To Number" owner="BuiltIn">
<msg time="2024-03-16T06:20:29.547232" level="INFO">${numerical_value} = 25813.47</msg>
<var>${numerical_value}</var>
<arg>${matches[0].replace(',','')}</arg>
<doc>Converts the given item to a floating point number.</doc>
<status status="PASS" start="2024-03-16T06:20:29.546226" elapsed="0.001006"/>
</kw>
<return>
<value>${numerical_value}</value>
<status status="PASS" start="2024-03-16T06:20:29.547232" elapsed="0.000000"/>
</return>
<msg time="2024-03-16T06:20:29.547232" level="INFO">${third_number} = 25813.47</msg>
<var>${third_number}</var>
<arg>${third_element}</arg>
<status status="PASS" start="2024-03-16T06:20:29.545229" elapsed="0.002003"/>
</kw>
<kw name="Run Keyword Unless" owner="BuiltIn">
<msg time="2024-03-16T06:20:29.547232" level="WARN">Keyword 'BuiltIn.Run Keyword Unless' is deprecated. </msg>
<kw name="Fail" owner="BuiltIn">
<msg time="2024-03-16T06:20:29.548226" level="FAIL">Condition not met</msg>
<arg>Condition not met</arg>
<doc>Fails the test with the given message and optionally alters its tags.</doc>
<status status="FAIL" start="2024-03-16T06:20:29.548226" elapsed="0.000000">Condition not met</status>
</kw>
<arg>${first_number} &lt;= ${second_number}</arg>
<arg>Fail</arg>
<arg>Condition not met</arg>
<doc>*DEPRECATED since RF 5.0. Use Native IF/ELSE or `Run Keyword If` instead.*</doc>
<status status="FAIL" start="2024-03-16T06:20:29.547232" elapsed="0.000994">Condition not met</status>
</kw>
<kw name="Run Keyword Unless" owner="BuiltIn">
<msg time="2024-03-16T06:20:29.548226" level="WARN">Keyword 'BuiltIn.Run Keyword Unless' is deprecated. </msg>
<arg>${second_number} &lt;= ${third_number}</arg>
<arg>Fail</arg>
<arg>Condition not met</arg>
<doc>*DEPRECATED since RF 5.0. Use Native IF/ELSE or `Run Keyword If` instead.*</doc>
<status status="NOT RUN" start="2024-03-16T06:20:29.548226" elapsed="0.001090"/>
</kw>
<kw name="Log" owner="BuiltIn">
<arg>Pass</arg>
<doc>Logs the given message with the given level.</doc>
<status status="NOT RUN" start="2024-03-16T06:20:29.549316" elapsed="0.000000"/>
</kw>
<arg>${price_list}</arg>
<status status="FAIL" start="2024-03-16T06:20:29.540228" elapsed="0.009088">Condition not met</status>
</kw>
<kw name="Finish Testcase" owner="CommonFunctionality">
<status status="NOT RUN" start="2024-03-16T06:20:29.550296" elapsed="0.000000"/>
</kw>
<arg>chicken</arg>
<doc>sort from lowest to highest price</doc>
<status status="FAIL" start="2024-03-16T06:20:18.175719" elapsed="11.374577">Condition not met</status>
</kw>
<status status="FAIL" start="2024-03-16T06:20:18.175719" elapsed="11.374577">Condition not met</status>
</test>
<kw name="Finish Testcase" owner="CommonFunctionality" type="TEARDOWN">
<kw name="Close Browser" owner="SeleniumLibrary">
<doc>Closes the current browser.</doc>
<status status="PASS" start="2024-03-16T06:20:29.552319" elapsed="2.196837"/>
</kw>
<status status="PASS" start="2024-03-16T06:20:29.551306" elapsed="2.197850"/>
</kw>
<doc>Check sorting of results</doc>
<status status="FAIL" start="2024-03-16T06:19:34.240732" elapsed="57.508424"/>
</suite>
<statistics>
<total>
<stat pass="0" fail="4" skip="0">All Tests</stat>
</total>
<tag>
</tag>
<suite>
<stat pass="0" fail="4" skip="0" id="s1" name="PriceReverseSort">PriceReverseSort</stat>
</suite>
</statistics>
<errors>
<msg time="2024-03-16T06:19:35.058181" level="WARN">Error in file 'F:\DesktopC\PythonUltimateCourse\SoftwareTesting\RobotFramework\Resources\PageObjects\SearchResultsPage.robot' on line 34: The '[Return]' setting is deprecated. Use the 'RETURN' statement instead.</msg>
<msg time="2024-03-16T06:19:35.059186" level="WARN">Error in file 'F:\DesktopC\PythonUltimateCourse\SoftwareTesting\RobotFramework\Resources\PageObjects\SearchResultsPage.robot' on line 41: The '[Return]' setting is deprecated. Use the 'RETURN' statement instead.</msg>
<msg time="2024-03-16T06:19:35.905875" level="WARN">The chromedriver version (121.0.6167.85) detected in PATH at F:\DesktopC\PythonUltimateCourse\SoftwareTesting\RobotFramework\browserDrivers\chromedriver.exe might not be compatible with the detected chrome version (122.0.6261.129); currently, chromedriver 122.0.6261.128 is recommended for chrome 122.*, so it is advised to delete the driver in PATH and retry</msg>
<msg time="2024-03-16T06:19:39.926428" level="WARN">The chromedriver version (121.0.6167.85) detected in PATH at F:\DesktopC\PythonUltimateCourse\SoftwareTesting\RobotFramework\browserDrivers\chromedriver.exe might not be compatible with the detected chrome version (122.0.6261.129); currently, chromedriver 122.0.6261.128 is recommended for chrome 122.*, so it is advised to delete the driver in PATH and retry</msg>
<msg time="2024-03-16T06:19:54.274115" level="WARN">Keyword 'BuiltIn.Run Keyword Unless' is deprecated. </msg>
<msg time="2024-03-16T06:19:54.276944" level="WARN">Keyword 'BuiltIn.Run Keyword Unless' is deprecated. </msg>
<msg time="2024-03-16T06:19:54.932671" level="WARN">The chromedriver version (121.0.6167.85) detected in PATH at F:\DesktopC\PythonUltimateCourse\SoftwareTesting\RobotFramework\browserDrivers\chromedriver.exe might not be compatible with the detected chrome version (122.0.6261.129); currently, chromedriver 122.0.6261.128 is recommended for chrome 122.*, so it is advised to delete the driver in PATH and retry</msg>
<msg time="2024-03-16T06:20:06.762952" level="WARN">Keyword 'BuiltIn.Run Keyword Unless' is deprecated. </msg>
<msg time="2024-03-16T06:20:06.764951" level="WARN">Keyword 'BuiltIn.Run Keyword Unless' is deprecated. </msg>
<msg time="2024-03-16T06:20:07.658785" level="WARN">The chromedriver version (121.0.6167.85) detected in PATH at F:\DesktopC\PythonUltimateCourse\SoftwareTesting\RobotFramework\browserDrivers\chromedriver.exe might not be compatible with the detected chrome version (122.0.6261.129); currently, chromedriver 122.0.6261.128 is recommended for chrome 122.*, so it is advised to delete the driver in PATH and retry</msg>
<msg time="2024-03-16T06:20:18.171705" level="WARN">Keyword 'BuiltIn.Run Keyword Unless' is deprecated. </msg>
<msg time="2024-03-16T06:20:18.172704" level="WARN">Keyword 'BuiltIn.Run Keyword Unless' is deprecated. </msg>
<msg time="2024-03-16T06:20:18.941728" level="WARN">The chromedriver version (121.0.6167.85) detected in PATH at F:\DesktopC\PythonUltimateCourse\SoftwareTesting\RobotFramework\browserDrivers\chromedriver.exe might not be compatible with the detected chrome version (122.0.6261.129); currently, chromedriver 122.0.6261.128 is recommended for chrome 122.*, so it is advised to delete the driver in PATH and retry</msg>
<msg time="2024-03-16T06:20:29.547232" level="WARN">Keyword 'BuiltIn.Run Keyword Unless' is deprecated. </msg>
<msg time="2024-03-16T06:20:29.548226" level="WARN">Keyword 'BuiltIn.Run Keyword Unless' is deprecated. </msg>
</errors>
</robot>
