<?xml version="1.0" encoding="UTF-8"?>
<robot generator="Robot 7.0 (Python 3.9.7 on win32)" generated="2024-03-16T06:22:06.787122" rpa="false" schemaversion="5">
<suite id="s1" name="PriceSort" source="F:\DesktopC\PythonUltimateCourse\SoftwareTesting\RobotFramework\Tests\eBay\PriceSort.robot">
<kw name="Start Testcase" owner="CommonFunctionality" type="SETUP">
<kw name="Open Browser" owner="SeleniumLibrary">
<msg time="2024-03-16T06:22:07.009456" level="INFO">Opening browser 'chrome' to base url 'https://www.ebay.com'.</msg>
<msg time="2024-03-16T06:22:07.765350" level="WARN">The chromedriver version (121.0.6167.85) detected in PATH at F:\DesktopC\PythonUltimateCourse\SoftwareTesting\RobotFramework\browserDrivers\chromedriver.exe might not be compatible with the detected chrome version (122.0.6261.129); currently, chromedriver 122.0.6261.128 is recommended for chrome 122.*, so it is advised to delete the driver in PATH and retry</msg>
<arg>${url}</arg>
<arg>${browser}</arg>
<doc>Opens a new browser instance to the optional ``url``.</doc>
<status status="PASS" start="2024-03-16T06:22:07.009456" elapsed="3.657327"/>
</kw>
<kw name="Maximize Browser Window" owner="SeleniumLibrary">
<doc>Maximizes current browser window.</doc>
<status status="PASS" start="2024-03-16T06:22:10.667782" elapsed="0.129241"/>
</kw>
<status status="PASS" start="2024-03-16T06:22:07.008456" elapsed="3.788567"/>
</kw>
<test id="s1-t1" name="Verify Ascending Sort1" line="16">
<kw name="Verify Ascending Sort">
<kw name="Start Testcase" owner="CommonFunctionality">
<kw name="Open Browser" owner="SeleniumLibrary">
<msg time="2024-03-16T06:22:10.798021" level="INFO">Opening browser 'chrome' to base url 'https://www.ebay.com'.</msg>
<msg time="2024-03-16T06:22:11.544534" level="WARN">The chromedriver version (121.0.6167.85) detected in PATH at F:\DesktopC\PythonUltimateCourse\SoftwareTesting\RobotFramework\browserDrivers\chromedriver.exe might not be compatible with the detected chrome version (122.0.6261.129); currently, chromedriver 122.0.6261.128 is recommended for chrome 122.*, so it is advised to delete the driver in PATH and retry</msg>
<arg>${url}</arg>
<arg>${browser}</arg>
<doc>Opens a new browser instance to the optional ``url``.</doc>
<status status="PASS" start="2024-03-16T06:22:10.798021" elapsed="3.435149"/>
</kw>
<kw name="Maximize Browser Window" owner="SeleniumLibrary">
<doc>Maximizes current browser window.</doc>
<status status="PASS" start="2024-03-16T06:22:14.233170" elapsed="0.183662"/>
</kw>
<status status="PASS" start="2024-03-16T06:22:10.798021" elapsed="3.619812"/>
</kw>
<kw name="Input Search Text and Click Search" owner="HeaderPage">
<kw name="Input Text" owner="SeleniumLibrary">
<msg time="2024-03-16T06:22:14.418833" level="INFO">Typing text 'car' into text field 'xpath://input[@id="gh-ac"]'.</msg>
<arg>${HomePage_search_textbox}</arg>
<arg>${arg1}</arg>
<doc>Types the given ``text`` into the text field identified by ``locator``.</doc>
<status status="PASS" start="2024-03-16T06:22:14.418833" elapsed="0.566237"/>
</kw>
<kw name="Press Keys" owner="SeleniumLibrary">
<msg time="2024-03-16T06:22:14.986066" level="INFO">Sending key(s) ('[RETURN]',) to xpath://input[@id="gh-btn"] element.</msg>
<msg time="2024-03-16T06:22:19.817289" level="INFO">Sending keys [RETURN]</msg>
<arg>${HomePage_search_button}</arg>
<arg>[RETURN]</arg>
<doc>Simulates the user pressing key(s) to an element or on the active browser.</doc>
<status status="PASS" start="2024-03-16T06:22:14.985070" elapsed="4.935562"/>
</kw>
<arg>${product}</arg>
<status status="PASS" start="2024-03-16T06:22:14.417833" elapsed="5.502799"/>
</kw>
<kw name="Sort search Results ascending" owner="SearchResultsPage">
<kw name="Click Element" owner="SeleniumLibrary">
<msg time="2024-03-16T06:22:19.921632" level="INFO">Clicking element 'xpath://span[contains(text(),"Sort: Best Match")]'.</msg>
<arg>${SearchResultPage_sortCategory_dropdown}</arg>
<doc>Click the element identified by ``locator``.</doc>
<status status="PASS" start="2024-03-16T06:22:19.921632" elapsed="0.072260"/>
</kw>
<kw name="Click Element" owner="SeleniumLibrary">
<msg time="2024-03-16T06:22:19.994891" level="INFO">Clicking element 'xpath://span[normalize-space()="Price + Shipping: lowest first"]'.</msg>
<arg>${SearchResultPage_sortCategory_lowToHigh}</arg>
<doc>Click the element identified by ``locator``.</doc>
<status status="PASS" start="2024-03-16T06:22:19.993892" elapsed="4.306534"/>
</kw>
<status status="PASS" start="2024-03-16T06:22:19.920632" elapsed="4.379794"/>
</kw>
<kw name="Get Price" owner="SearchResultsPage">
<kw name="Create List" owner="BuiltIn">
<msg time="2024-03-16T06:22:24.302427" level="INFO">@{AllPrices} = [ ]</msg>
<var>@{AllPrices}</var>
<doc>Returns a list containing given items.</doc>
<status status="PASS" start="2024-03-16T06:22:24.301426" elapsed="0.001001"/>
</kw>
<kw name="Get WebElements" owner="SeleniumLibrary">
<msg time="2024-03-16T06:22:24.378169" level="INFO">${list elements} = [&lt;selenium.webdriver.remote.webelement.WebElement (session="7e7f9a641a0dd820ec81cc74311af5ab", element="0FF82AC06224243240F1494E7CD9744B_element_18424")&gt;, &lt;selenium.webdriver.remote.webelement.WebElem...</msg>
<var>${list elements}</var>
<arg>//span[@class='s-item__price']</arg>
<doc>Returns a list of WebElement objects matching the ``locator``.</doc>
<status status="PASS" start="2024-03-16T06:22:24.302427" elapsed="0.075742"/>
</kw>
<kw name="Get Length" owner="BuiltIn">
<msg time="2024-03-16T06:22:24.379170" level="INFO">Length is 61.</msg>
<msg time="2024-03-16T06:22:24.379170" level="INFO">${list_length} = 61</msg>
<var>${list_length}</var>
<arg>${list elements}</arg>
<doc>Returns and logs the length of the given item as an integer.</doc>
<status status="PASS" start="2024-03-16T06:22:24.379170" elapsed="0.000000"/>
</kw>
<for flavor="IN RANGE">
<iter>
<kw name="Get From List" owner="Collections">
<msg time="2024-03-16T06:22:24.380258" level="INFO">${element} = &lt;selenium.webdriver.remote.webelement.WebElement (session="7e7f9a641a0dd820ec81cc74311af5ab", element="0FF82AC06224243240F1494E7CD9744B_element_18601")&gt;</msg>
<var>${element}</var>
<arg>${list elements}</arg>
<arg>${i}</arg>
<doc>Returns the value specified with an ``index`` from ``list``.</doc>
<status status="PASS" start="2024-03-16T06:22:24.379170" elapsed="0.001088"/>
</kw>
<kw name="Get Text" owner="SeleniumLibrary">
<msg time="2024-03-16T06:22:24.391391" level="INFO">${price_text} = 18.98 SEK to 1,107.98 SEK</msg>
<var>${price_text}</var>
<arg>${element}</arg>
<doc>Returns the text value of the element identified by ``locator``.</doc>
<status status="PASS" start="2024-03-16T06:22:24.380258" elapsed="0.011133"/>
</kw>
<kw name="Append To List" owner="Collections">
<arg>${AllPrices}</arg>
<arg>${price_text}</arg>
<doc>Adds ``values`` to the end of ``list``.</doc>
<status status="PASS" start="2024-03-16T06:22:24.392463" elapsed="0.000000"/>
</kw>
<var name="${i}">1</var>
<status status="PASS" start="2024-03-16T06:22:24.379170" elapsed="0.013293"/>
</iter>
<iter>
<kw name="Get From List" owner="Collections">
<msg time="2024-03-16T06:22:24.392463" level="INFO">${element} = &lt;selenium.webdriver.remote.webelement.WebElement (session="7e7f9a641a0dd820ec81cc74311af5ab", element="0FF82AC06224243240F1494E7CD9744B_element_18676")&gt;</msg>
<var>${element}</var>
<arg>${list elements}</arg>
<arg>${i}</arg>
<doc>Returns the value specified with an ``index`` from ``list``.</doc>
<status status="PASS" start="2024-03-16T06:22:24.392463" elapsed="0.000000"/>
</kw>
<kw name="Get Text" owner="SeleniumLibrary">
<msg time="2024-03-16T06:22:24.399583" level="INFO">${price_text} = 31.00 SEK</msg>
<var>${price_text}</var>
<arg>${element}</arg>
<doc>Returns the text value of the element identified by ``locator``.</doc>
<status status="PASS" start="2024-03-16T06:22:24.393467" elapsed="0.006116"/>
</kw>
<kw name="Append To List" owner="Collections">
<arg>${AllPrices}</arg>
<arg>${price_text}</arg>
<doc>Adds ``values`` to the end of ``list``.</doc>
<status status="PASS" start="2024-03-16T06:22:24.399583" elapsed="0.000000"/>
</kw>
<var name="${i}">2</var>
<status status="PASS" start="2024-03-16T06:22:24.392463" elapsed="0.007120"/>
</iter>
<iter>
<kw name="Get From List" owner="Collections">
<msg time="2024-03-16T06:22:24.400626" level="INFO">${element} = &lt;selenium.webdriver.remote.webelement.WebElement (session="7e7f9a641a0dd820ec81cc74311af5ab", element="0FF82AC06224243240F1494E7CD9744B_element_18739")&gt;</msg>
<var>${element}</var>
<arg>${list elements}</arg>
<arg>${i}</arg>
<doc>Returns the value specified with an ``index`` from ``list``.</doc>
<status status="PASS" start="2024-03-16T06:22:24.399583" elapsed="0.001043"/>
</kw>
<kw name="Get Text" owner="SeleniumLibrary">
<msg time="2024-03-16T06:22:24.409586" level="INFO">${price_text} = 188.80 SEK to 190.77 SEK</msg>
<var>${price_text}</var>
<arg>${element}</arg>
<doc>Returns the text value of the element identified by ``locator``.</doc>
<status status="PASS" start="2024-03-16T06:22:24.400626" elapsed="0.008960"/>
</kw>
<kw name="Append To List" owner="Collections">
<arg>${AllPrices}</arg>
<arg>${price_text}</arg>
<doc>Adds ``values`` to the end of ``list``.</doc>
<status status="PASS" start="2024-03-16T06:22:24.409586" elapsed="0.000000"/>
</kw>
<var name="${i}">3</var>
<status status="PASS" start="2024-03-16T06:22:24.399583" elapsed="0.010003"/>
</iter>
<iter>
<kw name="Get From List" owner="Collections">
<msg time="2024-03-16T06:22:24.410627" level="INFO">${element} = &lt;selenium.webdriver.remote.webelement.WebElement (session="7e7f9a641a0dd820ec81cc74311af5ab", element="0FF82AC06224243240F1494E7CD9744B_element_18817")&gt;</msg>
<var>${element}</var>
<arg>${list elements}</arg>
<arg>${i}</arg>
<doc>Returns the value specified with an ``index`` from ``list``.</doc>
<status status="PASS" start="2024-03-16T06:22:24.409586" elapsed="0.001041"/>
</kw>
<kw name="Get Text" owner="SeleniumLibrary">
<msg time="2024-03-16T06:22:24.415801" level="INFO">${price_text} = 189.69 SEK</msg>
<var>${price_text}</var>
<arg>${element}</arg>
<doc>Returns the text value of the element identified by ``locator``.</doc>
<status status="PASS" start="2024-03-16T06:22:24.410627" elapsed="0.005174"/>
</kw>
<kw name="Append To List" owner="Collections">
<arg>${AllPrices}</arg>
<arg>${price_text}</arg>
<doc>Adds ``values`` to the end of ``list``.</doc>
<status status="PASS" start="2024-03-16T06:22:24.416815" elapsed="0.000000"/>
</kw>
<var name="${i}">4</var>
<status status="PASS" start="2024-03-16T06:22:24.409586" elapsed="0.007229"/>
</iter>
<iter>
<kw name="Get From List" owner="Collections">
<msg time="2024-03-16T06:22:24.416815" level="INFO">${element} = &lt;selenium.webdriver.remote.webelement.WebElement (session="7e7f9a641a0dd820ec81cc74311af5ab", element="0FF82AC06224243240F1494E7CD9744B_element_18894")&gt;</msg>
<var>${element}</var>
<arg>${list elements}</arg>
<arg>${i}</arg>
<doc>Returns the value specified with an ``index`` from ``list``.</doc>
<status status="PASS" start="2024-03-16T06:22:24.416815" elapsed="0.000000"/>
</kw>
<kw name="Get Text" owner="SeleniumLibrary">
<msg time="2024-03-16T06:22:24.422951" level="INFO">${price_text} = 190.16 SEK</msg>
<var>${price_text}</var>
<arg>${element}</arg>
<doc>Returns the text value of the element identified by ``locator``.</doc>
<status status="PASS" start="2024-03-16T06:22:24.416815" elapsed="0.006136"/>
</kw>
<kw name="Append To List" owner="Collections">
<arg>${AllPrices}</arg>
<arg>${price_text}</arg>
<doc>Adds ``values`` to the end of ``list``.</doc>
<status status="PASS" start="2024-03-16T06:22:24.422951" elapsed="0.000000"/>
</kw>
<var name="${i}">5</var>
<status status="PASS" start="2024-03-16T06:22:24.416815" elapsed="0.007149"/>
</iter>
<iter>
<kw name="Get From List" owner="Collections">
<msg time="2024-03-16T06:22:24.423964" level="INFO">${element} = &lt;selenium.webdriver.remote.webelement.WebElement (session="7e7f9a641a0dd820ec81cc74311af5ab", element="0FF82AC06224243240F1494E7CD9744B_element_18965")&gt;</msg>
<var>${element}</var>
<arg>${list elements}</arg>
<arg>${i}</arg>
<doc>Returns the value specified with an ``index`` from ``list``.</doc>
<status status="PASS" start="2024-03-16T06:22:24.423964" elapsed="0.000000"/>
</kw>
<kw name="Get Text" owner="SeleniumLibrary">
<msg time="2024-03-16T06:22:24.429964" level="INFO">${price_text} = 18.85 SEK to 946.53 SEK</msg>
<var>${price_text}</var>
<arg>${element}</arg>
<doc>Returns the text value of the element identified by ``locator``.</doc>
<status status="PASS" start="2024-03-16T06:22:24.423964" elapsed="0.006000"/>
</kw>
<kw name="Append To List" owner="Collections">
<arg>${AllPrices}</arg>
<arg>${price_text}</arg>
<doc>Adds ``values`` to the end of ``list``.</doc>
<status status="PASS" start="2024-03-16T06:22:24.429964" elapsed="0.000000"/>
</kw>
<var name="${i}">6</var>
<status status="PASS" start="2024-03-16T06:22:24.423964" elapsed="0.006000"/>
</iter>
<iter>
<kw name="Get From List" owner="Collections">
<msg time="2024-03-16T06:22:24.429964" level="INFO">${element} = &lt;selenium.webdriver.remote.webelement.WebElement (session="7e7f9a641a0dd820ec81cc74311af5ab", element="0FF82AC06224243240F1494E7CD9744B_element_19042")&gt;</msg>
<var>${element}</var>
<arg>${list elements}</arg>
<arg>${i}</arg>
<doc>Returns the value specified with an ``index`` from ``list``.</doc>
<status status="PASS" start="2024-03-16T06:22:24.429964" elapsed="0.001000"/>
</kw>
<kw name="Get Text" owner="SeleniumLibrary">
<msg time="2024-03-16T06:22:24.436575" level="INFO">${price_text} = 191.73 SEK</msg>
<var>${price_text}</var>
<arg>${element}</arg>
<doc>Returns the text value of the element identified by ``locator``.</doc>
<status status="PASS" start="2024-03-16T06:22:24.430964" elapsed="0.005611"/>
</kw>
<kw name="Append To List" owner="Collections">
<arg>${AllPrices}</arg>
<arg>${price_text}</arg>
<doc>Adds ``values`` to the end of ``list``.</doc>
<status status="PASS" start="2024-03-16T06:22:24.436575" elapsed="0.000000"/>
</kw>
<var name="${i}">7</var>
<status status="PASS" start="2024-03-16T06:22:24.429964" elapsed="0.006611"/>
</iter>
<iter>
<kw name="Get From List" owner="Collections">
<msg time="2024-03-16T06:22:24.437576" level="INFO">${element} = &lt;selenium.webdriver.remote.webelement.WebElement (session="7e7f9a641a0dd820ec81cc74311af5ab", element="0FF82AC06224243240F1494E7CD9744B_element_20233")&gt;</msg>
<var>${element}</var>
<arg>${list elements}</arg>
<arg>${i}</arg>
<doc>Returns the value specified with an ``index`` from ``list``.</doc>
<status status="PASS" start="2024-03-16T06:22:24.436575" elapsed="0.001001"/>
</kw>
<kw name="Get Text" owner="SeleniumLibrary">
<msg time="2024-03-16T06:22:24.445574" level="INFO">${price_text} = 183.90 SEK to 192.88 SEK</msg>
<var>${price_text}</var>
<arg>${element}</arg>
<doc>Returns the text value of the element identified by ``locator``.</doc>
<status status="PASS" start="2024-03-16T06:22:24.437576" elapsed="0.007998"/>
</kw>
<kw name="Append To List" owner="Collections">
<arg>${AllPrices}</arg>
<arg>${price_text}</arg>
<doc>Adds ``values`` to the end of ``list``.</doc>
<status status="PASS" start="2024-03-16T06:22:24.445574" elapsed="0.000000"/>
</kw>
<var name="${i}">8</var>
<status status="PASS" start="2024-03-16T06:22:24.436575" elapsed="0.008999"/>
</iter>
<iter>
<kw name="Get From List" owner="Collections">
<msg time="2024-03-16T06:22:24.446574" level="INFO">${element} = &lt;selenium.webdriver.remote.webelement.WebElement (session="7e7f9a641a0dd820ec81cc74311af5ab", element="0FF82AC06224243240F1494E7CD9744B_element_20187")&gt;</msg>
<var>${element}</var>
<arg>${list elements}</arg>
<arg>${i}</arg>
<doc>Returns the value specified with an ``index`` from ``list``.</doc>
<status status="PASS" start="2024-03-16T06:22:24.446574" elapsed="0.000000"/>
</kw>
<kw name="Get Text" owner="SeleniumLibrary">
<msg time="2024-03-16T06:22:24.452573" level="INFO">${price_text} = 182.20 SEK to 192.88 SEK</msg>
<var>${price_text}</var>
<arg>${element}</arg>
<doc>Returns the text value of the element identified by ``locator``.</doc>
<status status="PASS" start="2024-03-16T06:22:24.446574" elapsed="0.005999"/>
</kw>
<kw name="Append To List" owner="Collections">
<arg>${AllPrices}</arg>
<arg>${price_text}</arg>
<doc>Adds ``values`` to the end of ``list``.</doc>
<status status="PASS" start="2024-03-16T06:22:24.452573" elapsed="0.000000"/>
</kw>
<var name="${i}">9</var>
<status status="PASS" start="2024-03-16T06:22:24.445574" elapsed="0.006999"/>
</iter>
<iter>
<kw name="Get From List" owner="Collections">
<msg time="2024-03-16T06:22:24.453573" level="INFO">${element} = &lt;selenium.webdriver.remote.webelement.WebElement (session="7e7f9a641a0dd820ec81cc74311af5ab", element="0FF82AC06224243240F1494E7CD9744B_element_20117")&gt;</msg>
<var>${element}</var>
<arg>${list elements}</arg>
<arg>${i}</arg>
<doc>Returns the value specified with an ``index`` from ``list``.</doc>
<status status="PASS" start="2024-03-16T06:22:24.453573" elapsed="0.000000"/>
</kw>
<kw name="Get Text" owner="SeleniumLibrary">
<msg time="2024-03-16T06:22:24.466499" level="INFO">${price_text} = 65.73 SEK</msg>
<var>${price_text}</var>
<arg>${element}</arg>
<doc>Returns the text value of the element identified by ``locator``.</doc>
<status status="PASS" start="2024-03-16T06:22:24.453573" elapsed="0.012926"/>
</kw>
<kw name="Append To List" owner="Collections">
<arg>${AllPrices}</arg>
<arg>${price_text}</arg>
<doc>Adds ``values`` to the end of ``list``.</doc>
<status status="PASS" start="2024-03-16T06:22:24.466499" elapsed="0.001079"/>
</kw>
<var name="${i}">10</var>
<status status="PASS" start="2024-03-16T06:22:24.453573" elapsed="0.014005"/>
</iter>
<iter>
<kw name="Get From List" owner="Collections">
<msg time="2024-03-16T06:22:24.467578" level="INFO">${element} = &lt;selenium.webdriver.remote.webelement.WebElement (session="7e7f9a641a0dd820ec81cc74311af5ab", element="0FF82AC06224243240F1494E7CD9744B_element_20044")&gt;</msg>
<var>${element}</var>
<arg>${list elements}</arg>
<arg>${i}</arg>
<doc>Returns the value specified with an ``index`` from ``list``.</doc>
<status status="PASS" start="2024-03-16T06:22:24.467578" elapsed="0.000000"/>
</kw>
<kw name="Get Text" owner="SeleniumLibrary">
<msg time="2024-03-16T06:22:24.475517" level="INFO">${price_text} = 143.62 SEK</msg>
<var>${price_text}</var>
<arg>${element}</arg>
<doc>Returns the text value of the element identified by ``locator``.</doc>
<status status="PASS" start="2024-03-16T06:22:24.467578" elapsed="0.007939"/>
</kw>
<kw name="Append To List" owner="Collections">
<arg>${AllPrices}</arg>
<arg>${price_text}</arg>
<doc>Adds ``values`` to the end of ``list``.</doc>
<status status="PASS" start="2024-03-16T06:22:24.475517" elapsed="0.000000"/>
</kw>
<var name="${i}">11</var>
<status status="PASS" start="2024-03-16T06:22:24.467578" elapsed="0.007939"/>
</iter>
<iter>
<kw name="Get From List" owner="Collections">
<msg time="2024-03-16T06:22:24.475517" level="INFO">${element} = &lt;selenium.webdriver.remote.webelement.WebElement (session="7e7f9a641a0dd820ec81cc74311af5ab", element="0FF82AC06224243240F1494E7CD9744B_element_19971")&gt;</msg>
<var>${element}</var>
<arg>${list elements}</arg>
<arg>${i}</arg>
<doc>Returns the value specified with an ``index`` from ``list``.</doc>
<status status="PASS" start="2024-03-16T06:22:24.475517" elapsed="0.000000"/>
</kw>
<kw name="Get Text" owner="SeleniumLibrary">
<msg time="2024-03-16T06:22:24.481503" level="INFO">${price_text} = 143.62 SEK</msg>
<var>${price_text}</var>
<arg>${element}</arg>
<doc>Returns the text value of the element identified by ``locator``.</doc>
<status status="PASS" start="2024-03-16T06:22:24.476513" elapsed="0.004990"/>
</kw>
<kw name="Append To List" owner="Collections">
<arg>${AllPrices}</arg>
<arg>${price_text}</arg>
<doc>Adds ``values`` to the end of ``list``.</doc>
<status status="PASS" start="2024-03-16T06:22:24.481503" elapsed="0.001013"/>
</kw>
<var name="${i}">12</var>
<status status="PASS" start="2024-03-16T06:22:24.475517" elapsed="0.006999"/>
</iter>
<iter>
<kw name="Get From List" owner="Collections">
<msg time="2024-03-16T06:22:24.482516" level="INFO">${element} = &lt;selenium.webdriver.remote.webelement.WebElement (session="7e7f9a641a0dd820ec81cc74311af5ab", element="0FF82AC06224243240F1494E7CD9744B_element_19910")&gt;</msg>
<var>${element}</var>
<arg>${list elements}</arg>
<arg>${i}</arg>
<doc>Returns the value specified with an ``index`` from ``list``.</doc>
<status status="PASS" start="2024-03-16T06:22:24.482516" elapsed="0.000000"/>
</kw>
<kw name="Get Text" owner="SeleniumLibrary">
<msg time="2024-03-16T06:22:24.488503" level="INFO">${price_text} = 134.21 SEK</msg>
<var>${price_text}</var>
<arg>${element}</arg>
<doc>Returns the text value of the element identified by ``locator``.</doc>
<status status="PASS" start="2024-03-16T06:22:24.482516" elapsed="0.005987"/>
</kw>
<kw name="Append To List" owner="Collections">
<arg>${AllPrices}</arg>
<arg>${price_text}</arg>
<doc>Adds ``values`` to the end of ``list``.</doc>
<status status="PASS" start="2024-03-16T06:22:24.488503" elapsed="0.000000"/>
</kw>
<var name="${i}">13</var>
<status status="PASS" start="2024-03-16T06:22:24.482516" elapsed="0.005987"/>
</iter>
<iter>
<kw name="Get From List" owner="Collections">
<msg time="2024-03-16T06:22:24.489512" level="INFO">${element} = &lt;selenium.webdriver.remote.webelement.WebElement (session="7e7f9a641a0dd820ec81cc74311af5ab", element="0FF82AC06224243240F1494E7CD9744B_element_19849")&gt;</msg>
<var>${element}</var>
<arg>${list elements}</arg>
<arg>${i}</arg>
<doc>Returns the value specified with an ``index`` from ``list``.</doc>
<status status="PASS" start="2024-03-16T06:22:24.488503" elapsed="0.001009"/>
</kw>
<kw name="Get Text" owner="SeleniumLibrary">
<msg time="2024-03-16T06:22:24.494309" level="INFO">${price_text} = 46.49 SEK</msg>
<var>${price_text}</var>
<arg>${element}</arg>
<doc>Returns the text value of the element identified by ``locator``.</doc>
<status status="PASS" start="2024-03-16T06:22:24.489512" elapsed="0.005827"/>
</kw>
<kw name="Append To List" owner="Collections">
<arg>${AllPrices}</arg>
<arg>${price_text}</arg>
<doc>Adds ``values`` to the end of ``list``.</doc>
<status status="PASS" start="2024-03-16T06:22:24.495339" elapsed="0.000000"/>
</kw>
<var name="${i}">14</var>
<status status="PASS" start="2024-03-16T06:22:24.488503" elapsed="0.006836"/>
</iter>
<iter>
<kw name="Get From List" owner="Collections">
<msg time="2024-03-16T06:22:24.495339" level="INFO">${element} = &lt;selenium.webdriver.remote.webelement.WebElement (session="7e7f9a641a0dd820ec81cc74311af5ab", element="0FF82AC06224243240F1494E7CD9744B_element_19785")&gt;</msg>
<var>${element}</var>
<arg>${list elements}</arg>
<arg>${i}</arg>
<doc>Returns the value specified with an ``index`` from ``list``.</doc>
<status status="PASS" start="2024-03-16T06:22:24.495339" elapsed="0.000000"/>
</kw>
<kw name="Get Text" owner="SeleniumLibrary">
<msg time="2024-03-16T06:22:24.501342" level="INFO">${price_text} = 63.05 SEK</msg>
<var>${price_text}</var>
<arg>${element}</arg>
<doc>Returns the text value of the element identified by ``locator``.</doc>
<status status="PASS" start="2024-03-16T06:22:24.496333" elapsed="0.005009"/>
</kw>
<kw name="Append To List" owner="Collections">
<arg>${AllPrices}</arg>
<arg>${price_text}</arg>
<doc>Adds ``values`` to the end of ``list``.</doc>
<status status="PASS" start="2024-03-16T06:22:24.502343" elapsed="0.000000"/>
</kw>
<var name="${i}">15</var>
<status status="PASS" start="2024-03-16T06:22:24.495339" elapsed="0.007004"/>
</iter>
<iter>
<kw name="Get From List" owner="Collections">
<msg time="2024-03-16T06:22:24.502343" level="INFO">${element} = &lt;selenium.webdriver.remote.webelement.WebElement (session="7e7f9a641a0dd820ec81cc74311af5ab", element="0FF82AC06224243240F1494E7CD9744B_element_19724")&gt;</msg>
<var>${element}</var>
<arg>${list elements}</arg>
<arg>${i}</arg>
<doc>Returns the value specified with an ``index`` from ``list``.</doc>
<status status="PASS" start="2024-03-16T06:22:24.502343" elapsed="0.000000"/>
</kw>
<kw name="Get Text" owner="SeleniumLibrary">
<msg time="2024-03-16T06:22:24.510342" level="INFO">${price_text} = 20.15 SEK</msg>
<var>${price_text}</var>
<arg>${element}</arg>
<doc>Returns the text value of the element identified by ``locator``.</doc>
<status status="PASS" start="2024-03-16T06:22:24.503343" elapsed="0.006999"/>
</kw>
<kw name="Append To List" owner="Collections">
<arg>${AllPrices}</arg>
<arg>${price_text}</arg>
<doc>Adds ``values`` to the end of ``list``.</doc>
<status status="PASS" start="2024-03-16T06:22:24.511343" elapsed="0.000000"/>
</kw>
<var name="${i}">16</var>
<status status="PASS" start="2024-03-16T06:22:24.502343" elapsed="0.009000"/>
</iter>
<iter>
<kw name="Get From List" owner="Collections">
<msg time="2024-03-16T06:22:24.511343" level="INFO">${element} = &lt;selenium.webdriver.remote.webelement.WebElement (session="7e7f9a641a0dd820ec81cc74311af5ab", element="0FF82AC06224243240F1494E7CD9744B_element_19663")&gt;</msg>
<var>${element}</var>
<arg>${list elements}</arg>
<arg>${i}</arg>
<doc>Returns the value specified with an ``index`` from ``list``.</doc>
<status status="PASS" start="2024-03-16T06:22:24.511343" elapsed="0.000000"/>
</kw>
<kw name="Get Text" owner="SeleniumLibrary">
<msg time="2024-03-16T06:22:24.517342" level="INFO">${price_text} = 20.15 SEK</msg>
<var>${price_text}</var>
<arg>${element}</arg>
<doc>Returns the text value of the element identified by ``locator``.</doc>
<status status="PASS" start="2024-03-16T06:22:24.512341" elapsed="0.005001"/>
</kw>
<kw name="Append To List" owner="Collections">
<arg>${AllPrices}</arg>
<arg>${price_text}</arg>
<doc>Adds ``values`` to the end of ``list``.</doc>
<status status="PASS" start="2024-03-16T06:22:24.517342" elapsed="0.001013"/>
</kw>
<var name="${i}">17</var>
<status status="PASS" start="2024-03-16T06:22:24.511343" elapsed="0.007012"/>
</iter>
<iter>
<kw name="Get From List" owner="Collections">
<msg time="2024-03-16T06:22:24.518355" level="INFO">${element} = &lt;selenium.webdriver.remote.webelement.WebElement (session="7e7f9a641a0dd820ec81cc74311af5ab", element="0FF82AC06224243240F1494E7CD9744B_element_19602")&gt;</msg>
<var>${element}</var>
<arg>${list elements}</arg>
<arg>${i}</arg>
<doc>Returns the value specified with an ``index`` from ``list``.</doc>
<status status="PASS" start="2024-03-16T06:22:24.518355" elapsed="0.000000"/>
</kw>
<kw name="Get Text" owner="SeleniumLibrary">
<msg time="2024-03-16T06:22:24.526343" level="INFO">${price_text} = 134.43 SEK</msg>
<var>${price_text}</var>
<arg>${element}</arg>
<doc>Returns the text value of the element identified by ``locator``.</doc>
<status status="PASS" start="2024-03-16T06:22:24.518355" elapsed="0.007988"/>
</kw>
<kw name="Append To List" owner="Collections">
<arg>${AllPrices}</arg>
<arg>${price_text}</arg>
<doc>Adds ``values`` to the end of ``list``.</doc>
<status status="PASS" start="2024-03-16T06:22:24.526343" elapsed="0.000000"/>
</kw>
<var name="${i}">18</var>
<status status="PASS" start="2024-03-16T06:22:24.518355" elapsed="0.007988"/>
</iter>
<iter>
<kw name="Get From List" owner="Collections">
<msg time="2024-03-16T06:22:24.527353" level="INFO">${element} = &lt;selenium.webdriver.remote.webelement.WebElement (session="7e7f9a641a0dd820ec81cc74311af5ab", element="0FF82AC06224243240F1494E7CD9744B_element_19524")&gt;</msg>
<var>${element}</var>
<arg>${list elements}</arg>
<arg>${i}</arg>
<doc>Returns the value specified with an ``index`` from ``list``.</doc>
<status status="PASS" start="2024-03-16T06:22:24.527353" elapsed="0.000000"/>
</kw>
<kw name="Get Text" owner="SeleniumLibrary">
<msg time="2024-03-16T06:22:24.533343" level="INFO">${price_text} = 132.35 SEK</msg>
<var>${price_text}</var>
<arg>${element}</arg>
<doc>Returns the text value of the element identified by ``locator``.</doc>
<status status="PASS" start="2024-03-16T06:22:24.527353" elapsed="0.005990"/>
</kw>
<kw name="Append To List" owner="Collections">
<arg>${AllPrices}</arg>
<arg>${price_text}</arg>
<doc>Adds ``values`` to the end of ``list``.</doc>
<status status="PASS" start="2024-03-16T06:22:24.533343" elapsed="0.000000"/>
</kw>
<var name="${i}">19</var>
<status status="PASS" start="2024-03-16T06:22:24.527353" elapsed="0.005990"/>
</iter>
<iter>
<kw name="Get From List" owner="Collections">
<msg time="2024-03-16T06:22:24.534352" level="INFO">${element} = &lt;selenium.webdriver.remote.webelement.WebElement (session="7e7f9a641a0dd820ec81cc74311af5ab", element="0FF82AC06224243240F1494E7CD9744B_element_19454")&gt;</msg>
<var>${element}</var>
<arg>${list elements}</arg>
<arg>${i}</arg>
<doc>Returns the value specified with an ``index`` from ``list``.</doc>
<status status="PASS" start="2024-03-16T06:22:24.533343" elapsed="0.001009"/>
</kw>
<kw name="Get Text" owner="SeleniumLibrary">
<msg time="2024-03-16T06:22:24.543344" level="INFO">${price_text} = 38.33 SEK</msg>
<var>${price_text}</var>
<arg>${element}</arg>
<doc>Returns the text value of the element identified by ``locator``.</doc>
<status status="PASS" start="2024-03-16T06:22:24.534352" elapsed="0.008992"/>
</kw>
<kw name="Append To List" owner="Collections">
<arg>${AllPrices}</arg>
<arg>${price_text}</arg>
<doc>Adds ``values`` to the end of ``list``.</doc>
<status status="PASS" start="2024-03-16T06:22:24.543344" elapsed="0.000000"/>
</kw>
<var name="${i}">20</var>
<status status="PASS" start="2024-03-16T06:22:24.533343" elapsed="0.010001"/>
</iter>
<iter>
<kw name="Get From List" owner="Collections">
<msg time="2024-03-16T06:22:24.544353" level="INFO">${element} = &lt;selenium.webdriver.remote.webelement.WebElement (session="7e7f9a641a0dd820ec81cc74311af5ab", element="0FF82AC06224243240F1494E7CD9744B_element_19384")&gt;</msg>
<var>${element}</var>
<arg>${list elements}</arg>
<arg>${i}</arg>
<doc>Returns the value specified with an ``index`` from ``list``.</doc>
<status status="PASS" start="2024-03-16T06:22:24.544353" elapsed="0.000000"/>
</kw>
<kw name="Get Text" owner="SeleniumLibrary">
<msg time="2024-03-16T06:22:24.550664" level="INFO">${price_text} = 38.33 SEK</msg>
<var>${price_text}</var>
<arg>${element}</arg>
<doc>Returns the text value of the element identified by ``locator``.</doc>
<status status="PASS" start="2024-03-16T06:22:24.544353" elapsed="0.006311"/>
</kw>
<kw name="Append To List" owner="Collections">
<arg>${AllPrices}</arg>
<arg>${price_text}</arg>
<doc>Adds ``values`` to the end of ``list``.</doc>
<status status="PASS" start="2024-03-16T06:22:24.550664" elapsed="0.000000"/>
</kw>
<var name="${i}">21</var>
<status status="PASS" start="2024-03-16T06:22:24.543344" elapsed="0.007320"/>
</iter>
<iter>
<kw name="Get From List" owner="Collections">
<msg time="2024-03-16T06:22:24.551675" level="INFO">${element} = &lt;selenium.webdriver.remote.webelement.WebElement (session="7e7f9a641a0dd820ec81cc74311af5ab", element="0FF82AC06224243240F1494E7CD9744B_element_19323")&gt;</msg>
<var>${element}</var>
<arg>${list elements}</arg>
<arg>${i}</arg>
<doc>Returns the value specified with an ``index`` from ``list``.</doc>
<status status="PASS" start="2024-03-16T06:22:24.550664" elapsed="0.001011"/>
</kw>
<kw name="Get Text" owner="SeleniumLibrary">
<msg time="2024-03-16T06:22:24.557665" level="INFO">${price_text} = 30.48 SEK</msg>
<var>${price_text}</var>
<arg>${element}</arg>
<doc>Returns the text value of the element identified by ``locator``.</doc>
<status status="PASS" start="2024-03-16T06:22:24.551675" elapsed="0.005990"/>
</kw>
<kw name="Append To List" owner="Collections">
<arg>${AllPrices}</arg>
<arg>${price_text}</arg>
<doc>Adds ``values`` to the end of ``list``.</doc>
<status status="PASS" start="2024-03-16T06:22:24.557665" elapsed="0.001002"/>
</kw>
<var name="${i}">22</var>
<status status="PASS" start="2024-03-16T06:22:24.550664" elapsed="0.008003"/>
</iter>
<iter>
<kw name="Get From List" owner="Collections">
<msg time="2024-03-16T06:22:24.558667" level="INFO">${element} = &lt;selenium.webdriver.remote.webelement.WebElement (session="7e7f9a641a0dd820ec81cc74311af5ab", element="0FF82AC06224243240F1494E7CD9744B_element_21174")&gt;</msg>
<var>${element}</var>
<arg>${list elements}</arg>
<arg>${i}</arg>
<doc>Returns the value specified with an ``index`` from ``list``.</doc>
<status status="PASS" start="2024-03-16T06:22:24.558667" elapsed="0.000000"/>
</kw>
<kw name="Get Text" owner="SeleniumLibrary">
<msg time="2024-03-16T06:22:24.564664" level="INFO">${price_text} = 30.48 SEK</msg>
<var>${price_text}</var>
<arg>${element}</arg>
<doc>Returns the text value of the element identified by ``locator``.</doc>
<status status="PASS" start="2024-03-16T06:22:24.558667" elapsed="0.005997"/>
</kw>
<kw name="Append To List" owner="Collections">
<arg>${AllPrices}</arg>
<arg>${price_text}</arg>
<doc>Adds ``values`` to the end of ``list``.</doc>
<status status="PASS" start="2024-03-16T06:22:24.564664" elapsed="0.001002"/>
</kw>
<var name="${i}">23</var>
<status status="PASS" start="2024-03-16T06:22:24.558667" elapsed="0.006999"/>
</iter>
<iter>
<kw name="Get From List" owner="Collections">
<msg time="2024-03-16T06:22:24.565666" level="INFO">${element} = &lt;selenium.webdriver.remote.webelement.WebElement (session="7e7f9a641a0dd820ec81cc74311af5ab", element="0FF82AC06224243240F1494E7CD9744B_element_21113")&gt;</msg>
<var>${element}</var>
<arg>${list elements}</arg>
<arg>${i}</arg>
<doc>Returns the value specified with an ``index`` from ``list``.</doc>
<status status="PASS" start="2024-03-16T06:22:24.565666" elapsed="0.000000"/>
</kw>
<kw name="Get Text" owner="SeleniumLibrary">
<msg time="2024-03-16T06:22:24.571665" level="INFO">${price_text} = 30.48 SEK</msg>
<var>${price_text}</var>
<arg>${element}</arg>
<doc>Returns the text value of the element identified by ``locator``.</doc>
<status status="PASS" start="2024-03-16T06:22:24.565666" elapsed="0.005999"/>
</kw>
<kw name="Append To List" owner="Collections">
<arg>${AllPrices}</arg>
<arg>${price_text}</arg>
<doc>Adds ``values`` to the end of ``list``.</doc>
<status status="PASS" start="2024-03-16T06:22:24.571665" elapsed="0.000000"/>
</kw>
<var name="${i}">24</var>
<status status="PASS" start="2024-03-16T06:22:24.565666" elapsed="0.005999"/>
</iter>
<iter>
<kw name="Get From List" owner="Collections">
<msg time="2024-03-16T06:22:24.572664" level="INFO">${element} = &lt;selenium.webdriver.remote.webelement.WebElement (session="7e7f9a641a0dd820ec81cc74311af5ab", element="0FF82AC06224243240F1494E7CD9744B_element_21052")&gt;</msg>
<var>${element}</var>
<arg>${list elements}</arg>
<arg>${i}</arg>
<doc>Returns the value specified with an ``index`` from ``list``.</doc>
<status status="PASS" start="2024-03-16T06:22:24.572664" elapsed="0.000000"/>
</kw>
<kw name="Get Text" owner="SeleniumLibrary">
<msg time="2024-03-16T06:22:24.580958" level="INFO">${price_text} = 30.48 SEK</msg>
<var>${price_text}</var>
<arg>${element}</arg>
<doc>Returns the text value of the element identified by ``locator``.</doc>
<status status="PASS" start="2024-03-16T06:22:24.572664" elapsed="0.008294"/>
</kw>
<kw name="Append To List" owner="Collections">
<arg>${AllPrices}</arg>
<arg>${price_text}</arg>
<doc>Adds ``values`` to the end of ``list``.</doc>
<status status="PASS" start="2024-03-16T06:22:24.582029" elapsed="0.000000"/>
</kw>
<var name="${i}">25</var>
<status status="PASS" start="2024-03-16T06:22:24.572664" elapsed="0.009365"/>
</iter>
<iter>
<kw name="Get From List" owner="Collections">
<msg time="2024-03-16T06:22:24.582029" level="INFO">${element} = &lt;selenium.webdriver.remote.webelement.WebElement (session="7e7f9a641a0dd820ec81cc74311af5ab", element="0FF82AC06224243240F1494E7CD9744B_element_20983")&gt;</msg>
<var>${element}</var>
<arg>${list elements}</arg>
<arg>${i}</arg>
<doc>Returns the value specified with an ``index`` from ``list``.</doc>
<status status="PASS" start="2024-03-16T06:22:24.582029" elapsed="0.000000"/>
</kw>
<kw name="Get Text" owner="SeleniumLibrary">
<msg time="2024-03-16T06:22:24.587957" level="INFO">${price_text} = 123.98 SEK</msg>
<var>${price_text}</var>
<arg>${element}</arg>
<doc>Returns the text value of the element identified by ``locator``.</doc>
<status status="PASS" start="2024-03-16T06:22:24.582029" elapsed="0.005928"/>
</kw>
<kw name="Append To List" owner="Collections">
<arg>${AllPrices}</arg>
<arg>${price_text}</arg>
<doc>Adds ``values`` to the end of ``list``.</doc>
<status status="PASS" start="2024-03-16T06:22:24.588988" elapsed="0.000000"/>
</kw>
<var name="${i}">26</var>
<status status="PASS" start="2024-03-16T06:22:24.582029" elapsed="0.006959"/>
</iter>
<iter>
<kw name="Get From List" owner="Collections">
<msg time="2024-03-16T06:22:24.588988" level="INFO">${element} = &lt;selenium.webdriver.remote.webelement.WebElement (session="7e7f9a641a0dd820ec81cc74311af5ab", element="0FF82AC06224243240F1494E7CD9744B_element_20914")&gt;</msg>
<var>${element}</var>
<arg>${list elements}</arg>
<arg>${i}</arg>
<doc>Returns the value specified with an ``index`` from ``list``.</doc>
<status status="PASS" start="2024-03-16T06:22:24.588988" elapsed="0.000000"/>
</kw>
<kw name="Get Text" owner="SeleniumLibrary">
<msg time="2024-03-16T06:22:24.739981" level="INFO">${price_text} = 123.98 SEK</msg>
<var>${price_text}</var>
<arg>${element}</arg>
<doc>Returns the text value of the element identified by ``locator``.</doc>
<status status="PASS" start="2024-03-16T06:22:24.588988" elapsed="0.151994"/>
</kw>
<kw name="Append To List" owner="Collections">
<arg>${AllPrices}</arg>
<arg>${price_text}</arg>
<doc>Adds ``values`` to the end of ``list``.</doc>
<status status="PASS" start="2024-03-16T06:22:24.740982" elapsed="0.000000"/>
</kw>
<var name="${i}">27</var>
<status status="PASS" start="2024-03-16T06:22:24.588988" elapsed="0.151994"/>
</iter>
<iter>
<kw name="Get From List" owner="Collections">
<msg time="2024-03-16T06:22:24.740982" level="INFO">${element} = &lt;selenium.webdriver.remote.webelement.WebElement (session="7e7f9a641a0dd820ec81cc74311af5ab", element="0FF82AC06224243240F1494E7CD9744B_element_20845")&gt;</msg>
<var>${element}</var>
<arg>${list elements}</arg>
<arg>${i}</arg>
<doc>Returns the value specified with an ``index`` from ``list``.</doc>
<status status="PASS" start="2024-03-16T06:22:24.740982" elapsed="0.000000"/>
</kw>
<kw name="Get Text" owner="SeleniumLibrary">
<msg time="2024-03-16T06:22:24.747459" level="INFO">${price_text} = 123.98 SEK</msg>
<var>${price_text}</var>
<arg>${element}</arg>
<doc>Returns the text value of the element identified by ``locator``.</doc>
<status status="PASS" start="2024-03-16T06:22:24.741976" elapsed="0.005483"/>
</kw>
<kw name="Append To List" owner="Collections">
<arg>${AllPrices}</arg>
<arg>${price_text}</arg>
<doc>Adds ``values`` to the end of ``list``.</doc>
<status status="PASS" start="2024-03-16T06:22:24.748460" elapsed="0.000000"/>
</kw>
<var name="${i}">28</var>
<status status="PASS" start="2024-03-16T06:22:24.740982" elapsed="0.007478"/>
</iter>
<iter>
<kw name="Get From List" owner="Collections">
<msg time="2024-03-16T06:22:24.749461" level="INFO">${element} = &lt;selenium.webdriver.remote.webelement.WebElement (session="7e7f9a641a0dd820ec81cc74311af5ab", element="0FF82AC06224243240F1494E7CD9744B_element_20776")&gt;</msg>
<var>${element}</var>
<arg>${list elements}</arg>
<arg>${i}</arg>
<doc>Returns the value specified with an ``index`` from ``list``.</doc>
<status status="PASS" start="2024-03-16T06:22:24.749461" elapsed="0.000000"/>
</kw>
<kw name="Get Text" owner="SeleniumLibrary">
<msg time="2024-03-16T06:22:24.758442" level="INFO">${price_text} = 123.98 SEK</msg>
<var>${price_text}</var>
<arg>${element}</arg>
<doc>Returns the text value of the element identified by ``locator``.</doc>
<status status="PASS" start="2024-03-16T06:22:24.750460" elapsed="0.007982"/>
</kw>
<kw name="Append To List" owner="Collections">
<arg>${AllPrices}</arg>
<arg>${price_text}</arg>
<doc>Adds ``values`` to the end of ``list``.</doc>
<status status="PASS" start="2024-03-16T06:22:24.759446" elapsed="0.000000"/>
</kw>
<var name="${i}">29</var>
<status status="PASS" start="2024-03-16T06:22:24.748460" elapsed="0.010986"/>
</iter>
<iter>
<kw name="Get From List" owner="Collections">
<msg time="2024-03-16T06:22:24.759446" level="INFO">${element} = &lt;selenium.webdriver.remote.webelement.WebElement (session="7e7f9a641a0dd820ec81cc74311af5ab", element="0FF82AC06224243240F1494E7CD9744B_element_20707")&gt;</msg>
<var>${element}</var>
<arg>${list elements}</arg>
<arg>${i}</arg>
<doc>Returns the value specified with an ``index`` from ``list``.</doc>
<status status="PASS" start="2024-03-16T06:22:24.759446" elapsed="0.000000"/>
</kw>
<kw name="Get Text" owner="SeleniumLibrary">
<msg time="2024-03-16T06:22:24.765556" level="INFO">${price_text} = 123.98 SEK</msg>
<var>${price_text}</var>
<arg>${element}</arg>
<doc>Returns the text value of the element identified by ``locator``.</doc>
<status status="PASS" start="2024-03-16T06:22:24.760455" elapsed="0.005101"/>
</kw>
<kw name="Append To List" owner="Collections">
<arg>${AllPrices}</arg>
<arg>${price_text}</arg>
<doc>Adds ``values`` to the end of ``list``.</doc>
<status status="PASS" start="2024-03-16T06:22:24.766493" elapsed="0.000000"/>
</kw>
<var name="${i}">30</var>
<status status="PASS" start="2024-03-16T06:22:24.759446" elapsed="0.007047"/>
</iter>
<iter>
<kw name="Get From List" owner="Collections">
<msg time="2024-03-16T06:22:24.766493" level="INFO">${element} = &lt;selenium.webdriver.remote.webelement.WebElement (session="7e7f9a641a0dd820ec81cc74311af5ab", element="0FF82AC06224243240F1494E7CD9744B_element_20638")&gt;</msg>
<var>${element}</var>
<arg>${list elements}</arg>
<arg>${i}</arg>
<doc>Returns the value specified with an ``index`` from ``list``.</doc>
<status status="PASS" start="2024-03-16T06:22:24.766493" elapsed="0.000000"/>
</kw>
<kw name="Get Text" owner="SeleniumLibrary">
<msg time="2024-03-16T06:22:24.772824" level="INFO">${price_text} = 123.98 SEK</msg>
<var>${price_text}</var>
<arg>${element}</arg>
<doc>Returns the text value of the element identified by ``locator``.</doc>
<status status="PASS" start="2024-03-16T06:22:24.766493" elapsed="0.006331"/>
</kw>
<kw name="Append To List" owner="Collections">
<arg>${AllPrices}</arg>
<arg>${price_text}</arg>
<doc>Adds ``values`` to the end of ``list``.</doc>
<status status="PASS" start="2024-03-16T06:22:24.772824" elapsed="0.000000"/>
</kw>
<var name="${i}">31</var>
<status status="PASS" start="2024-03-16T06:22:24.766493" elapsed="0.006331"/>
</iter>
<iter>
<kw name="Get From List" owner="Collections">
<msg time="2024-03-16T06:22:24.772824" level="INFO">${element} = &lt;selenium.webdriver.remote.webelement.WebElement (session="7e7f9a641a0dd820ec81cc74311af5ab", element="0FF82AC06224243240F1494E7CD9744B_element_20569")&gt;</msg>
<var>${element}</var>
<arg>${list elements}</arg>
<arg>${i}</arg>
<doc>Returns the value specified with an ``index`` from ``list``.</doc>
<status status="PASS" start="2024-03-16T06:22:24.772824" elapsed="0.000000"/>
</kw>
<kw name="Get Text" owner="SeleniumLibrary">
<msg time="2024-03-16T06:22:24.772824" level="INFO">${price_text} = 123.98 SEK</msg>
<var>${price_text}</var>
<arg>${element}</arg>
<doc>Returns the text value of the element identified by ``locator``.</doc>
<status status="PASS" start="2024-03-16T06:22:24.772824" elapsed="0.000000"/>
</kw>
<kw name="Append To List" owner="Collections">
<arg>${AllPrices}</arg>
<arg>${price_text}</arg>
<doc>Adds ``values`` to the end of ``list``.</doc>
<status status="PASS" start="2024-03-16T06:22:24.772824" elapsed="0.000000"/>
</kw>
<var name="${i}">32</var>
<status status="PASS" start="2024-03-16T06:22:24.772824" elapsed="0.000000"/>
</iter>
<iter>
<kw name="Get From List" owner="Collections">
<msg time="2024-03-16T06:22:24.772824" level="INFO">${element} = &lt;selenium.webdriver.remote.webelement.WebElement (session="7e7f9a641a0dd820ec81cc74311af5ab", element="0FF82AC06224243240F1494E7CD9744B_element_20500")&gt;</msg>
<var>${element}</var>
<arg>${list elements}</arg>
<arg>${i}</arg>
<doc>Returns the value specified with an ``index`` from ``list``.</doc>
<status status="PASS" start="2024-03-16T06:22:24.772824" elapsed="0.000000"/>
</kw>
<kw name="Get Text" owner="SeleniumLibrary">
<msg time="2024-03-16T06:22:24.788532" level="INFO">${price_text} = 123.98 SEK</msg>
<var>${price_text}</var>
<arg>${element}</arg>
<doc>Returns the text value of the element identified by ``locator``.</doc>
<status status="PASS" start="2024-03-16T06:22:24.772824" elapsed="0.015708"/>
</kw>
<kw name="Append To List" owner="Collections">
<arg>${AllPrices}</arg>
<arg>${price_text}</arg>
<doc>Adds ``values`` to the end of ``list``.</doc>
<status status="PASS" start="2024-03-16T06:22:24.788532" elapsed="0.000000"/>
</kw>
<var name="${i}">33</var>
<status status="PASS" start="2024-03-16T06:22:24.772824" elapsed="0.015708"/>
</iter>
<iter>
<kw name="Get From List" owner="Collections">
<msg time="2024-03-16T06:22:24.788532" level="INFO">${element} = &lt;selenium.webdriver.remote.webelement.WebElement (session="7e7f9a641a0dd820ec81cc74311af5ab", element="0FF82AC06224243240F1494E7CD9744B_element_20431")&gt;</msg>
<var>${element}</var>
<arg>${list elements}</arg>
<arg>${i}</arg>
<doc>Returns the value specified with an ``index`` from ``list``.</doc>
<status status="PASS" start="2024-03-16T06:22:24.788532" elapsed="0.000000"/>
</kw>
<kw name="Get Text" owner="SeleniumLibrary">
<msg time="2024-03-16T06:22:24.788532" level="INFO">${price_text} = 123.98 SEK</msg>
<var>${price_text}</var>
<arg>${element}</arg>
<doc>Returns the text value of the element identified by ``locator``.</doc>
<status status="PASS" start="2024-03-16T06:22:24.788532" elapsed="0.000000"/>
</kw>
<kw name="Append To List" owner="Collections">
<arg>${AllPrices}</arg>
<arg>${price_text}</arg>
<doc>Adds ``values`` to the end of ``list``.</doc>
<status status="PASS" start="2024-03-16T06:22:24.788532" elapsed="0.000000"/>
</kw>
<var name="${i}">34</var>
<status status="PASS" start="2024-03-16T06:22:24.788532" elapsed="0.000000"/>
</iter>
<iter>
<kw name="Get From List" owner="Collections">
<msg time="2024-03-16T06:22:24.788532" level="INFO">${element} = &lt;selenium.webdriver.remote.webelement.WebElement (session="7e7f9a641a0dd820ec81cc74311af5ab", element="0FF82AC06224243240F1494E7CD9744B_element_21667")&gt;</msg>
<var>${element}</var>
<arg>${list elements}</arg>
<arg>${i}</arg>
<doc>Returns the value specified with an ``index`` from ``list``.</doc>
<status status="PASS" start="2024-03-16T06:22:24.788532" elapsed="0.000000"/>
</kw>
<kw name="Get Text" owner="SeleniumLibrary">
<msg time="2024-03-16T06:22:24.788532" level="INFO">${price_text} = 123.98 SEK</msg>
<var>${price_text}</var>
<arg>${element}</arg>
<doc>Returns the text value of the element identified by ``locator``.</doc>
<status status="PASS" start="2024-03-16T06:22:24.788532" elapsed="0.000000"/>
</kw>
<kw name="Append To List" owner="Collections">
<arg>${AllPrices}</arg>
<arg>${price_text}</arg>
<doc>Adds ``values`` to the end of ``list``.</doc>
<status status="PASS" start="2024-03-16T06:22:24.804086" elapsed="0.000600"/>
</kw>
<var name="${i}">35</var>
<status status="PASS" start="2024-03-16T06:22:24.788532" elapsed="0.016154"/>
</iter>
<iter>
<kw name="Get From List" owner="Collections">
<msg time="2024-03-16T06:22:24.805703" level="INFO">${element} = &lt;selenium.webdriver.remote.webelement.WebElement (session="7e7f9a641a0dd820ec81cc74311af5ab", element="0FF82AC06224243240F1494E7CD9744B_element_21589")&gt;</msg>
<var>${element}</var>
<arg>${list elements}</arg>
<arg>${i}</arg>
<doc>Returns the value specified with an ``index`` from ``list``.</doc>
<status status="PASS" start="2024-03-16T06:22:24.804686" elapsed="0.001017"/>
</kw>
<kw name="Get Text" owner="SeleniumLibrary">
<msg time="2024-03-16T06:22:24.814048" level="INFO">${price_text} = 123.98 SEK</msg>
<var>${price_text}</var>
<arg>${element}</arg>
<doc>Returns the text value of the element identified by ``locator``.</doc>
<status status="PASS" start="2024-03-16T06:22:24.806004" elapsed="0.008044"/>
</kw>
<kw name="Append To List" owner="Collections">
<arg>${AllPrices}</arg>
<arg>${price_text}</arg>
<doc>Adds ``values`` to the end of ``list``.</doc>
<status status="PASS" start="2024-03-16T06:22:24.815043" elapsed="0.000000"/>
</kw>
<var name="${i}">36</var>
<status status="PASS" start="2024-03-16T06:22:24.804686" elapsed="0.010357"/>
</iter>
<iter>
<kw name="Get From List" owner="Collections">
<msg time="2024-03-16T06:22:24.816043" level="INFO">${element} = &lt;selenium.webdriver.remote.webelement.WebElement (session="7e7f9a641a0dd820ec81cc74311af5ab", element="0FF82AC06224243240F1494E7CD9744B_element_21520")&gt;</msg>
<var>${element}</var>
<arg>${list elements}</arg>
<arg>${i}</arg>
<doc>Returns the value specified with an ``index`` from ``list``.</doc>
<status status="PASS" start="2024-03-16T06:22:24.816043" elapsed="0.000000"/>
</kw>
<kw name="Get Text" owner="SeleniumLibrary">
<msg time="2024-03-16T06:22:24.825696" level="INFO">${price_text} = 123.98 SEK</msg>
<var>${price_text}</var>
<arg>${element}</arg>
<doc>Returns the text value of the element identified by ``locator``.</doc>
<status status="PASS" start="2024-03-16T06:22:24.816043" elapsed="0.009653"/>
</kw>
<kw name="Append To List" owner="Collections">
<arg>${AllPrices}</arg>
<arg>${price_text}</arg>
<doc>Adds ``values`` to the end of ``list``.</doc>
<status status="PASS" start="2024-03-16T06:22:24.825696" elapsed="0.001002"/>
</kw>
<var name="${i}">37</var>
<status status="PASS" start="2024-03-16T06:22:24.815043" elapsed="0.011655"/>
</iter>
<iter>
<kw name="Get From List" owner="Collections">
<msg time="2024-03-16T06:22:24.826698" level="INFO">${element} = &lt;selenium.webdriver.remote.webelement.WebElement (session="7e7f9a641a0dd820ec81cc74311af5ab", element="0FF82AC06224243240F1494E7CD9744B_element_21451")&gt;</msg>
<var>${element}</var>
<arg>${list elements}</arg>
<arg>${i}</arg>
<doc>Returns the value specified with an ``index`` from ``list``.</doc>
<status status="PASS" start="2024-03-16T06:22:24.826698" elapsed="0.000000"/>
</kw>
<kw name="Get Text" owner="SeleniumLibrary">
<msg time="2024-03-16T06:22:24.832487" level="INFO">${price_text} = 123.98 SEK</msg>
<var>${price_text}</var>
<arg>${element}</arg>
<doc>Returns the text value of the element identified by ``locator``.</doc>
<status status="PASS" start="2024-03-16T06:22:24.826698" elapsed="0.005789"/>
</kw>
<kw name="Append To List" owner="Collections">
<arg>${AllPrices}</arg>
<arg>${price_text}</arg>
<doc>Adds ``values`` to the end of ``list``.</doc>
<status status="PASS" start="2024-03-16T06:22:24.832487" elapsed="0.000999"/>
</kw>
<var name="${i}">38</var>
<status status="PASS" start="2024-03-16T06:22:24.826698" elapsed="0.006788"/>
</iter>
<iter>
<kw name="Get From List" owner="Collections">
<msg time="2024-03-16T06:22:24.833486" level="INFO">${element} = &lt;selenium.webdriver.remote.webelement.WebElement (session="7e7f9a641a0dd820ec81cc74311af5ab", element="0FF82AC06224243240F1494E7CD9744B_element_21382")&gt;</msg>
<var>${element}</var>
<arg>${list elements}</arg>
<arg>${i}</arg>
<doc>Returns the value specified with an ``index`` from ``list``.</doc>
<status status="PASS" start="2024-03-16T06:22:24.833486" elapsed="0.000000"/>
</kw>
<kw name="Get Text" owner="SeleniumLibrary">
<msg time="2024-03-16T06:22:24.841004" level="INFO">${price_text} = 123.98 SEK</msg>
<var>${price_text}</var>
<arg>${element}</arg>
<doc>Returns the text value of the element identified by ``locator``.</doc>
<status status="PASS" start="2024-03-16T06:22:24.833486" elapsed="0.007518"/>
</kw>
<kw name="Append To List" owner="Collections">
<arg>${AllPrices}</arg>
<arg>${price_text}</arg>
<doc>Adds ``values`` to the end of ``list``.</doc>
<status status="PASS" start="2024-03-16T06:22:24.841004" elapsed="0.000000"/>
</kw>
<var name="${i}">39</var>
<status status="PASS" start="2024-03-16T06:22:24.833486" elapsed="0.007518"/>
</iter>
<iter>
<kw name="Get From List" owner="Collections">
<msg time="2024-03-16T06:22:24.841004" level="INFO">${element} = &lt;selenium.webdriver.remote.webelement.WebElement (session="7e7f9a641a0dd820ec81cc74311af5ab", element="0FF82AC06224243240F1494E7CD9744B_element_21313")&gt;</msg>
<var>${element}</var>
<arg>${list elements}</arg>
<arg>${i}</arg>
<doc>Returns the value specified with an ``index`` from ``list``.</doc>
<status status="PASS" start="2024-03-16T06:22:24.841004" elapsed="0.000000"/>
</kw>
<kw name="Get Text" owner="SeleniumLibrary">
<msg time="2024-03-16T06:22:24.841004" level="INFO">${price_text} = 123.98 SEK</msg>
<var>${price_text}</var>
<arg>${element}</arg>
<doc>Returns the text value of the element identified by ``locator``.</doc>
<status status="PASS" start="2024-03-16T06:22:24.841004" elapsed="0.000000"/>
</kw>
<kw name="Append To List" owner="Collections">
<arg>${AllPrices}</arg>
<arg>${price_text}</arg>
<doc>Adds ``values`` to the end of ``list``.</doc>
<status status="PASS" start="2024-03-16T06:22:24.841004" elapsed="0.000000"/>
</kw>
<var name="${i}">40</var>
<status status="PASS" start="2024-03-16T06:22:24.841004" elapsed="0.000000"/>
</iter>
<iter>
<kw name="Get From List" owner="Collections">
<msg time="2024-03-16T06:22:24.841004" level="INFO">${element} = &lt;selenium.webdriver.remote.webelement.WebElement (session="7e7f9a641a0dd820ec81cc74311af5ab", element="0FF82AC06224243240F1494E7CD9744B_element_23442")&gt;</msg>
<var>${element}</var>
<arg>${list elements}</arg>
<arg>${i}</arg>
<doc>Returns the value specified with an ``index`` from ``list``.</doc>
<status status="PASS" start="2024-03-16T06:22:24.841004" elapsed="0.000000"/>
</kw>
<kw name="Get Text" owner="SeleniumLibrary">
<msg time="2024-03-16T06:22:24.841004" level="INFO">${price_text} = 123.98 SEK</msg>
<var>${price_text}</var>
<arg>${element}</arg>
<doc>Returns the text value of the element identified by ``locator``.</doc>
<status status="PASS" start="2024-03-16T06:22:24.841004" elapsed="0.000000"/>
</kw>
<kw name="Append To List" owner="Collections">
<arg>${AllPrices}</arg>
<arg>${price_text}</arg>
<doc>Adds ``values`` to the end of ``list``.</doc>
<status status="PASS" start="2024-03-16T06:22:24.841004" elapsed="0.000000"/>
</kw>
<var name="${i}">41</var>
<status status="PASS" start="2024-03-16T06:22:24.841004" elapsed="0.000000"/>
</iter>
<iter>
<kw name="Get From List" owner="Collections">
<msg time="2024-03-16T06:22:24.856010" level="INFO">${element} = &lt;selenium.webdriver.remote.webelement.WebElement (session="7e7f9a641a0dd820ec81cc74311af5ab", element="0FF82AC06224243240F1494E7CD9744B_element_23390")&gt;</msg>
<var>${element}</var>
<arg>${list elements}</arg>
<arg>${i}</arg>
<doc>Returns the value specified with an ``index`` from ``list``.</doc>
<status status="PASS" start="2024-03-16T06:22:24.856010" elapsed="0.000000"/>
</kw>
<kw name="Get Text" owner="SeleniumLibrary">
<msg time="2024-03-16T06:22:24.856010" level="INFO">${price_text} = 123.98 SEK</msg>
<var>${price_text}</var>
<arg>${element}</arg>
<doc>Returns the text value of the element identified by ``locator``.</doc>
<status status="PASS" start="2024-03-16T06:22:24.856010" elapsed="0.000000"/>
</kw>
<kw name="Append To List" owner="Collections">
<arg>${AllPrices}</arg>
<arg>${price_text}</arg>
<doc>Adds ``values`` to the end of ``list``.</doc>
<status status="PASS" start="2024-03-16T06:22:24.856010" elapsed="0.000000"/>
</kw>
<var name="${i}">42</var>
<status status="PASS" start="2024-03-16T06:22:24.856010" elapsed="0.000000"/>
</iter>
<iter>
<kw name="Get From List" owner="Collections">
<msg time="2024-03-16T06:22:24.856010" level="INFO">${element} = &lt;selenium.webdriver.remote.webelement.WebElement (session="7e7f9a641a0dd820ec81cc74311af5ab", element="0FF82AC06224243240F1494E7CD9744B_element_23321")&gt;</msg>
<var>${element}</var>
<arg>${list elements}</arg>
<arg>${i}</arg>
<doc>Returns the value specified with an ``index`` from ``list``.</doc>
<status status="PASS" start="2024-03-16T06:22:24.856010" elapsed="0.000000"/>
</kw>
<kw name="Get Text" owner="SeleniumLibrary">
<msg time="2024-03-16T06:22:24.889398" level="INFO">${price_text} = 123.98 SEK</msg>
<var>${price_text}</var>
<arg>${element}</arg>
<doc>Returns the text value of the element identified by ``locator``.</doc>
<status status="PASS" start="2024-03-16T06:22:24.856010" elapsed="0.033388"/>
</kw>
<kw name="Append To List" owner="Collections">
<arg>${AllPrices}</arg>
<arg>${price_text}</arg>
<doc>Adds ``values`` to the end of ``list``.</doc>
<status status="PASS" start="2024-03-16T06:22:24.889398" elapsed="0.000000"/>
</kw>
<var name="${i}">43</var>
<status status="PASS" start="2024-03-16T06:22:24.856010" elapsed="0.033388"/>
</iter>
<iter>
<kw name="Get From List" owner="Collections">
<msg time="2024-03-16T06:22:24.889398" level="INFO">${element} = &lt;selenium.webdriver.remote.webelement.WebElement (session="7e7f9a641a0dd820ec81cc74311af5ab", element="0FF82AC06224243240F1494E7CD9744B_element_23252")&gt;</msg>
<var>${element}</var>
<arg>${list elements}</arg>
<arg>${i}</arg>
<doc>Returns the value specified with an ``index`` from ``list``.</doc>
<status status="PASS" start="2024-03-16T06:22:24.889398" elapsed="0.000000"/>
</kw>
<kw name="Get Text" owner="SeleniumLibrary">
<msg time="2024-03-16T06:22:24.889398" level="INFO">${price_text} = 123.98 SEK</msg>
<var>${price_text}</var>
<arg>${element}</arg>
<doc>Returns the text value of the element identified by ``locator``.</doc>
<status status="PASS" start="2024-03-16T06:22:24.889398" elapsed="0.000000"/>
</kw>
<kw name="Append To List" owner="Collections">
<arg>${AllPrices}</arg>
<arg>${price_text}</arg>
<doc>Adds ``values`` to the end of ``list``.</doc>
<status status="PASS" start="2024-03-16T06:22:24.889398" elapsed="0.000000"/>
</kw>
<var name="${i}">44</var>
<status status="PASS" start="2024-03-16T06:22:24.889398" elapsed="0.000000"/>
</iter>
<iter>
<kw name="Get From List" owner="Collections">
<msg time="2024-03-16T06:22:24.889398" level="INFO">${element} = &lt;selenium.webdriver.remote.webelement.WebElement (session="7e7f9a641a0dd820ec81cc74311af5ab", element="0FF82AC06224243240F1494E7CD9744B_element_23183")&gt;</msg>
<var>${element}</var>
<arg>${list elements}</arg>
<arg>${i}</arg>
<doc>Returns the value specified with an ``index`` from ``list``.</doc>
<status status="PASS" start="2024-03-16T06:22:24.889398" elapsed="0.000000"/>
</kw>
<kw name="Get Text" owner="SeleniumLibrary">
<msg time="2024-03-16T06:22:24.906260" level="INFO">${price_text} = 123.98 SEK</msg>
<var>${price_text}</var>
<arg>${element}</arg>
<doc>Returns the text value of the element identified by ``locator``.</doc>
<status status="PASS" start="2024-03-16T06:22:24.889398" elapsed="0.016862"/>
</kw>
<kw name="Append To List" owner="Collections">
<arg>${AllPrices}</arg>
<arg>${price_text}</arg>
<doc>Adds ``values`` to the end of ``list``.</doc>
<status status="PASS" start="2024-03-16T06:22:24.906260" elapsed="0.000000"/>
</kw>
<var name="${i}">45</var>
<status status="PASS" start="2024-03-16T06:22:24.889398" elapsed="0.016862"/>
</iter>
<iter>
<kw name="Get From List" owner="Collections">
<msg time="2024-03-16T06:22:24.906260" level="INFO">${element} = &lt;selenium.webdriver.remote.webelement.WebElement (session="7e7f9a641a0dd820ec81cc74311af5ab", element="0FF82AC06224243240F1494E7CD9744B_element_23114")&gt;</msg>
<var>${element}</var>
<arg>${list elements}</arg>
<arg>${i}</arg>
<doc>Returns the value specified with an ``index`` from ``list``.</doc>
<status status="PASS" start="2024-03-16T06:22:24.906260" elapsed="0.000000"/>
</kw>
<kw name="Get Text" owner="SeleniumLibrary">
<msg time="2024-03-16T06:22:24.906260" level="INFO">${price_text} = 123.98 SEK</msg>
<var>${price_text}</var>
<arg>${element}</arg>
<doc>Returns the text value of the element identified by ``locator``.</doc>
<status status="PASS" start="2024-03-16T06:22:24.906260" elapsed="0.000000"/>
</kw>
<kw name="Append To List" owner="Collections">
<arg>${AllPrices}</arg>
<arg>${price_text}</arg>
<doc>Adds ``values`` to the end of ``list``.</doc>
<status status="PASS" start="2024-03-16T06:22:24.906260" elapsed="0.000000"/>
</kw>
<var name="${i}">46</var>
<status status="PASS" start="2024-03-16T06:22:24.906260" elapsed="0.000000"/>
</iter>
<iter>
<kw name="Get From List" owner="Collections">
<msg time="2024-03-16T06:22:24.906260" level="INFO">${element} = &lt;selenium.webdriver.remote.webelement.WebElement (session="7e7f9a641a0dd820ec81cc74311af5ab", element="0FF82AC06224243240F1494E7CD9744B_element_23045")&gt;</msg>
<var>${element}</var>
<arg>${list elements}</arg>
<arg>${i}</arg>
<doc>Returns the value specified with an ``index`` from ``list``.</doc>
<status status="PASS" start="2024-03-16T06:22:24.906260" elapsed="0.000000"/>
</kw>
<kw name="Get Text" owner="SeleniumLibrary">
<msg time="2024-03-16T06:22:24.924431" level="INFO">${price_text} = 123.98 SEK</msg>
<var>${price_text}</var>
<arg>${element}</arg>
<doc>Returns the text value of the element identified by ``locator``.</doc>
<status status="PASS" start="2024-03-16T06:22:24.906260" elapsed="0.018171"/>
</kw>
<kw name="Append To List" owner="Collections">
<arg>${AllPrices}</arg>
<arg>${price_text}</arg>
<doc>Adds ``values`` to the end of ``list``.</doc>
<status status="PASS" start="2024-03-16T06:22:24.924431" elapsed="0.000000"/>
</kw>
<var name="${i}">47</var>
<status status="PASS" start="2024-03-16T06:22:24.906260" elapsed="0.018171"/>
</iter>
<iter>
<kw name="Get From List" owner="Collections">
<msg time="2024-03-16T06:22:24.924431" level="INFO">${element} = &lt;selenium.webdriver.remote.webelement.WebElement (session="7e7f9a641a0dd820ec81cc74311af5ab", element="0FF82AC06224243240F1494E7CD9744B_element_22976")&gt;</msg>
<var>${element}</var>
<arg>${list elements}</arg>
<arg>${i}</arg>
<doc>Returns the value specified with an ``index`` from ``list``.</doc>
<status status="PASS" start="2024-03-16T06:22:24.924431" elapsed="0.000000"/>
</kw>
<kw name="Get Text" owner="SeleniumLibrary">
<msg time="2024-03-16T06:22:24.924431" level="INFO">${price_text} = 123.98 SEK</msg>
<var>${price_text}</var>
<arg>${element}</arg>
<doc>Returns the text value of the element identified by ``locator``.</doc>
<status status="PASS" start="2024-03-16T06:22:24.924431" elapsed="0.000000"/>
</kw>
<kw name="Append To List" owner="Collections">
<arg>${AllPrices}</arg>
<arg>${price_text}</arg>
<doc>Adds ``values`` to the end of ``list``.</doc>
<status status="PASS" start="2024-03-16T06:22:24.924431" elapsed="0.000000"/>
</kw>
<var name="${i}">48</var>
<status status="PASS" start="2024-03-16T06:22:24.924431" elapsed="0.000000"/>
</iter>
<iter>
<kw name="Get From List" owner="Collections">
<msg time="2024-03-16T06:22:24.924431" level="INFO">${element} = &lt;selenium.webdriver.remote.webelement.WebElement (session="7e7f9a641a0dd820ec81cc74311af5ab", element="0FF82AC06224243240F1494E7CD9744B_element_22907")&gt;</msg>
<var>${element}</var>
<arg>${list elements}</arg>
<arg>${i}</arg>
<doc>Returns the value specified with an ``index`` from ``list``.</doc>
<status status="PASS" start="2024-03-16T06:22:24.924431" elapsed="0.000000"/>
</kw>
<kw name="Get Text" owner="SeleniumLibrary">
<msg time="2024-03-16T06:22:24.944137" level="INFO">${price_text} = 123.98 SEK</msg>
<var>${price_text}</var>
<arg>${element}</arg>
<doc>Returns the text value of the element identified by ``locator``.</doc>
<status status="PASS" start="2024-03-16T06:22:24.924431" elapsed="0.019706"/>
</kw>
<kw name="Append To List" owner="Collections">
<arg>${AllPrices}</arg>
<arg>${price_text}</arg>
<doc>Adds ``values`` to the end of ``list``.</doc>
<status status="PASS" start="2024-03-16T06:22:24.944137" elapsed="0.000000"/>
</kw>
<var name="${i}">49</var>
<status status="PASS" start="2024-03-16T06:22:24.924431" elapsed="0.019706"/>
</iter>
<iter>
<kw name="Get From List" owner="Collections">
<msg time="2024-03-16T06:22:24.944137" level="INFO">${element} = &lt;selenium.webdriver.remote.webelement.WebElement (session="7e7f9a641a0dd820ec81cc74311af5ab", element="0FF82AC06224243240F1494E7CD9744B_element_22838")&gt;</msg>
<var>${element}</var>
<arg>${list elements}</arg>
<arg>${i}</arg>
<doc>Returns the value specified with an ``index`` from ``list``.</doc>
<status status="PASS" start="2024-03-16T06:22:24.944137" elapsed="0.000000"/>
</kw>
<kw name="Get Text" owner="SeleniumLibrary">
<msg time="2024-03-16T06:22:24.954759" level="INFO">${price_text} = 123.98 SEK</msg>
<var>${price_text}</var>
<arg>${element}</arg>
<doc>Returns the text value of the element identified by ``locator``.</doc>
<status status="PASS" start="2024-03-16T06:22:24.944137" elapsed="0.010622"/>
</kw>
<kw name="Append To List" owner="Collections">
<arg>${AllPrices}</arg>
<arg>${price_text}</arg>
<doc>Adds ``values`` to the end of ``list``.</doc>
<status status="PASS" start="2024-03-16T06:22:24.954759" elapsed="0.000000"/>
</kw>
<var name="${i}">50</var>
<status status="PASS" start="2024-03-16T06:22:24.944137" elapsed="0.010622"/>
</iter>
<iter>
<kw name="Get From List" owner="Collections">
<msg time="2024-03-16T06:22:24.955767" level="INFO">${element} = &lt;selenium.webdriver.remote.webelement.WebElement (session="7e7f9a641a0dd820ec81cc74311af5ab", element="0FF82AC06224243240F1494E7CD9744B_element_22769")&gt;</msg>
<var>${element}</var>
<arg>${list elements}</arg>
<arg>${i}</arg>
<doc>Returns the value specified with an ``index`` from ``list``.</doc>
<status status="PASS" start="2024-03-16T06:22:24.955767" elapsed="0.000000"/>
</kw>
<kw name="Get Text" owner="SeleniumLibrary">
<msg time="2024-03-16T06:22:24.965439" level="INFO">${price_text} = 123.98 SEK</msg>
<var>${price_text}</var>
<arg>${element}</arg>
<doc>Returns the text value of the element identified by ``locator``.</doc>
<status status="PASS" start="2024-03-16T06:22:24.955767" elapsed="0.009672"/>
</kw>
<kw name="Append To List" owner="Collections">
<arg>${AllPrices}</arg>
<arg>${price_text}</arg>
<doc>Adds ``values`` to the end of ``list``.</doc>
<status status="PASS" start="2024-03-16T06:22:24.965439" elapsed="0.000000"/>
</kw>
<var name="${i}">51</var>
<status status="PASS" start="2024-03-16T06:22:24.955767" elapsed="0.009672"/>
</iter>
<iter>
<kw name="Get From List" owner="Collections">
<msg time="2024-03-16T06:22:24.965439" level="INFO">${element} = &lt;selenium.webdriver.remote.webelement.WebElement (session="7e7f9a641a0dd820ec81cc74311af5ab", element="0FF82AC06224243240F1494E7CD9744B_element_22700")&gt;</msg>
<var>${element}</var>
<arg>${list elements}</arg>
<arg>${i}</arg>
<doc>Returns the value specified with an ``index`` from ``list``.</doc>
<status status="PASS" start="2024-03-16T06:22:24.965439" elapsed="0.000000"/>
</kw>
<kw name="Get Text" owner="SeleniumLibrary">
<msg time="2024-03-16T06:22:24.981064" level="INFO">${price_text} = 123.98 SEK</msg>
<var>${price_text}</var>
<arg>${element}</arg>
<doc>Returns the text value of the element identified by ``locator``.</doc>
<status status="PASS" start="2024-03-16T06:22:24.965439" elapsed="0.015625"/>
</kw>
<kw name="Append To List" owner="Collections">
<arg>${AllPrices}</arg>
<arg>${price_text}</arg>
<doc>Adds ``values`` to the end of ``list``.</doc>
<status status="PASS" start="2024-03-16T06:22:24.981064" elapsed="0.000000"/>
</kw>
<var name="${i}">52</var>
<status status="PASS" start="2024-03-16T06:22:24.965439" elapsed="0.015625"/>
</iter>
<iter>
<kw name="Get From List" owner="Collections">
<msg time="2024-03-16T06:22:24.981064" level="INFO">${element} = &lt;selenium.webdriver.remote.webelement.WebElement (session="7e7f9a641a0dd820ec81cc74311af5ab", element="0FF82AC06224243240F1494E7CD9744B_element_22631")&gt;</msg>
<var>${element}</var>
<arg>${list elements}</arg>
<arg>${i}</arg>
<doc>Returns the value specified with an ``index`` from ``list``.</doc>
<status status="PASS" start="2024-03-16T06:22:24.981064" elapsed="0.000000"/>
</kw>
<kw name="Get Text" owner="SeleniumLibrary">
<msg time="2024-03-16T06:22:24.991722" level="INFO">${price_text} = 123.98 SEK</msg>
<var>${price_text}</var>
<arg>${element}</arg>
<doc>Returns the text value of the element identified by ``locator``.</doc>
<status status="PASS" start="2024-03-16T06:22:24.981064" elapsed="0.010658"/>
</kw>
<kw name="Append To List" owner="Collections">
<arg>${AllPrices}</arg>
<arg>${price_text}</arg>
<doc>Adds ``values`` to the end of ``list``.</doc>
<status status="PASS" start="2024-03-16T06:22:24.991722" elapsed="0.000000"/>
</kw>
<var name="${i}">53</var>
<status status="PASS" start="2024-03-16T06:22:24.981064" elapsed="0.010658"/>
</iter>
<iter>
<kw name="Get From List" owner="Collections">
<msg time="2024-03-16T06:22:24.991722" level="INFO">${element} = &lt;selenium.webdriver.remote.webelement.WebElement (session="7e7f9a641a0dd820ec81cc74311af5ab", element="0FF82AC06224243240F1494E7CD9744B_element_22562")&gt;</msg>
<var>${element}</var>
<arg>${list elements}</arg>
<arg>${i}</arg>
<doc>Returns the value specified with an ``index`` from ``list``.</doc>
<status status="PASS" start="2024-03-16T06:22:24.991722" elapsed="0.000000"/>
</kw>
<kw name="Get Text" owner="SeleniumLibrary">
<msg time="2024-03-16T06:22:24.991722" level="INFO">${price_text} = 123.98 SEK</msg>
<var>${price_text}</var>
<arg>${element}</arg>
<doc>Returns the text value of the element identified by ``locator``.</doc>
<status status="PASS" start="2024-03-16T06:22:24.991722" elapsed="0.000000"/>
</kw>
<kw name="Append To List" owner="Collections">
<arg>${AllPrices}</arg>
<arg>${price_text}</arg>
<doc>Adds ``values`` to the end of ``list``.</doc>
<status status="PASS" start="2024-03-16T06:22:25.006748" elapsed="0.000000"/>
</kw>
<var name="${i}">54</var>
<status status="PASS" start="2024-03-16T06:22:24.991722" elapsed="0.015026"/>
</iter>
<iter>
<kw name="Get From List" owner="Collections">
<msg time="2024-03-16T06:22:25.006748" level="INFO">${element} = &lt;selenium.webdriver.remote.webelement.WebElement (session="7e7f9a641a0dd820ec81cc74311af5ab", element="0FF82AC06224243240F1494E7CD9744B_element_22493")&gt;</msg>
<var>${element}</var>
<arg>${list elements}</arg>
<arg>${i}</arg>
<doc>Returns the value specified with an ``index`` from ``list``.</doc>
<status status="PASS" start="2024-03-16T06:22:25.006748" elapsed="0.000000"/>
</kw>
<kw name="Get Text" owner="SeleniumLibrary">
<msg time="2024-03-16T06:22:25.006748" level="INFO">${price_text} = 123.98 SEK</msg>
<var>${price_text}</var>
<arg>${element}</arg>
<doc>Returns the text value of the element identified by ``locator``.</doc>
<status status="PASS" start="2024-03-16T06:22:25.006748" elapsed="0.000000"/>
</kw>
<kw name="Append To List" owner="Collections">
<arg>${AllPrices}</arg>
<arg>${price_text}</arg>
<doc>Adds ``values`` to the end of ``list``.</doc>
<status status="PASS" start="2024-03-16T06:22:25.006748" elapsed="0.000000"/>
</kw>
<var name="${i}">55</var>
<status status="PASS" start="2024-03-16T06:22:25.006748" elapsed="0.000000"/>
</iter>
<iter>
<kw name="Get From List" owner="Collections">
<msg time="2024-03-16T06:22:25.006748" level="INFO">${element} = &lt;selenium.webdriver.remote.webelement.WebElement (session="7e7f9a641a0dd820ec81cc74311af5ab", element="0FF82AC06224243240F1494E7CD9744B_element_22424")&gt;</msg>
<var>${element}</var>
<arg>${list elements}</arg>
<arg>${i}</arg>
<doc>Returns the value specified with an ``index`` from ``list``.</doc>
<status status="PASS" start="2024-03-16T06:22:25.006748" elapsed="0.000000"/>
</kw>
<kw name="Get Text" owner="SeleniumLibrary">
<msg time="2024-03-16T06:22:25.021412" level="INFO">${price_text} = 123.98 SEK</msg>
<var>${price_text}</var>
<arg>${element}</arg>
<doc>Returns the text value of the element identified by ``locator``.</doc>
<status status="PASS" start="2024-03-16T06:22:25.006748" elapsed="0.014664"/>
</kw>
<kw name="Append To List" owner="Collections">
<arg>${AllPrices}</arg>
<arg>${price_text}</arg>
<doc>Adds ``values`` to the end of ``list``.</doc>
<status status="PASS" start="2024-03-16T06:22:25.021412" elapsed="0.000000"/>
</kw>
<var name="${i}">56</var>
<status status="PASS" start="2024-03-16T06:22:25.006748" elapsed="0.015673"/>
</iter>
<iter>
<kw name="Get From List" owner="Collections">
<msg time="2024-03-16T06:22:25.022909" level="INFO">${element} = &lt;selenium.webdriver.remote.webelement.WebElement (session="7e7f9a641a0dd820ec81cc74311af5ab", element="0FF82AC06224243240F1494E7CD9744B_element_22355")&gt;</msg>
<var>${element}</var>
<arg>${list elements}</arg>
<arg>${i}</arg>
<doc>Returns the value specified with an ``index`` from ``list``.</doc>
<status status="PASS" start="2024-03-16T06:22:25.022909" elapsed="0.000000"/>
</kw>
<kw name="Get Text" owner="SeleniumLibrary">
<msg time="2024-03-16T06:22:25.022909" level="INFO">${price_text} = 123.98 SEK</msg>
<var>${price_text}</var>
<arg>${element}</arg>
<doc>Returns the text value of the element identified by ``locator``.</doc>
<status status="PASS" start="2024-03-16T06:22:25.022909" elapsed="0.000000"/>
</kw>
<kw name="Append To List" owner="Collections">
<arg>${AllPrices}</arg>
<arg>${price_text}</arg>
<doc>Adds ``values`` to the end of ``list``.</doc>
<status status="PASS" start="2024-03-16T06:22:25.022909" elapsed="0.000000"/>
</kw>
<var name="${i}">57</var>
<status status="PASS" start="2024-03-16T06:22:25.022421" elapsed="0.000488"/>
</iter>
<iter>
<kw name="Get From List" owner="Collections">
<msg time="2024-03-16T06:22:25.022909" level="INFO">${element} = &lt;selenium.webdriver.remote.webelement.WebElement (session="7e7f9a641a0dd820ec81cc74311af5ab", element="0FF82AC06224243240F1494E7CD9744B_element_22286")&gt;</msg>
<var>${element}</var>
<arg>${list elements}</arg>
<arg>${i}</arg>
<doc>Returns the value specified with an ``index`` from ``list``.</doc>
<status status="PASS" start="2024-03-16T06:22:25.022909" elapsed="0.000000"/>
</kw>
<kw name="Get Text" owner="SeleniumLibrary">
<msg time="2024-03-16T06:22:25.038531" level="INFO">${price_text} = 123.98 SEK</msg>
<var>${price_text}</var>
<arg>${element}</arg>
<doc>Returns the text value of the element identified by ``locator``.</doc>
<status status="PASS" start="2024-03-16T06:22:25.022909" elapsed="0.015622"/>
</kw>
<kw name="Append To List" owner="Collections">
<arg>${AllPrices}</arg>
<arg>${price_text}</arg>
<doc>Adds ``values`` to the end of ``list``.</doc>
<status status="PASS" start="2024-03-16T06:22:25.038531" elapsed="0.000000"/>
</kw>
<var name="${i}">58</var>
<status status="PASS" start="2024-03-16T06:22:25.022909" elapsed="0.015622"/>
</iter>
<iter>
<kw name="Get From List" owner="Collections">
<msg time="2024-03-16T06:22:25.038531" level="INFO">${element} = &lt;selenium.webdriver.remote.webelement.WebElement (session="7e7f9a641a0dd820ec81cc74311af5ab", element="0FF82AC06224243240F1494E7CD9744B_element_22217")&gt;</msg>
<var>${element}</var>
<arg>${list elements}</arg>
<arg>${i}</arg>
<doc>Returns the value specified with an ``index`` from ``list``.</doc>
<status status="PASS" start="2024-03-16T06:22:25.038531" elapsed="0.000000"/>
</kw>
<kw name="Get Text" owner="SeleniumLibrary">
<msg time="2024-03-16T06:22:25.054154" level="INFO">${price_text} = 123.98 SEK</msg>
<var>${price_text}</var>
<arg>${element}</arg>
<doc>Returns the text value of the element identified by ``locator``.</doc>
<status status="PASS" start="2024-03-16T06:22:25.038531" elapsed="0.015623"/>
</kw>
<kw name="Append To List" owner="Collections">
<arg>${AllPrices}</arg>
<arg>${price_text}</arg>
<doc>Adds ``values`` to the end of ``list``.</doc>
<status status="PASS" start="2024-03-16T06:22:25.054154" elapsed="0.000000"/>
</kw>
<var name="${i}">59</var>
<status status="PASS" start="2024-03-16T06:22:25.038531" elapsed="0.015623"/>
</iter>
<iter>
<kw name="Get From List" owner="Collections">
<msg time="2024-03-16T06:22:25.054154" level="INFO">${element} = &lt;selenium.webdriver.remote.webelement.WebElement (session="7e7f9a641a0dd820ec81cc74311af5ab", element="0FF82AC06224243240F1494E7CD9744B_element_22148")&gt;</msg>
<var>${element}</var>
<arg>${list elements}</arg>
<arg>${i}</arg>
<doc>Returns the value specified with an ``index`` from ``list``.</doc>
<status status="PASS" start="2024-03-16T06:22:25.054154" elapsed="0.000000"/>
</kw>
<kw name="Get Text" owner="SeleniumLibrary">
<msg time="2024-03-16T06:22:25.075301" level="INFO">${price_text} = 123.98 SEK</msg>
<var>${price_text}</var>
<arg>${element}</arg>
<doc>Returns the text value of the element identified by ``locator``.</doc>
<status status="PASS" start="2024-03-16T06:22:25.054154" elapsed="0.021147"/>
</kw>
<kw name="Append To List" owner="Collections">
<arg>${AllPrices}</arg>
<arg>${price_text}</arg>
<doc>Adds ``values`` to the end of ``list``.</doc>
<status status="PASS" start="2024-03-16T06:22:25.075301" elapsed="0.000000"/>
</kw>
<var name="${i}">60</var>
<status status="PASS" start="2024-03-16T06:22:25.054154" elapsed="0.021147"/>
</iter>
<var>${i}</var>
<value>1</value>
<value>${list_length}</value>
<status status="PASS" start="2024-03-16T06:22:24.379170" elapsed="0.696131"/>
</for>
<return>
<value>${AllPrices}</value>
<status status="PASS" start="2024-03-16T06:22:25.075301" elapsed="0.000000"/>
</return>
<msg time="2024-03-16T06:22:25.075301" level="INFO">${price_list} = ['18.98 SEK to 1,107.98 SEK', '31.00 SEK', '188.80 SEK to 190.77 SEK', '189.69 SEK', '190.16 SEK', '18.85 SEK to 946.53 SEK', '191.73 SEK', '183.90 SEK to 192.88 SEK', '182.20 SEK to 192.88 SEK', '65....</msg>
<var>${price_list}</var>
<status status="PASS" start="2024-03-16T06:22:24.301426" elapsed="0.773875"/>
</kw>
<kw name="Verify List Sorted" owner="SearchResultsPage">
<kw name="Get From List" owner="Collections">
<msg time="2024-03-16T06:22:25.075301" level="INFO">${first_element} = 18.98 SEK to 1,107.98 SEK</msg>
<var>${first_element}</var>
<arg>${list1}</arg>
<arg>0</arg>
<doc>Returns the value specified with an ``index`` from ``list``.</doc>
<status status="PASS" start="2024-03-16T06:22:25.075301" elapsed="0.000000"/>
</kw>
<kw name="Get From List" owner="Collections">
<msg time="2024-03-16T06:22:25.075301" level="INFO">${second_element} = 31.00 SEK</msg>
<var>${second_element}</var>
<arg>${list1}</arg>
<arg>1</arg>
<doc>Returns the value specified with an ``index`` from ``list``.</doc>
<status status="PASS" start="2024-03-16T06:22:25.075301" elapsed="0.000000"/>
</kw>
<kw name="Get From List" owner="Collections">
<msg time="2024-03-16T06:22:25.075301" level="INFO">${third_element} = 188.80 SEK to 190.77 SEK</msg>
<var>${third_element}</var>
<arg>${list1}</arg>
<arg>2</arg>
<doc>Returns the value specified with an ``index`` from ``list``.</doc>
<status status="PASS" start="2024-03-16T06:22:25.075301" elapsed="0.000000"/>
</kw>
<kw name="Extract Numerical Value" owner="SearchResultsPage">
<kw name="Get Regexp Matches" owner="String">
<msg time="2024-03-16T06:22:25.075301" level="INFO">${matches} = ['18.98', '1,107.98']</msg>
<var>${matches}</var>
<arg>${input_string}</arg>
<arg>[-+]?\\d{1,3}(?:,\\d{3})*(?:\\.\\d+)?</arg>
<doc>Returns a list of all non-overlapping matches in the given string.</doc>
<status status="PASS" start="2024-03-16T06:22:25.075301" elapsed="0.000000"/>
</kw>
<kw name="Log" owner="BuiltIn">
<msg time="2024-03-16T06:22:25.075301" level="INFO">['18.98', '1,107.98']</msg>
<arg>${matches}</arg>
<doc>Logs the given message with the given level.</doc>
<status status="PASS" start="2024-03-16T06:22:25.075301" elapsed="0.000000"/>
</kw>
<kw name="Convert To Number" owner="BuiltIn">
<msg time="2024-03-16T06:22:25.075301" level="INFO">${numerical_value} = 18.98</msg>
<var>${numerical_value}</var>
<arg>${matches[0].replace(',','')}</arg>
<doc>Converts the given item to a floating point number.</doc>
<status status="PASS" start="2024-03-16T06:22:25.075301" elapsed="0.000000"/>
</kw>
<return>
<value>${numerical_value}</value>
[...]
</kw>
<kw name="Get Text" owner="SeleniumLibrary">
<msg time="2024-03-16T06:23:00.453514" level="INFO">${price_text} = 72.22 SEK</msg>
<var>${price_text}</var>
<arg>${element}</arg>
<doc>Returns the text value of the element identified by ``locator``.</doc>
<status status="PASS" start="2024-03-16T06:23:00.453514" elapsed="0.000000"/>
</kw>
<kw name="Append To List" owner="Collections">
<arg>${AllPrices}</arg>
<arg>${price_text}</arg>
<doc>Adds ``values`` to the end of ``list``.</doc>
<status status="PASS" start="2024-03-16T06:23:00.453514" elapsed="0.000000"/>
</kw>
<var name="${i}">74</var>
<status status="PASS" start="2024-03-16T06:23:00.453514" elapsed="0.000000"/>
</iter>
<iter>
<kw name="Get From List" owner="Collections">
<msg time="2024-03-16T06:23:00.453514" level="INFO">${element} = &lt;selenium.webdriver.remote.webelement.WebElement (session="7b741eb66801c43f23136b9f126c60b0", element="F4554FBB10A9E68D04F34673678806D3_element_25791")&gt;</msg>
<var>${element}</var>
<arg>${list elements}</arg>
<arg>${i}</arg>
<doc>Returns the value specified with an ``index`` from ``list``.</doc>
<status status="PASS" start="2024-03-16T06:23:00.453514" elapsed="0.000000"/>
</kw>
<kw name="Get Text" owner="SeleniumLibrary">
<msg time="2024-03-16T06:23:00.471081" level="INFO">${price_text} = 277.93 SEK</msg>
<var>${price_text}</var>
<arg>${element}</arg>
<doc>Returns the text value of the element identified by ``locator``.</doc>
<status status="PASS" start="2024-03-16T06:23:00.453514" elapsed="0.017567"/>
</kw>
<kw name="Append To List" owner="Collections">
<arg>${AllPrices}</arg>
<arg>${price_text}</arg>
<doc>Adds ``values`` to the end of ``list``.</doc>
<status status="PASS" start="2024-03-16T06:23:00.471081" elapsed="0.000000"/>
</kw>
<var name="${i}">75</var>
<status status="PASS" start="2024-03-16T06:23:00.453514" elapsed="0.017567"/>
</iter>
<iter>
<kw name="Get From List" owner="Collections">
<msg time="2024-03-16T06:23:00.471081" level="INFO">${element} = &lt;selenium.webdriver.remote.webelement.WebElement (session="7b741eb66801c43f23136b9f126c60b0", element="F4554FBB10A9E68D04F34673678806D3_element_25826")&gt;</msg>
<var>${element}</var>
<arg>${list elements}</arg>
<arg>${i}</arg>
<doc>Returns the value specified with an ``index`` from ``list``.</doc>
<status status="PASS" start="2024-03-16T06:23:00.471081" elapsed="0.000000"/>
</kw>
<kw name="Get Text" owner="SeleniumLibrary">
<msg time="2024-03-16T06:23:00.471081" level="INFO">${price_text} = 103.11 SEK</msg>
<var>${price_text}</var>
<arg>${element}</arg>
<doc>Returns the text value of the element identified by ``locator``.</doc>
<status status="PASS" start="2024-03-16T06:23:00.471081" elapsed="0.000000"/>
</kw>
<kw name="Append To List" owner="Collections">
<arg>${AllPrices}</arg>
<arg>${price_text}</arg>
<doc>Adds ``values`` to the end of ``list``.</doc>
<status status="PASS" start="2024-03-16T06:23:00.471081" elapsed="0.000000"/>
</kw>
<var name="${i}">76</var>
<status status="PASS" start="2024-03-16T06:23:00.471081" elapsed="0.000000"/>
</iter>
<iter>
<kw name="Get From List" owner="Collections">
<msg time="2024-03-16T06:23:00.471081" level="INFO">${element} = &lt;selenium.webdriver.remote.webelement.WebElement (session="7b741eb66801c43f23136b9f126c60b0", element="F4554FBB10A9E68D04F34673678806D3_element_25861")&gt;</msg>
<var>${element}</var>
<arg>${list elements}</arg>
<arg>${i}</arg>
<doc>Returns the value specified with an ``index`` from ``list``.</doc>
<status status="PASS" start="2024-03-16T06:23:00.471081" elapsed="0.000000"/>
</kw>
<kw name="Get Text" owner="SeleniumLibrary">
<msg time="2024-03-16T06:23:00.486706" level="INFO">${price_text} = 178.12 SEK</msg>
<var>${price_text}</var>
<arg>${element}</arg>
<doc>Returns the text value of the element identified by ``locator``.</doc>
<status status="PASS" start="2024-03-16T06:23:00.471081" elapsed="0.015625"/>
</kw>
<kw name="Append To List" owner="Collections">
<arg>${AllPrices}</arg>
<arg>${price_text}</arg>
<doc>Adds ``values`` to the end of ``list``.</doc>
<status status="PASS" start="2024-03-16T06:23:00.486706" elapsed="0.000000"/>
</kw>
<var name="${i}">77</var>
<status status="PASS" start="2024-03-16T06:23:00.471081" elapsed="0.015625"/>
</iter>
<iter>
<kw name="Get From List" owner="Collections">
<msg time="2024-03-16T06:23:00.486706" level="INFO">${element} = &lt;selenium.webdriver.remote.webelement.WebElement (session="7b741eb66801c43f23136b9f126c60b0", element="F4554FBB10A9E68D04F34673678806D3_element_25896")&gt;</msg>
<var>${element}</var>
<arg>${list elements}</arg>
<arg>${i}</arg>
<doc>Returns the value specified with an ``index`` from ``list``.</doc>
<status status="PASS" start="2024-03-16T06:23:00.486706" elapsed="0.000000"/>
</kw>
<kw name="Get Text" owner="SeleniumLibrary">
<msg time="2024-03-16T06:23:00.486706" level="INFO">${price_text} = 140.52 SEK</msg>
<var>${price_text}</var>
<arg>${element}</arg>
<doc>Returns the text value of the element identified by ``locator``.</doc>
<status status="PASS" start="2024-03-16T06:23:00.486706" elapsed="0.000000"/>
</kw>
<kw name="Append To List" owner="Collections">
<arg>${AllPrices}</arg>
<arg>${price_text}</arg>
<doc>Adds ``values`` to the end of ``list``.</doc>
<status status="PASS" start="2024-03-16T06:23:00.486706" elapsed="0.000000"/>
</kw>
<var name="${i}">78</var>
<status status="PASS" start="2024-03-16T06:23:00.486706" elapsed="0.000000"/>
</iter>
<iter>
<kw name="Get From List" owner="Collections">
<msg time="2024-03-16T06:23:00.486706" level="INFO">${element} = &lt;selenium.webdriver.remote.webelement.WebElement (session="7b741eb66801c43f23136b9f126c60b0", element="F4554FBB10A9E68D04F34673678806D3_element_26434")&gt;</msg>
<var>${element}</var>
<arg>${list elements}</arg>
<arg>${i}</arg>
<doc>Returns the value specified with an ``index`` from ``list``.</doc>
<status status="PASS" start="2024-03-16T06:23:00.486706" elapsed="0.000000"/>
</kw>
<kw name="Get Text" owner="SeleniumLibrary">
<msg time="2024-03-16T06:23:00.502329" level="INFO">${price_text} = 252.21 SEK</msg>
<var>${price_text}</var>
<arg>${element}</arg>
<doc>Returns the text value of the element identified by ``locator``.</doc>
<status status="PASS" start="2024-03-16T06:23:00.486706" elapsed="0.015623"/>
</kw>
<kw name="Append To List" owner="Collections">
<arg>${AllPrices}</arg>
<arg>${price_text}</arg>
<doc>Adds ``values`` to the end of ``list``.</doc>
<status status="PASS" start="2024-03-16T06:23:00.502329" elapsed="0.000000"/>
</kw>
<var name="${i}">79</var>
<status status="PASS" start="2024-03-16T06:23:00.486706" elapsed="0.015623"/>
</iter>
<iter>
<kw name="Get From List" owner="Collections">
<msg time="2024-03-16T06:23:00.503218" level="INFO">${element} = &lt;selenium.webdriver.remote.webelement.WebElement (session="7b741eb66801c43f23136b9f126c60b0", element="F4554FBB10A9E68D04F34673678806D3_element_26407")&gt;</msg>
<var>${element}</var>
<arg>${list elements}</arg>
<arg>${i}</arg>
<doc>Returns the value specified with an ``index`` from ``list``.</doc>
<status status="PASS" start="2024-03-16T06:23:00.503218" elapsed="0.000000"/>
</kw>
<kw name="Get Text" owner="SeleniumLibrary">
<msg time="2024-03-16T06:23:00.504457" level="INFO">${price_text} = 238.57 SEK</msg>
<var>${price_text}</var>
<arg>${element}</arg>
<doc>Returns the text value of the element identified by ``locator``.</doc>
<status status="PASS" start="2024-03-16T06:23:00.503218" elapsed="0.001239"/>
</kw>
<kw name="Append To List" owner="Collections">
<arg>${AllPrices}</arg>
<arg>${price_text}</arg>
<doc>Adds ``values`` to the end of ``list``.</doc>
<status status="PASS" start="2024-03-16T06:23:00.504457" elapsed="0.000000"/>
</kw>
<var name="${i}">80</var>
<status status="PASS" start="2024-03-16T06:23:00.503218" elapsed="0.001239"/>
</iter>
<var>${i}</var>
<value>1</value>
<value>${list_length}</value>
<status status="PASS" start="2024-03-16T06:22:59.513407" elapsed="0.991050"/>
</for>
<return>
<value>${AllPrices}</value>
<status status="PASS" start="2024-03-16T06:23:00.504457" elapsed="0.000000"/>
</return>
<msg time="2024-03-16T06:23:00.504457" level="INFO">${price_list} = ['206.64 SEK', '140.52 SEK', '103.11 SEK', '370.20 SEK', '277.93 SEK', '178.12 SEK', '238.57 SEK', '72.22 SEK', '433.84 SEK', '405.22 SEK', '309.86 SEK', '516.09 SEK', '556.80 SEK', '289.19 SEK', '608...</msg>
<var>${price_list}</var>
<status status="PASS" start="2024-03-16T06:22:59.357117" elapsed="1.147340"/>
</kw>
<kw name="Verify List Sorted" owner="SearchResultsPage">
<kw name="Get From List" owner="Collections">
<msg time="2024-03-16T06:23:00.504457" level="INFO">${first_element} = 206.64 SEK</msg>
<var>${first_element}</var>
<arg>${list1}</arg>
<arg>0</arg>
<doc>Returns the value specified with an ``index`` from ``list``.</doc>
<status status="PASS" start="2024-03-16T06:23:00.504457" elapsed="0.000000"/>
</kw>
<kw name="Get From List" owner="Collections">
<msg time="2024-03-16T06:23:00.504457" level="INFO">${second_element} = 140.52 SEK</msg>
<var>${second_element}</var>
<arg>${list1}</arg>
<arg>1</arg>
<doc>Returns the value specified with an ``index`` from ``list``.</doc>
<status status="PASS" start="2024-03-16T06:23:00.504457" elapsed="0.000000"/>
</kw>
<kw name="Get From List" owner="Collections">
<msg time="2024-03-16T06:23:00.504457" level="INFO">${third_element} = 103.11 SEK</msg>
<var>${third_element}</var>
<arg>${list1}</arg>
<arg>2</arg>
<doc>Returns the value specified with an ``index`` from ``list``.</doc>
<status status="PASS" start="2024-03-16T06:23:00.504457" elapsed="0.000000"/>
</kw>
<kw name="Extract Numerical Value" owner="SearchResultsPage">
<kw name="Get Regexp Matches" owner="String">
<msg time="2024-03-16T06:23:00.504457" level="INFO">${matches} = ['206.64']</msg>
<var>${matches}</var>
<arg>${input_string}</arg>
<arg>[-+]?\\d{1,3}(?:,\\d{3})*(?:\\.\\d+)?</arg>
<doc>Returns a list of all non-overlapping matches in the given string.</doc>
<status status="PASS" start="2024-03-16T06:23:00.504457" elapsed="0.000000"/>
</kw>
<kw name="Log" owner="BuiltIn">
<msg time="2024-03-16T06:23:00.504457" level="INFO">['206.64']</msg>
<arg>${matches}</arg>
<doc>Logs the given message with the given level.</doc>
<status status="PASS" start="2024-03-16T06:23:00.504457" elapsed="0.000000"/>
</kw>
<kw name="Convert To Number" owner="BuiltIn">
<msg time="2024-03-16T06:23:00.504457" level="INFO">${numerical_value} = 206.64</msg>
<var>${numerical_value}</var>
<arg>${matches[0].replace(',','')}</arg>
<doc>Converts the given item to a floating point number.</doc>
<status status="PASS" start="2024-03-16T06:23:00.504457" elapsed="0.000000"/>
</kw>
<return>
<value>${numerical_value}</value>
<status status="PASS" start="2024-03-16T06:23:00.504457" elapsed="0.000000"/>
</return>
<msg time="2024-03-16T06:23:00.504457" level="INFO">${first_number} = 206.64</msg>
<var>${first_number}</var>
<arg>${first_element}</arg>
<status status="PASS" start="2024-03-16T06:23:00.504457" elapsed="0.000000"/>
</kw>
<kw name="Extract Numerical Value" owner="SearchResultsPage">
<kw name="Get Regexp Matches" owner="String">
<msg time="2024-03-16T06:23:00.504457" level="INFO">${matches} = ['140.52']</msg>
<var>${matches}</var>
<arg>${input_string}</arg>
<arg>[-+]?\\d{1,3}(?:,\\d{3})*(?:\\.\\d+)?</arg>
<doc>Returns a list of all non-overlapping matches in the given string.</doc>
<status status="PASS" start="2024-03-16T06:23:00.504457" elapsed="0.000000"/>
</kw>
<kw name="Log" owner="BuiltIn">
<msg time="2024-03-16T06:23:00.504457" level="INFO">['140.52']</msg>
<arg>${matches}</arg>
<doc>Logs the given message with the given level.</doc>
<status status="PASS" start="2024-03-16T06:23:00.504457" elapsed="0.000000"/>
</kw>
<kw name="Convert To Number" owner="BuiltIn">
<msg time="2024-03-16T06:23:00.504457" level="INFO">${numerical_value} = 140.52</msg>
<var>${numerical_value}</var>
<arg>${matches[0].replace(',','')}</arg>
<doc>Converts the given item to a floating point number.</doc>
<status status="PASS" start="2024-03-16T06:23:00.504457" elapsed="0.000000"/>
</kw>
<return>
<value>${numerical_value}</value>
<status status="PASS" start="2024-03-16T06:23:00.504457" elapsed="0.000000"/>
</return>
<msg time="2024-03-16T06:23:00.504457" level="INFO">${second_number} = 140.52</msg>
<var>${second_number}</var>
<arg>${second_element}</arg>
<status status="PASS" start="2024-03-16T06:23:00.504457" elapsed="0.000000"/>
</kw>
<kw name="Extract Numerical Value" owner="SearchResultsPage">
<kw name="Get Regexp Matches" owner="String">
<msg time="2024-03-16T06:23:00.504457" level="INFO">${matches} = ['103.11']</msg>
<var>${matches}</var>
<arg>${input_string}</arg>
<arg>[-+]?\\d{1,3}(?:,\\d{3})*(?:\\.\\d+)?</arg>
<doc>Returns a list of all non-overlapping matches in the given string.</doc>
<status status="PASS" start="2024-03-16T06:23:00.504457" elapsed="0.000000"/>
</kw>
<kw name="Log" owner="BuiltIn">
<msg time="2024-03-16T06:23:00.504457" level="INFO">['103.11']</msg>
<arg>${matches}</arg>
<doc>Logs the given message with the given level.</doc>
<status status="PASS" start="2024-03-16T06:23:00.504457" elapsed="0.000000"/>
</kw>
<kw name="Convert To Number" owner="BuiltIn">
<msg time="2024-03-16T06:23:00.504457" level="INFO">${numerical_value} = 103.11</msg>
<var>${numerical_value}</var>
<arg>${matches[0].replace(',','')}</arg>
<doc>Converts the given item to a floating point number.</doc>
<status status="PASS" start="2024-03-16T06:23:00.504457" elapsed="0.000000"/>
</kw>
<return>
<value>${numerical_value}</value>
<status status="PASS" start="2024-03-16T06:23:00.504457" elapsed="0.000000"/>
</return>
<msg time="2024-03-16T06:23:00.504457" level="INFO">${third_number} = 103.11</msg>
<var>${third_number}</var>
<arg>${third_element}</arg>
<status status="PASS" start="2024-03-16T06:23:00.504457" elapsed="0.000000"/>
</kw>
<kw name="Run Keyword Unless" owner="BuiltIn">
<msg time="2024-03-16T06:23:00.504457" level="WARN">Keyword 'BuiltIn.Run Keyword Unless' is deprecated. </msg>
<kw name="Fail" owner="BuiltIn">
<msg time="2024-03-16T06:23:00.504457" level="FAIL">Condition not met</msg>
<arg>Condition not met</arg>
<doc>Fails the test with the given message and optionally alters its tags.</doc>
<status status="FAIL" start="2024-03-16T06:23:00.504457" elapsed="0.000000">Condition not met</status>
</kw>
<arg>${first_number} &lt;= ${second_number}</arg>
<arg>Fail</arg>
<arg>Condition not met</arg>
<doc>*DEPRECATED since RF 5.0. Use Native IF/ELSE or `Run Keyword If` instead.*</doc>
<status status="FAIL" start="2024-03-16T06:23:00.504457" elapsed="0.000000">Condition not met</status>
</kw>
<kw name="Run Keyword Unless" owner="BuiltIn">
<msg time="2024-03-16T06:23:00.504457" level="WARN">Keyword 'BuiltIn.Run Keyword Unless' is deprecated. </msg>
<arg>${second_number} &lt;= ${third_number}</arg>
<arg>Fail</arg>
<arg>Condition not met</arg>
<doc>*DEPRECATED since RF 5.0. Use Native IF/ELSE or `Run Keyword If` instead.*</doc>
<status status="NOT RUN" start="2024-03-16T06:23:00.504457" elapsed="0.015776"/>
</kw>
<kw name="Log" owner="BuiltIn">
<arg>Pass</arg>
<doc>Logs the given message with the given level.</doc>
<status status="NOT RUN" start="2024-03-16T06:23:00.520233" elapsed="0.001000"/>
</kw>
<arg>${price_list}</arg>
<status status="FAIL" start="2024-03-16T06:23:00.504457" elapsed="0.016776">Condition not met</status>
</kw>
<kw name="Finish Testcase" owner="CommonFunctionality">
<status status="NOT RUN" start="2024-03-16T06:23:00.521233" elapsed="0.000000"/>
</kw>
<arg>chicken</arg>
<doc>sort from lowest to highest price</doc>
<status status="FAIL" start="2024-03-16T06:22:50.520251" elapsed="10.000982">Condition not met</status>
</kw>
<status status="FAIL" start="2024-03-16T06:22:50.520251" elapsed="10.001618">Condition not met</status>
</test>
<kw name="Finish Testcase" owner="CommonFunctionality" type="TEARDOWN">
<kw name="Close Browser" owner="SeleniumLibrary">
<doc>Closes the current browser.</doc>
<status status="PASS" start="2024-03-16T06:23:00.521869" elapsed="2.183399"/>
</kw>
<status status="PASS" start="2024-03-16T06:23:00.521869" elapsed="2.183399"/>
</kw>
<doc>Check sorting of results</doc>
<status status="FAIL" start="2024-03-16T06:22:06.791931" elapsed="55.913337"/>
</suite>
<statistics>
<total>
<stat pass="2" fail="2" skip="0">All Tests</stat>
</total>
<tag>
</tag>
<suite>
<stat pass="2" fail="2" skip="0" id="s1" name="PriceSort">PriceSort</stat>
</suite>
</statistics>
<errors>
<msg time="2024-03-16T06:22:06.992839" level="WARN">Error in file 'F:\DesktopC\PythonUltimateCourse\SoftwareTesting\RobotFramework\Resources\PageObjects\SearchResultsPage.robot' on line 34: The '[Return]' setting is deprecated. Use the 'RETURN' statement instead.</msg>
<msg time="2024-03-16T06:22:06.993441" level="WARN">Error in file 'F:\DesktopC\PythonUltimateCourse\SoftwareTesting\RobotFramework\Resources\PageObjects\SearchResultsPage.robot' on line 41: The '[Return]' setting is deprecated. Use the 'RETURN' statement instead.</msg>
<msg time="2024-03-16T06:22:07.765350" level="WARN">The chromedriver version (121.0.6167.85) detected in PATH at F:\DesktopC\PythonUltimateCourse\SoftwareTesting\RobotFramework\browserDrivers\chromedriver.exe might not be compatible with the detected chrome version (122.0.6261.129); currently, chromedriver 122.0.6261.128 is recommended for chrome 122.*, so it is advised to delete the driver in PATH and retry</msg>
<msg time="2024-03-16T06:22:11.544534" level="WARN">The chromedriver version (121.0.6167.85) detected in PATH at F:\DesktopC\PythonUltimateCourse\SoftwareTesting\RobotFramework\browserDrivers\chromedriver.exe might not be compatible with the detected chrome version (122.0.6261.129); currently, chromedriver 122.0.6261.128 is recommended for chrome 122.*, so it is advised to delete the driver in PATH and retry</msg>
<msg time="2024-03-16T06:22:25.180596" level="WARN">Keyword 'BuiltIn.Run Keyword Unless' is deprecated. </msg>
<msg time="2024-03-16T06:22:25.182635" level="WARN">Keyword 'BuiltIn.Run Keyword Unless' is deprecated. </msg>
<msg time="2024-03-16T06:22:27.991247" level="WARN">The chromedriver version (121.0.6167.85) detected in PATH at F:\DesktopC\PythonUltimateCourse\SoftwareTesting\RobotFramework\browserDrivers\chromedriver.exe might not be compatible with the detected chrome version (122.0.6261.129); currently, chromedriver 122.0.6261.128 is recommended for chrome 122.*, so it is advised to delete the driver in PATH and retry</msg>
<msg time="2024-03-16T06:22:36.717889" level="WARN">Keyword 'BuiltIn.Run Keyword Unless' is deprecated. </msg>
<msg time="2024-03-16T06:22:36.718918" level="WARN">Keyword 'BuiltIn.Run Keyword Unless' is deprecated. </msg>
<msg time="2024-03-16T06:22:39.507818" level="WARN">The chromedriver version (121.0.6167.85) detected in PATH at F:\DesktopC\PythonUltimateCourse\SoftwareTesting\RobotFramework\browserDrivers\chromedriver.exe might not be compatible with the detected chrome version (122.0.6261.129); currently, chromedriver 122.0.6261.128 is recommended for chrome 122.*, so it is advised to delete the driver in PATH and retry</msg>
<msg time="2024-03-16T06:22:50.513345" level="WARN">Keyword 'BuiltIn.Run Keyword Unless' is deprecated. </msg>
<msg time="2024-03-16T06:22:50.515243" level="WARN">Keyword 'BuiltIn.Run Keyword Unless' is deprecated. </msg>
<msg time="2024-03-16T06:22:51.141165" level="WARN">The chromedriver version (121.0.6167.85) detected in PATH at F:\DesktopC\PythonUltimateCourse\SoftwareTesting\RobotFramework\browserDrivers\chromedriver.exe might not be compatible with the detected chrome version (122.0.6261.129); currently, chromedriver 122.0.6261.128 is recommended for chrome 122.*, so it is advised to delete the driver in PATH and retry</msg>
<msg time="2024-03-16T06:23:00.504457" level="WARN">Keyword 'BuiltIn.Run Keyword Unless' is deprecated. </msg>
<msg time="2024-03-16T06:23:00.504457" level="WARN">Keyword 'BuiltIn.Run Keyword Unless' is deprecated. </msg>
</errors>
</robot>
