<?xml version="1.0" encoding="UTF-8"?>
<robot generator="Robot 7.0 (Python 3.9.7 on win32)" generated="2024-03-15T16:34:20.728559" rpa="false" schemaversion="5">
<suite id="s1" name="BasicSearch" source="F:\DesktopC\PythonUltimateCourse\SoftwareTesting\RobotFramework\Tests\eBay\BasicSearch.robot">
<test id="s1-t1" name="Verify basic search" line="15">
<kw name="Start Testcase" owner="CommonFunctionality" type="SETUP">
<kw name="Open Browser" owner="SeleniumLibrary">
<msg time="2024-03-15T16:34:24.437575" level="INFO">Opening browser 'chrome' to base url 'https://www.ebay.com'.</msg>
<msg time="2024-03-15T16:34:25.899682" level="WARN">The chromedriver version (121.0.6167.85) detected in PATH at F:\DesktopC\PythonUltimateCourse\SoftwareTesting\RobotFramework\browserDrivers\chromedriver.exe might not be compatible with the detected chrome version (122.0.6261.129); currently, chromedriver 122.0.6261.128 is recommended for chrome 122.*, so it is advised to delete the driver in PATH and retry</msg>
<arg>${url}</arg>
<arg>${browser}</arg>
<doc>Opens a new browser instance to the optional ``url``.</doc>
<status status="PASS" start="2024-03-15T16:34:24.437575" elapsed="5.075341"/>
</kw>
<kw name="Maximize Browser Window" owner="SeleniumLibrary">
<doc>Maximizes current browser window.</doc>
<status status="PASS" start="2024-03-15T16:34:29.513925" elapsed="0.133119"/>
</kw>
<status status="PASS" start="2024-03-15T16:34:24.436579" elapsed="5.211461"/>
</kw>
<kw name="Choose category" owner="HeaderPage">
<kw name="Click Element" owner="SeleniumLibrary">
<msg time="2024-03-15T16:34:29.651031" level="INFO">Clicking element 'xpath://select[@id="gh-cat"]'.</msg>
<arg>${HomePage_category_dropdown}</arg>
<doc>Click the element identified by ``locator``.</doc>
<status status="PASS" start="2024-03-15T16:34:29.650035" elapsed="0.160233"/>
</kw>
<kw name="Click Element" owner="SeleniumLibrary">
<msg time="2024-03-15T16:34:29.811265" level="INFO">Clicking element 'xpath://option[@value=220]'.</msg>
<arg>xpath://option[@value=${category.Toys}]</arg>
<doc>Click the element identified by ``locator``.</doc>
<status status="PASS" start="2024-03-15T16:34:29.810268" elapsed="0.068062"/>
</kw>
<status status="PASS" start="2024-03-15T16:34:29.649038" elapsed="0.229292"/>
</kw>
<kw name="Input Search Text and Click Search" owner="HeaderPage">
<kw name="Input Text" owner="SeleniumLibrary">
<msg time="2024-03-15T16:34:29.879376" level="INFO">Typing text 'car' into text field 'xpath://input[@id="gh-ac"]'.</msg>
<arg>${HomePage_search_textbox}</arg>
<arg>${arg1}</arg>
<doc>Types the given ``text`` into the text field identified by ``locator``.</doc>
<status status="PASS" start="2024-03-15T16:34:29.879376" elapsed="0.427215"/>
</kw>
<kw name="Press Keys" owner="SeleniumLibrary">
<msg time="2024-03-15T16:34:30.307591" level="INFO">Sending key(s) ('[RETURN]',) to xpath://input[@id="gh-btn"] element.</msg>
<msg time="2024-03-15T16:34:35.215888" level="INFO">Sending keys [RETURN]</msg>
<arg>${HomePage_search_button}</arg>
<arg>[RETURN]</arg>
<doc>Simulates the user pressing key(s) to an element or on the active browser.</doc>
<status status="PASS" start="2024-03-15T16:34:30.307591" elapsed="4.976110"/>
</kw>
<arg>car</arg>
<status status="PASS" start="2024-03-15T16:34:29.878330" elapsed="5.405371"/>
</kw>
<kw name="Verify Search Results" owner="SearchResultsPage">
<kw name="Sleep" owner="BuiltIn">
<msg time="2024-03-15T16:34:37.295656" level="INFO">Slept 2 seconds.</msg>
<arg>2s</arg>
<doc>Pauses the test executed for the given time.</doc>
<status status="PASS" start="2024-03-15T16:34:35.283701" elapsed="2.011955"/>
</kw>
<kw name="Page Should Contain" owner="SeleniumLibrary">
<msg time="2024-03-15T16:34:37.328917" level="INFO">Current page contains text 'results for car'.</msg>
<arg>results for ${arg1}</arg>
<doc>Verifies that current page contains ``text``.</doc>
<status status="PASS" start="2024-03-15T16:34:37.295656" elapsed="0.033261"/>
</kw>
<arg>car</arg>
<status status="PASS" start="2024-03-15T16:34:35.283701" elapsed="2.046295"/>
</kw>
<kw name="Finish Testcase" owner="CommonFunctionality" type="TEARDOWN">
<kw name="Close Browser" owner="SeleniumLibrary">
<doc>Closes the current browser.</doc>
<status status="PASS" start="2024-03-15T16:34:37.332011" elapsed="2.229084"/>
</kw>
<status status="PASS" start="2024-03-15T16:34:37.330990" elapsed="2.231119"/>
</kw>
<doc>check if a categorical search is done</doc>
<tag>Functional</tag>
<status status="PASS" start="2024-03-15T16:34:24.435581" elapsed="15.126924"/>
</test>
<test id="s1-t2" name="Verify results sort" line="23">
<kw name="Start Testcase" owner="CommonFunctionality" type="SETUP">
<kw name="Open Browser" owner="SeleniumLibrary">
<msg time="2024-03-15T16:34:39.577884" level="INFO">Opening browser 'chrome' to base url 'https://www.ebay.com'.</msg>
<msg time="2024-03-15T16:34:40.448731" level="WARN">The chromedriver version (121.0.6167.85) detected in PATH at F:\DesktopC\PythonUltimateCourse\SoftwareTesting\RobotFramework\browserDrivers\chromedriver.exe might not be compatible with the detected chrome version (122.0.6261.129); currently, chromedriver 122.0.6261.128 is recommended for chrome 122.*, so it is advised to delete the driver in PATH and retry</msg>
<arg>${url}</arg>
<arg>${browser}</arg>
<doc>Opens a new browser instance to the optional ``url``.</doc>
<status status="PASS" start="2024-03-15T16:34:39.576887" elapsed="3.809563"/>
</kw>
<kw name="Maximize Browser Window" owner="SeleniumLibrary">
<doc>Maximizes current browser window.</doc>
<status status="PASS" start="2024-03-15T16:34:43.386450" elapsed="0.137044"/>
</kw>
<status status="PASS" start="2024-03-15T16:34:39.575891" elapsed="3.947603"/>
</kw>
<kw name="Input Search Text and Click Search" owner="HeaderPage">
<kw name="Input Text" owner="SeleniumLibrary">
<msg time="2024-03-15T16:34:43.525487" level="INFO">Typing text 'car' into text field 'xpath://input[@id="gh-ac"]'.</msg>
<arg>${HomePage_search_textbox}</arg>
<arg>${arg1}</arg>
<doc>Types the given ``text`` into the text field identified by ``locator``.</doc>
<status status="PASS" start="2024-03-15T16:34:43.525487" elapsed="0.106035"/>
</kw>
<kw name="Press Keys" owner="SeleniumLibrary">
<msg time="2024-03-15T16:34:43.632528" level="INFO">Sending key(s) ('[RETURN]',) to xpath://input[@id="gh-btn"] element.</msg>
<msg time="2024-03-15T16:34:49.142203" level="INFO">Sending keys [RETURN]</msg>
<arg>${HomePage_search_button}</arg>
<arg>[RETURN]</arg>
<doc>Simulates the user pressing key(s) to an element or on the active browser.</doc>
<status status="PASS" start="2024-03-15T16:34:43.631522" elapsed="5.647109"/>
</kw>
<arg>car</arg>
<status status="PASS" start="2024-03-15T16:34:43.524493" elapsed="5.754138"/>
</kw>
<kw name="Sort search Results ascending" owner="SearchResultsPage">
<kw name="Click Element" owner="SeleniumLibrary">
<msg time="2024-03-15T16:34:49.279640" level="INFO">Clicking element 'xpath://span[contains(text(),"Sort: Best Match")]'.</msg>
<arg>${SearchResultPage_sortCategory_dropdown}</arg>
<doc>Click the element identified by ``locator``.</doc>
<status status="PASS" start="2024-03-15T16:34:49.279640" elapsed="0.064972"/>
</kw>
<kw name="Click Element" owner="SeleniumLibrary">
<msg time="2024-03-15T16:34:49.345613" level="INFO">Clicking element 'xpath://span[normalize-space()="Price + Shipping: lowest first"]'.</msg>
<arg>${SearchResultPage_sortCategory_lowToHigh}</arg>
<doc>Click the element identified by ``locator``.</doc>
<status status="PASS" start="2024-03-15T16:34:49.345613" elapsed="4.104098"/>
</kw>
<status status="PASS" start="2024-03-15T16:34:49.278631" elapsed="4.171080"/>
</kw>
<kw name="Finish Testcase" owner="CommonFunctionality" type="TEARDOWN">
<kw name="Close Browser" owner="SeleniumLibrary">
<doc>Closes the current browser.</doc>
<status status="PASS" start="2024-03-15T16:34:53.450708" elapsed="2.201542"/>
</kw>
<status status="PASS" start="2024-03-15T16:34:53.450708" elapsed="2.202615"/>
</kw>
<doc>check if the results are sorted</doc>
<tag>Functional</tag>
<status status="PASS" start="2024-03-15T16:34:39.574982" elapsed="16.079204"/>
</test>
<test id="s1-t3" name="Verify Price sort" line="30">
<kw name="Start Testcase" owner="CommonFunctionality" type="SETUP">
<kw name="Open Browser" owner="SeleniumLibrary">
<msg time="2024-03-15T16:34:55.659121" level="INFO">Opening browser 'chrome' to base url 'https://www.ebay.com'.</msg>
<msg time="2024-03-15T16:34:56.313772" level="WARN">The chromedriver version (121.0.6167.85) detected in PATH at F:\DesktopC\PythonUltimateCourse\SoftwareTesting\RobotFramework\browserDrivers\chromedriver.exe might not be compatible with the detected chrome version (122.0.6261.129); currently, chromedriver 122.0.6261.128 is recommended for chrome 122.*, so it is advised to delete the driver in PATH and retry</msg>
<arg>${url}</arg>
<arg>${browser}</arg>
<doc>Opens a new browser instance to the optional ``url``.</doc>
<status status="PASS" start="2024-03-15T16:34:55.659121" elapsed="3.670552"/>
</kw>
<kw name="Maximize Browser Window" owner="SeleniumLibrary">
<doc>Maximizes current browser window.</doc>
<status status="PASS" start="2024-03-15T16:34:59.330669" elapsed="0.125811"/>
</kw>
<status status="PASS" start="2024-03-15T16:34:55.658027" elapsed="3.798453"/>
</kw>
<kw name="Input Search Text and Click Search" owner="HeaderPage">
<kw name="Input Text" owner="SeleniumLibrary">
<msg time="2024-03-15T16:34:59.457578" level="INFO">Typing text 'superman' into text field 'xpath://input[@id="gh-ac"]'.</msg>
<arg>${HomePage_search_textbox}</arg>
<arg>${arg1}</arg>
<doc>Types the given ``text`` into the text field identified by ``locator``.</doc>
<status status="PASS" start="2024-03-15T16:34:59.457578" elapsed="0.180142"/>
</kw>
<kw name="Press Keys" owner="SeleniumLibrary">
<msg time="2024-03-15T16:34:59.639707" level="INFO">Sending key(s) ('[RETURN]',) to xpath://input[@id="gh-btn"] element.</msg>
<msg time="2024-03-15T16:35:04.569928" level="INFO">Sending keys [RETURN]</msg>
<arg>${HomePage_search_button}</arg>
<arg>[RETURN]</arg>
<doc>Simulates the user pressing key(s) to an element or on the active browser.</doc>
<status status="PASS" start="2024-03-15T16:34:59.638711" elapsed="5.013467"/>
</kw>
<arg>superman</arg>
<status status="PASS" start="2024-03-15T16:34:59.457578" elapsed="5.194600"/>
</kw>
<kw name="Sort search Results ascending" owner="SearchResultsPage">
<kw name="Click Element" owner="SeleniumLibrary">
<msg time="2024-03-15T16:35:04.653190" level="INFO">Clicking element 'xpath://span[contains(text(),"Sort: Best Match")]'.</msg>
<arg>${SearchResultPage_sortCategory_dropdown}</arg>
<doc>Click the element identified by ``locator``.</doc>
<status status="PASS" start="2024-03-15T16:35:04.653190" elapsed="0.198700"/>
</kw>
<kw name="Click Element" owner="SeleniumLibrary">
<msg time="2024-03-15T16:35:04.852887" level="INFO">Clicking element 'xpath://span[normalize-space()="Price + Shipping: lowest first"]'.</msg>
<arg>${SearchResultPage_sortCategory_lowToHigh}</arg>
<doc>Click the element identified by ``locator``.</doc>
<status status="PASS" start="2024-03-15T16:35:04.851890" elapsed="2.266153"/>
</kw>
<status status="PASS" start="2024-03-15T16:35:04.653190" elapsed="2.464853"/>
</kw>
<kw name="Get Price" owner="SearchResultsPage">
<kw name="Create List" owner="BuiltIn">
<msg time="2024-03-15T16:35:07.120036" level="INFO">@{AllPrices} = [ ]</msg>
<var>@{AllPrices}</var>
<doc>Returns a list containing given items.</doc>
<status status="PASS" start="2024-03-15T16:35:07.119039" elapsed="0.000997"/>
</kw>
<kw name="Get WebElements" owner="SeleniumLibrary">
<msg time="2024-03-15T16:35:07.299830" level="INFO">${list elements} = [&lt;selenium.webdriver.remote.webelement.WebElement (session="9b0d6cb1e27018d1ae2c285d09669851", element="97A7C9A9C4D8DE64DBDEEF8A9972190D_element_21801")&gt;, &lt;selenium.webdriver.remote.webelement.WebElem...</msg>
<var>${list elements}</var>
<arg>//span[@class='s-item__price']</arg>
<doc>Returns a list of WebElement objects matching the ``locator``.</doc>
<status status="PASS" start="2024-03-15T16:35:07.120036" elapsed="0.180805"/>
</kw>
<kw name="Get Length" owner="BuiltIn">
<msg time="2024-03-15T16:35:07.300841" level="INFO">Length is 61.</msg>
<msg time="2024-03-15T16:35:07.301924" level="INFO">${list_length} = 61</msg>
<var>${list_length}</var>
<arg>${list elements}</arg>
<doc>Returns and logs the length of the given item as an integer.</doc>
<status status="PASS" start="2024-03-15T16:35:07.300841" elapsed="0.001083"/>
</kw>
<for flavor="IN RANGE">
<iter>
<kw name="Get From List" owner="Collections">
<msg time="2024-03-15T16:35:07.302894" level="INFO">${element} = &lt;selenium.webdriver.remote.webelement.WebElement (session="9b0d6cb1e27018d1ae2c285d09669851", element="97A7C9A9C4D8DE64DBDEEF8A9972190D_element_21876")&gt;</msg>
<var>${element}</var>
<arg>${list elements}</arg>
<arg>${i}</arg>
<doc>Returns the value specified with an ``index`` from ``list``.</doc>
<status status="PASS" start="2024-03-15T16:35:07.302894" elapsed="0.000000"/>
</kw>
<kw name="Get Text" owner="SeleniumLibrary">
<msg time="2024-03-15T16:35:07.397463" level="INFO">${price_text} = 11.25 SEK</msg>
<var>${price_text}</var>
<arg>${element}</arg>
<doc>Returns the text value of the element identified by ``locator``.</doc>
<status status="PASS" start="2024-03-15T16:35:07.303925" elapsed="0.093538"/>
</kw>
<kw name="Append To List" owner="Collections">
<arg>${AllPrices}</arg>
<arg>${price_text}</arg>
<doc>Adds ``values`` to the end of ``list``.</doc>
<status status="PASS" start="2024-03-15T16:35:07.397463" elapsed="0.000000"/>
</kw>
<var name="${i}">1</var>
<status status="PASS" start="2024-03-15T16:35:07.302894" elapsed="0.095645"/>
</iter>
<iter>
<kw name="Get From List" owner="Collections">
<msg time="2024-03-15T16:35:07.398539" level="INFO">${element} = &lt;selenium.webdriver.remote.webelement.WebElement (session="9b0d6cb1e27018d1ae2c285d09669851", element="97A7C9A9C4D8DE64DBDEEF8A9972190D_element_21952")&gt;</msg>
<var>${element}</var>
<arg>${list elements}</arg>
<arg>${i}</arg>
<doc>Returns the value specified with an ``index`` from ``list``.</doc>
<status status="PASS" start="2024-03-15T16:35:07.398539" elapsed="0.000000"/>
</kw>
<kw name="Get Text" owner="SeleniumLibrary">
<msg time="2024-03-15T16:35:07.538008" level="INFO">${price_text} = 11.25 SEK</msg>
<var>${price_text}</var>
<arg>${element}</arg>
<doc>Returns the text value of the element identified by ``locator``.</doc>
<status status="PASS" start="2024-03-15T16:35:07.399773" elapsed="0.138235"/>
</kw>
<kw name="Append To List" owner="Collections">
<arg>${AllPrices}</arg>
<arg>${price_text}</arg>
<doc>Adds ``values`` to the end of ``list``.</doc>
<status status="PASS" start="2024-03-15T16:35:07.538008" elapsed="0.000000"/>
</kw>
<var name="${i}">2</var>
<status status="PASS" start="2024-03-15T16:35:07.398539" elapsed="0.139469"/>
</iter>
<iter>
<kw name="Get From List" owner="Collections">
<msg time="2024-03-15T16:35:07.539039" level="INFO">${element} = &lt;selenium.webdriver.remote.webelement.WebElement (session="9b0d6cb1e27018d1ae2c285d09669851", element="97A7C9A9C4D8DE64DBDEEF8A9972190D_element_22025")&gt;</msg>
<var>${element}</var>
<arg>${list elements}</arg>
<arg>${i}</arg>
<doc>Returns the value specified with an ``index`` from ``list``.</doc>
<status status="PASS" start="2024-03-15T16:35:07.539039" elapsed="0.000000"/>
</kw>
<kw name="Get Text" owner="SeleniumLibrary">
<msg time="2024-03-15T16:35:07.585381" level="INFO">${price_text} = 11.25 SEK</msg>
<var>${price_text}</var>
<arg>${element}</arg>
<doc>Returns the text value of the element identified by ``locator``.</doc>
<status status="PASS" start="2024-03-15T16:35:07.539039" elapsed="0.046342"/>
</kw>
<kw name="Append To List" owner="Collections">
<arg>${AllPrices}</arg>
<arg>${price_text}</arg>
<doc>Adds ``values`` to the end of ``list``.</doc>
<status status="PASS" start="2024-03-15T16:35:07.586395" elapsed="0.000000"/>
</kw>
<var name="${i}">3</var>
<status status="PASS" start="2024-03-15T16:35:07.539039" elapsed="0.047356"/>
</iter>
<iter>
<kw name="Get From List" owner="Collections">
<msg time="2024-03-15T16:35:07.615803" level="INFO">${element} = &lt;selenium.webdriver.remote.webelement.WebElement (session="9b0d6cb1e27018d1ae2c285d09669851", element="97A7C9A9C4D8DE64DBDEEF8A9972190D_element_22098")&gt;</msg>
<var>${element}</var>
<arg>${list elements}</arg>
<arg>${i}</arg>
<doc>Returns the value specified with an ``index`` from ``list``.</doc>
<status status="PASS" start="2024-03-15T16:35:07.615803" elapsed="0.000000"/>
</kw>
<kw name="Get Text" owner="SeleniumLibrary">
<msg time="2024-03-15T16:35:07.633443" level="INFO">${price_text} = 11.25 SEK</msg>
<var>${price_text}</var>
<arg>${element}</arg>
<doc>Returns the text value of the element identified by ``locator``.</doc>
<status status="PASS" start="2024-03-15T16:35:07.615803" elapsed="0.017640"/>
</kw>
<kw name="Append To List" owner="Collections">
<arg>${AllPrices}</arg>
<arg>${price_text}</arg>
<doc>Adds ``values`` to the end of ``list``.</doc>
<status status="PASS" start="2024-03-15T16:35:07.633443" elapsed="0.000000"/>
</kw>
<var name="${i}">4</var>
<status status="PASS" start="2024-03-15T16:35:07.615803" elapsed="0.017640"/>
</iter>
<iter>
<kw name="Get From List" owner="Collections">
<msg time="2024-03-15T16:35:07.633443" level="INFO">${element} = &lt;selenium.webdriver.remote.webelement.WebElement (session="9b0d6cb1e27018d1ae2c285d09669851", element="97A7C9A9C4D8DE64DBDEEF8A9972190D_element_22171")&gt;</msg>
<var>${element}</var>
<arg>${list elements}</arg>
<arg>${i}</arg>
<doc>Returns the value specified with an ``index`` from ``list``.</doc>
<status status="PASS" start="2024-03-15T16:35:07.633443" elapsed="0.000000"/>
</kw>
<kw name="Get Text" owner="SeleniumLibrary">
<msg time="2024-03-15T16:35:07.633443" level="INFO">${price_text} = 11.25 SEK</msg>
<var>${price_text}</var>
<arg>${element}</arg>
<doc>Returns the text value of the element identified by ``locator``.</doc>
<status status="PASS" start="2024-03-15T16:35:07.633443" elapsed="0.000000"/>
</kw>
<kw name="Append To List" owner="Collections">
<arg>${AllPrices}</arg>
<arg>${price_text}</arg>
<doc>Adds ``values`` to the end of ``list``.</doc>
<status status="PASS" start="2024-03-15T16:35:07.633443" elapsed="0.000000"/>
</kw>
<var name="${i}">5</var>
<status status="PASS" start="2024-03-15T16:35:07.633443" elapsed="0.000000"/>
</iter>
<iter>
<kw name="Get From List" owner="Collections">
<msg time="2024-03-15T16:35:07.633443" level="INFO">${element} = &lt;selenium.webdriver.remote.webelement.WebElement (session="9b0d6cb1e27018d1ae2c285d09669851", element="97A7C9A9C4D8DE64DBDEEF8A9972190D_element_22244")&gt;</msg>
<var>${element}</var>
<arg>${list elements}</arg>
<arg>${i}</arg>
<doc>Returns the value specified with an ``index`` from ``list``.</doc>
<status status="PASS" start="2024-03-15T16:35:07.633443" elapsed="0.000000"/>
</kw>
<kw name="Get Text" owner="SeleniumLibrary">
<msg time="2024-03-15T16:35:07.633443" level="INFO">${price_text} = 11.25 SEK</msg>
<var>${price_text}</var>
<arg>${element}</arg>
<doc>Returns the text value of the element identified by ``locator``.</doc>
<status status="PASS" start="2024-03-15T16:35:07.633443" elapsed="0.000000"/>
</kw>
<kw name="Append To List" owner="Collections">
<arg>${AllPrices}</arg>
<arg>${price_text}</arg>
<doc>Adds ``values`` to the end of ``list``.</doc>
<status status="PASS" start="2024-03-15T16:35:07.633443" elapsed="0.000000"/>
</kw>
<var name="${i}">6</var>
<status status="PASS" start="2024-03-15T16:35:07.633443" elapsed="0.000000"/>
</iter>
<iter>
<kw name="Get From List" owner="Collections">
<msg time="2024-03-15T16:35:07.633443" level="INFO">${element} = &lt;selenium.webdriver.remote.webelement.WebElement (session="9b0d6cb1e27018d1ae2c285d09669851", element="97A7C9A9C4D8DE64DBDEEF8A9972190D_element_22317")&gt;</msg>
<var>${element}</var>
<arg>${list elements}</arg>
<arg>${i}</arg>
<doc>Returns the value specified with an ``index`` from ``list``.</doc>
<status status="PASS" start="2024-03-15T16:35:07.633443" elapsed="0.000000"/>
</kw>
<kw name="Get Text" owner="SeleniumLibrary">
<msg time="2024-03-15T16:35:07.649102" level="INFO">${price_text} = 11.25 SEK</msg>
<var>${price_text}</var>
<arg>${element}</arg>
<doc>Returns the text value of the element identified by ``locator``.</doc>
<status status="PASS" start="2024-03-15T16:35:07.633443" elapsed="0.015659"/>
</kw>
<kw name="Append To List" owner="Collections">
<arg>${AllPrices}</arg>
<arg>${price_text}</arg>
<doc>Adds ``values`` to the end of ``list``.</doc>
<status status="PASS" start="2024-03-15T16:35:07.649102" elapsed="0.000000"/>
</kw>
<var name="${i}">7</var>
<status status="PASS" start="2024-03-15T16:35:07.633443" elapsed="0.015659"/>
</iter>
<iter>
<kw name="Get From List" owner="Collections">
<msg time="2024-03-15T16:35:07.649102" level="INFO">${element} = &lt;selenium.webdriver.remote.webelement.WebElement (session="9b0d6cb1e27018d1ae2c285d09669851", element="97A7C9A9C4D8DE64DBDEEF8A9972190D_element_22390")&gt;</msg>
<var>${element}</var>
<arg>${list elements}</arg>
<arg>${i}</arg>
<doc>Returns the value specified with an ``index`` from ``list``.</doc>
<status status="PASS" start="2024-03-15T16:35:07.649102" elapsed="0.000000"/>
</kw>
<kw name="Get Text" owner="SeleniumLibrary">
<msg time="2024-03-15T16:35:07.665359" level="INFO">${price_text} = 11.25 SEK</msg>
<var>${price_text}</var>
<arg>${element}</arg>
<doc>Returns the text value of the element identified by ``locator``.</doc>
<status status="PASS" start="2024-03-15T16:35:07.649102" elapsed="0.017255"/>
</kw>
<kw name="Append To List" owner="Collections">
<arg>${AllPrices}</arg>
<arg>${price_text}</arg>
<doc>Adds ``values`` to the end of ``list``.</doc>
<status status="PASS" start="2024-03-15T16:35:07.666357" elapsed="0.000000"/>
</kw>
<var name="${i}">8</var>
<status status="PASS" start="2024-03-15T16:35:07.649102" elapsed="0.017255"/>
</iter>
<iter>
<kw name="Get From List" owner="Collections">
<msg time="2024-03-15T16:35:07.667353" level="INFO">${element} = &lt;selenium.webdriver.remote.webelement.WebElement (session="9b0d6cb1e27018d1ae2c285d09669851", element="97A7C9A9C4D8DE64DBDEEF8A9972190D_element_22463")&gt;</msg>
<var>${element}</var>
<arg>${list elements}</arg>
<arg>${i}</arg>
<doc>Returns the value specified with an ``index`` from ``list``.</doc>
<status status="PASS" start="2024-03-15T16:35:07.667353" elapsed="0.000000"/>
</kw>
<kw name="Get Text" owner="SeleniumLibrary">
<msg time="2024-03-15T16:35:07.684054" level="INFO">${price_text} = 11.25 SEK</msg>
<var>${price_text}</var>
<arg>${element}</arg>
<doc>Returns the text value of the element identified by ``locator``.</doc>
<status status="PASS" start="2024-03-15T16:35:07.667353" elapsed="0.016701"/>
</kw>
<kw name="Append To List" owner="Collections">
<arg>${AllPrices}</arg>
<arg>${price_text}</arg>
<doc>Adds ``values`` to the end of ``list``.</doc>
<status status="PASS" start="2024-03-15T16:35:07.684054" elapsed="0.000000"/>
</kw>
<var name="${i}">9</var>
<status status="PASS" start="2024-03-15T16:35:07.667353" elapsed="0.016701"/>
</iter>
<iter>
<kw name="Get From List" owner="Collections">
<msg time="2024-03-15T16:35:07.684054" level="INFO">${element} = &lt;selenium.webdriver.remote.webelement.WebElement (session="9b0d6cb1e27018d1ae2c285d09669851", element="97A7C9A9C4D8DE64DBDEEF8A9972190D_element_22536")&gt;</msg>
<var>${element}</var>
<arg>${list elements}</arg>
<arg>${i}</arg>
<doc>Returns the value specified with an ``index`` from ``list``.</doc>
<status status="PASS" start="2024-03-15T16:35:07.684054" elapsed="0.000000"/>
</kw>
<kw name="Get Text" owner="SeleniumLibrary">
<msg time="2024-03-15T16:35:07.713286" level="INFO">${price_text} = 39.38 SEK</msg>
<var>${price_text}</var>
<arg>${element}</arg>
<doc>Returns the text value of the element identified by ``locator``.</doc>
<status status="PASS" start="2024-03-15T16:35:07.684054" elapsed="0.029232"/>
</kw>
<kw name="Append To List" owner="Collections">
<arg>${AllPrices}</arg>
<arg>${price_text}</arg>
<doc>Adds ``values`` to the end of ``list``.</doc>
<status status="PASS" start="2024-03-15T16:35:07.722345" elapsed="0.001020"/>
</kw>
<var name="${i}">10</var>
<status status="PASS" start="2024-03-15T16:35:07.684054" elapsed="0.039311"/>
</iter>
<iter>
<kw name="Get From List" owner="Collections">
<msg time="2024-03-15T16:35:07.724347" level="INFO">${element} = &lt;selenium.webdriver.remote.webelement.WebElement (session="9b0d6cb1e27018d1ae2c285d09669851", element="97A7C9A9C4D8DE64DBDEEF8A9972190D_element_22609")&gt;</msg>
<var>${element}</var>
<arg>${list elements}</arg>
<arg>${i}</arg>
<doc>Returns the value specified with an ``index`` from ``list``.</doc>
<status status="PASS" start="2024-03-15T16:35:07.724347" elapsed="0.000000"/>
</kw>
<kw name="Get Text" owner="SeleniumLibrary">
<msg time="2024-03-15T16:35:07.758261" level="INFO">${price_text} = 39.38 SEK</msg>
<var>${price_text}</var>
<arg>${element}</arg>
<doc>Returns the text value of the element identified by ``locator``.</doc>
<status status="PASS" start="2024-03-15T16:35:07.725000" elapsed="0.033261"/>
</kw>
<kw name="Append To List" owner="Collections">
<arg>${AllPrices}</arg>
<arg>${price_text}</arg>
<doc>Adds ``values`` to the end of ``list``.</doc>
<status status="PASS" start="2024-03-15T16:35:07.758261" elapsed="0.000000"/>
</kw>
<var name="${i}">11</var>
<status status="PASS" start="2024-03-15T16:35:07.723365" elapsed="0.034896"/>
</iter>
<iter>
<kw name="Get From List" owner="Collections">
<msg time="2024-03-15T16:35:07.758261" level="INFO">${element} = &lt;selenium.webdriver.remote.webelement.WebElement (session="9b0d6cb1e27018d1ae2c285d09669851", element="97A7C9A9C4D8DE64DBDEEF8A9972190D_element_22681")&gt;</msg>
<var>${element}</var>
<arg>${list elements}</arg>
<arg>${i}</arg>
<doc>Returns the value specified with an ``index`` from ``list``.</doc>
<status status="PASS" start="2024-03-15T16:35:07.758261" elapsed="0.000000"/>
</kw>
<kw name="Get Text" owner="SeleniumLibrary">
<msg time="2024-03-15T16:35:07.765580" level="INFO">${price_text} = 80.88 SEK</msg>
<var>${price_text}</var>
<arg>${element}</arg>
<doc>Returns the text value of the element identified by ``locator``.</doc>
<status status="PASS" start="2024-03-15T16:35:07.758261" elapsed="0.007319"/>
</kw>
<kw name="Append To List" owner="Collections">
<arg>${AllPrices}</arg>
<arg>${price_text}</arg>
<doc>Adds ``values`` to the end of ``list``.</doc>
<status status="PASS" start="2024-03-15T16:35:07.765580" elapsed="0.000000"/>
</kw>
<var name="${i}">12</var>
<status status="PASS" start="2024-03-15T16:35:07.758261" elapsed="0.007319"/>
</iter>
<iter>
<kw name="Get From List" owner="Collections">
<msg time="2024-03-15T16:35:07.765580" level="INFO">${element} = &lt;selenium.webdriver.remote.webelement.WebElement (session="9b0d6cb1e27018d1ae2c285d09669851", element="97A7C9A9C4D8DE64DBDEEF8A9972190D_element_22749")&gt;</msg>
<var>${element}</var>
<arg>${list elements}</arg>
<arg>${i}</arg>
<doc>Returns the value specified with an ``index`` from ``list``.</doc>
<status status="PASS" start="2024-03-15T16:35:07.765580" elapsed="0.000000"/>
</kw>
<kw name="Get Text" owner="SeleniumLibrary">
<msg time="2024-03-15T16:35:07.765580" level="INFO">${price_text} = 80.88 SEK</msg>
<var>${price_text}</var>
<arg>${element}</arg>
<doc>Returns the text value of the element identified by ``locator``.</doc>
<status status="PASS" start="2024-03-15T16:35:07.765580" elapsed="0.000000"/>
</kw>
<kw name="Append To List" owner="Collections">
<arg>${AllPrices}</arg>
<arg>${price_text}</arg>
<doc>Adds ``values`` to the end of ``list``.</doc>
<status status="PASS" start="2024-03-15T16:35:07.765580" elapsed="0.000000"/>
</kw>
<var name="${i}">13</var>
<status status="PASS" start="2024-03-15T16:35:07.765580" elapsed="0.000000"/>
</iter>
<iter>
<kw name="Get From List" owner="Collections">
<msg time="2024-03-15T16:35:07.765580" level="INFO">${element} = &lt;selenium.webdriver.remote.webelement.WebElement (session="9b0d6cb1e27018d1ae2c285d09669851", element="97A7C9A9C4D8DE64DBDEEF8A9972190D_element_22817")&gt;</msg>
<var>${element}</var>
<arg>${list elements}</arg>
<arg>${i}</arg>
<doc>Returns the value specified with an ``index`` from ``list``.</doc>
<status status="PASS" start="2024-03-15T16:35:07.765580" elapsed="0.000000"/>
</kw>
<kw name="Get Text" owner="SeleniumLibrary">
<msg time="2024-03-15T16:35:07.781205" level="INFO">${price_text} = 80.88 SEK</msg>
<var>${price_text}</var>
<arg>${element}</arg>
<doc>Returns the text value of the element identified by ``locator``.</doc>
<status status="PASS" start="2024-03-15T16:35:07.765580" elapsed="0.015625"/>
</kw>
<kw name="Append To List" owner="Collections">
<arg>${AllPrices}</arg>
<arg>${price_text}</arg>
<doc>Adds ``values`` to the end of ``list``.</doc>
<status status="PASS" start="2024-03-15T16:35:07.781205" elapsed="0.000000"/>
</kw>
<var name="${i}">14</var>
<status status="PASS" start="2024-03-15T16:35:07.765580" elapsed="0.015625"/>
</iter>
<iter>
<kw name="Get From List" owner="Collections">
<msg time="2024-03-15T16:35:07.781205" level="INFO">${element} = &lt;selenium.webdriver.remote.webelement.WebElement (session="9b0d6cb1e27018d1ae2c285d09669851", element="97A7C9A9C4D8DE64DBDEEF8A9972190D_element_22889")&gt;</msg>
<var>${element}</var>
<arg>${list elements}</arg>
<arg>${i}</arg>
<doc>Returns the value specified with an ``index`` from ``list``.</doc>
<status status="PASS" start="2024-03-15T16:35:07.781205" elapsed="0.000000"/>
</kw>
<kw name="Get Text" owner="SeleniumLibrary">
<msg time="2024-03-15T16:35:07.781205" level="INFO">${price_text} = 61.89 SEK</msg>
<var>${price_text}</var>
<arg>${element}</arg>
<doc>Returns the text value of the element identified by ``locator``.</doc>
<status status="PASS" start="2024-03-15T16:35:07.781205" elapsed="0.000000"/>
</kw>
<kw name="Append To List" owner="Collections">
<arg>${AllPrices}</arg>
<arg>${price_text}</arg>
<doc>Adds ``values`` to the end of ``list``.</doc>
<status status="PASS" start="2024-03-15T16:35:07.781205" elapsed="0.000000"/>
</kw>
<var name="${i}">15</var>
<status status="PASS" start="2024-03-15T16:35:07.781205" elapsed="0.000000"/>
</iter>
<iter>
<kw name="Get From List" owner="Collections">
<msg time="2024-03-15T16:35:07.781205" level="INFO">${element} = &lt;selenium.webdriver.remote.webelement.WebElement (session="9b0d6cb1e27018d1ae2c285d09669851", element="97A7C9A9C4D8DE64DBDEEF8A9972190D_element_22955")&gt;</msg>
<var>${element}</var>
<arg>${list elements}</arg>
<arg>${i}</arg>
<doc>Returns the value specified with an ``index`` from ``list``.</doc>
<status status="PASS" start="2024-03-15T16:35:07.781205" elapsed="0.000000"/>
</kw>
<kw name="Get Text" owner="SeleniumLibrary">
<msg time="2024-03-15T16:35:07.797976" level="INFO">${price_text} = 53.42 SEK</msg>
<var>${price_text}</var>
<arg>${element}</arg>
<doc>Returns the text value of the element identified by ``locator``.</doc>
<status status="PASS" start="2024-03-15T16:35:07.781205" elapsed="0.016771"/>
</kw>
<kw name="Append To List" owner="Collections">
<arg>${AllPrices}</arg>
<arg>${price_text}</arg>
<doc>Adds ``values`` to the end of ``list``.</doc>
<status status="PASS" start="2024-03-15T16:35:07.797976" elapsed="0.000000"/>
</kw>
<var name="${i}">16</var>
<status status="PASS" start="2024-03-15T16:35:07.781205" elapsed="0.016771"/>
</iter>
<iter>
<kw name="Get From List" owner="Collections">
<msg time="2024-03-15T16:35:07.797976" level="INFO">${element} = &lt;selenium.webdriver.remote.webelement.WebElement (session="9b0d6cb1e27018d1ae2c285d09669851", element="97A7C9A9C4D8DE64DBDEEF8A9972190D_element_23024")&gt;</msg>
<var>${element}</var>
<arg>${list elements}</arg>
<arg>${i}</arg>
<doc>Returns the value specified with an ``index`` from ``list``.</doc>
<status status="PASS" start="2024-03-15T16:35:07.797976" elapsed="0.000000"/>
</kw>
<kw name="Get Text" owner="SeleniumLibrary">
<msg time="2024-03-15T16:35:07.797976" level="INFO">${price_text} = 39.38 SEK</msg>
<var>${price_text}</var>
<arg>${element}</arg>
<doc>Returns the text value of the element identified by ``locator``.</doc>
<status status="PASS" start="2024-03-15T16:35:07.797976" elapsed="0.000000"/>
</kw>
<kw name="Append To List" owner="Collections">
<arg>${AllPrices}</arg>
<arg>${price_text}</arg>
<doc>Adds ``values`` to the end of ``list``.</doc>
<status status="PASS" start="2024-03-15T16:35:07.797976" elapsed="0.000000"/>
</kw>
<var name="${i}">17</var>
<status status="PASS" start="2024-03-15T16:35:07.797976" elapsed="0.000000"/>
</iter>
<iter>
<kw name="Get From List" owner="Collections">
<msg time="2024-03-15T16:35:07.797976" level="INFO">${element} = &lt;selenium.webdriver.remote.webelement.WebElement (session="9b0d6cb1e27018d1ae2c285d09669851", element="97A7C9A9C4D8DE64DBDEEF8A9972190D_element_23097")&gt;</msg>
<var>${element}</var>
<arg>${list elements}</arg>
<arg>${i}</arg>
<doc>Returns the value specified with an ``index`` from ``list``.</doc>
<status status="PASS" start="2024-03-15T16:35:07.797976" elapsed="0.000000"/>
</kw>
<kw name="Get Text" owner="SeleniumLibrary">
<msg time="2024-03-15T16:35:07.813631" level="INFO">${price_text} = 39.38 SEK</msg>
<var>${price_text}</var>
<arg>${element}</arg>
<doc>Returns the text value of the element identified by ``locator``.</doc>
<status status="PASS" start="2024-03-15T16:35:07.797976" elapsed="0.015655"/>
</kw>
<kw name="Append To List" owner="Collections">
<arg>${AllPrices}</arg>
<arg>${price_text}</arg>
<doc>Adds ``values`` to the end of ``list``.</doc>
<status status="PASS" start="2024-03-15T16:35:07.813631" elapsed="0.000000"/>
</kw>
<var name="${i}">18</var>
<status status="PASS" start="2024-03-15T16:35:07.797976" elapsed="0.015655"/>
</iter>
<iter>
<kw name="Get From List" owner="Collections">
<msg time="2024-03-15T16:35:07.813631" level="INFO">${element} = &lt;selenium.webdriver.remote.webelement.WebElement (session="9b0d6cb1e27018d1ae2c285d09669851", element="97A7C9A9C4D8DE64DBDEEF8A9972190D_element_23170")&gt;</msg>
<var>${element}</var>
<arg>${list elements}</arg>
<arg>${i}</arg>
<doc>Returns the value specified with an ``index`` from ``list``.</doc>
<status status="PASS" start="2024-03-15T16:35:07.813631" elapsed="0.000000"/>
</kw>
<kw name="Get Text" owner="SeleniumLibrary">
<msg time="2024-03-15T16:35:07.813631" level="INFO">${price_text} = 56.25 SEK</msg>
<var>${price_text}</var>
<arg>${element}</arg>
<doc>Returns the text value of the element identified by ``locator``.</doc>
<status status="PASS" start="2024-03-15T16:35:07.813631" elapsed="0.000000"/>
</kw>
<kw name="Append To List" owner="Collections">
<arg>${AllPrices}</arg>
<arg>${price_text}</arg>
<doc>Adds ``values`` to the end of ``list``.</doc>
<status status="PASS" start="2024-03-15T16:35:07.813631" elapsed="0.000000"/>
</kw>
<var name="${i}">19</var>
<status status="PASS" start="2024-03-15T16:35:07.813631" elapsed="0.000000"/>
</iter>
<iter>
<kw name="Get From List" owner="Collections">
<msg time="2024-03-15T16:35:07.813631" level="INFO">${element} = &lt;selenium.webdriver.remote.webelement.WebElement (session="9b0d6cb1e27018d1ae2c285d09669851", element="97A7C9A9C4D8DE64DBDEEF8A9972190D_element_25399")&gt;</msg>
<var>${element}</var>
<arg>${list elements}</arg>
<arg>${i}</arg>
<doc>Returns the value specified with an ``index`` from ``list``.</doc>
<status status="PASS" start="2024-03-15T16:35:07.813631" elapsed="0.000000"/>
</kw>
<kw name="Get Text" owner="SeleniumLibrary">
<msg time="2024-03-15T16:35:07.831179" level="INFO">${price_text} = 33.75 SEK</msg>
<var>${price_text}</var>
<arg>${element}</arg>
<doc>Returns the text value of the element identified by ``locator``.</doc>
<status status="PASS" start="2024-03-15T16:35:07.813631" elapsed="0.017548"/>
</kw>
<kw name="Append To List" owner="Collections">
<arg>${AllPrices}</arg>
<arg>${price_text}</arg>
<doc>Adds ``values`` to the end of ``list``.</doc>
<status status="PASS" start="2024-03-15T16:35:07.831179" elapsed="0.000000"/>
</kw>
<var name="${i}">20</var>
<status status="PASS" start="2024-03-15T16:35:07.813631" elapsed="0.017548"/>
</iter>
<iter>
<kw name="Get From List" owner="Collections">
<msg time="2024-03-15T16:35:07.831179" level="INFO">${element} = &lt;selenium.webdriver.remote.webelement.WebElement (session="9b0d6cb1e27018d1ae2c285d09669851", element="97A7C9A9C4D8DE64DBDEEF8A9972190D_element_25333")&gt;</msg>
<var>${element}</var>
<arg>${list elements}</arg>
<arg>${i}</arg>
<doc>Returns the value specified with an ``index`` from ``list``.</doc>
<status status="PASS" start="2024-03-15T16:35:07.831179" elapsed="0.000000"/>
</kw>
<kw name="Get Text" owner="SeleniumLibrary">
<msg time="2024-03-15T16:35:07.831179" level="INFO">${price_text} = 33.75 SEK</msg>
<var>${price_text}</var>
<arg>${element}</arg>
<doc>Returns the text value of the element identified by ``locator``.</doc>
<status status="PASS" start="2024-03-15T16:35:07.831179" elapsed="0.000000"/>
</kw>
<kw name="Append To List" owner="Collections">
<arg>${AllPrices}</arg>
<arg>${price_text}</arg>
<doc>Adds ``values`` to the end of ``list``.</doc>
<status status="PASS" start="2024-03-15T16:35:07.831179" elapsed="0.000000"/>
</kw>
<var name="${i}">21</var>
<status status="PASS" start="2024-03-15T16:35:07.831179" elapsed="0.000000"/>
</iter>
<iter>
<kw name="Get From List" owner="Collections">
<msg time="2024-03-15T16:35:07.831179" level="INFO">${element} = &lt;selenium.webdriver.remote.webelement.WebElement (session="9b0d6cb1e27018d1ae2c285d09669851", element="97A7C9A9C4D8DE64DBDEEF8A9972190D_element_25267")&gt;</msg>
<var>${element}</var>
<arg>${list elements}</arg>
<arg>${i}</arg>
<doc>Returns the value specified with an ``index`` from ``list``.</doc>
<status status="PASS" start="2024-03-15T16:35:07.831179" elapsed="0.000000"/>
</kw>
<kw name="Get Text" owner="SeleniumLibrary">
<msg time="2024-03-15T16:35:07.831179" level="INFO">${price_text} = 33.75 SEK</msg>
<var>${price_text}</var>
<arg>${element}</arg>
<doc>Returns the text value of the element identified by ``locator``.</doc>
<status status="PASS" start="2024-03-15T16:35:07.831179" elapsed="0.000000"/>
</kw>
<kw name="Append To List" owner="Collections">
<arg>${AllPrices}</arg>
<arg>${price_text}</arg>
<doc>Adds ``values`` to the end of ``list``.</doc>
<status status="PASS" start="2024-03-15T16:35:07.831179" elapsed="0.015653"/>
</kw>
<var name="${i}">22</var>
<status status="PASS" start="2024-03-15T16:35:07.831179" elapsed="0.015653"/>
</iter>
<iter>
<kw name="Get From List" owner="Collections">
<msg time="2024-03-15T16:35:07.846832" level="INFO">${element} = &lt;selenium.webdriver.remote.webelement.WebElement (session="9b0d6cb1e27018d1ae2c285d09669851", element="97A7C9A9C4D8DE64DBDEEF8A9972190D_element_25201")&gt;</msg>
<var>${element}</var>
<arg>${list elements}</arg>
<arg>${i}</arg>
<doc>Returns the value specified with an ``index`` from ``list``.</doc>
<status status="PASS" start="2024-03-15T16:35:07.846832" elapsed="0.000000"/>
</kw>
<kw name="Get Text" owner="SeleniumLibrary">
<msg time="2024-03-15T16:35:07.846832" level="INFO">${price_text} = 56.14 SEK</msg>
<var>${price_text}</var>
<arg>${element}</arg>
<doc>Returns the text value of the element identified by ``locator``.</doc>
<status status="PASS" start="2024-03-15T16:35:07.846832" elapsed="0.000000"/>
</kw>
<kw name="Append To List" owner="Collections">
<arg>${AllPrices}</arg>
<arg>${price_text}</arg>
<doc>Adds ``values`` to the end of ``list``.</doc>
<status status="PASS" start="2024-03-15T16:35:07.846832" elapsed="0.000000"/>
</kw>
<var name="${i}">23</var>
<status status="PASS" start="2024-03-15T16:35:07.846832" elapsed="0.000000"/>
</iter>
<iter>
<kw name="Get From List" owner="Collections">
<msg time="2024-03-15T16:35:07.846832" level="INFO">${element} = &lt;selenium.webdriver.remote.webelement.WebElement (session="9b0d6cb1e27018d1ae2c285d09669851", element="97A7C9A9C4D8DE64DBDEEF8A9972190D_element_25129")&gt;</msg>
<var>${element}</var>
<arg>${list elements}</arg>
<arg>${i}</arg>
<doc>Returns the value specified with an ``index`` from ``list``.</doc>
<status status="PASS" start="2024-03-15T16:35:07.846832" elapsed="0.000000"/>
</kw>
<kw name="Get Text" owner="SeleniumLibrary">
<msg time="2024-03-15T16:35:07.864385" level="INFO">${price_text} = 91.01 SEK</msg>
<var>${price_text}</var>
<arg>${element}</arg>
<doc>Returns the text value of the element identified by ``locator``.</doc>
<status status="PASS" start="2024-03-15T16:35:07.846832" elapsed="0.017553"/>
</kw>
<kw name="Append To List" owner="Collections">
<arg>${AllPrices}</arg>
<arg>${price_text}</arg>
<doc>Adds ``values`` to the end of ``list``.</doc>
<status status="PASS" start="2024-03-15T16:35:07.864385" elapsed="0.000000"/>
</kw>
<var name="${i}">24</var>
<status status="PASS" start="2024-03-15T16:35:07.846832" elapsed="0.017553"/>
</iter>
<iter>
<kw name="Get From List" owner="Collections">
<msg time="2024-03-15T16:35:07.864385" level="INFO">${element} = &lt;selenium.webdriver.remote.webelement.WebElement (session="9b0d6cb1e27018d1ae2c285d09669851", element="97A7C9A9C4D8DE64DBDEEF8A9972190D_element_25061")&gt;</msg>
<var>${element}</var>
<arg>${list elements}</arg>
<arg>${i}</arg>
<doc>Returns the value specified with an ``index`` from ``list``.</doc>
<status status="PASS" start="2024-03-15T16:35:07.864385" elapsed="0.000000"/>
</kw>
<kw name="Get Text" owner="SeleniumLibrary">
<msg time="2024-03-15T16:35:07.864385" level="INFO">${price_text} = 91.01 SEK</msg>
<var>${price_text}</var>
<arg>${element}</arg>
<doc>Returns the text value of the element identified by ``locator``.</doc>
<status status="PASS" start="2024-03-15T16:35:07.864385" elapsed="0.000000"/>
</kw>
<kw name="Append To List" owner="Collections">
<arg>${AllPrices}</arg>
<arg>${price_text}</arg>
<doc>Adds ``values`` to the end of ``list``.</doc>
<status status="PASS" start="2024-03-15T16:35:07.864385" elapsed="0.000000"/>
</kw>
<var name="${i}">25</var>
<status status="PASS" start="2024-03-15T16:35:07.864385" elapsed="0.000000"/>
</iter>
<iter>
<kw name="Get From List" owner="Collections">
<msg time="2024-03-15T16:35:07.864385" level="INFO">${element} = &lt;selenium.webdriver.remote.webelement.WebElement (session="9b0d6cb1e27018d1ae2c285d09669851", element="97A7C9A9C4D8DE64DBDEEF8A9972190D_element_24993")&gt;</msg>
<var>${element}</var>
<arg>${list elements}</arg>
<arg>${i}</arg>
<doc>Returns the value specified with an ``index`` from ``list``.</doc>
<status status="PASS" start="2024-03-15T16:35:07.864385" elapsed="0.000000"/>
</kw>
<kw name="Get Text" owner="SeleniumLibrary">
<msg time="2024-03-15T16:35:07.880022" level="INFO">${price_text} = 91.01 SEK</msg>
<var>${price_text}</var>
<arg>${element}</arg>
<doc>Returns the text value of the element identified by ``locator``.</doc>
<status status="PASS" start="2024-03-15T16:35:07.864385" elapsed="0.015637"/>
</kw>
<kw name="Append To List" owner="Collections">
<arg>${AllPrices}</arg>
<arg>${price_text}</arg>
<doc>Adds ``values`` to the end of ``list``.</doc>
<status status="PASS" start="2024-03-15T16:35:07.880022" elapsed="0.000000"/>
</kw>
<var name="${i}">26</var>
<status status="PASS" start="2024-03-15T16:35:07.864385" elapsed="0.015637"/>
</iter>
<iter>
<kw name="Get From List" owner="Collections">
<msg time="2024-03-15T16:35:07.880022" level="INFO">${element} = &lt;selenium.webdriver.remote.webelement.WebElement (session="9b0d6cb1e27018d1ae2c285d09669851", element="97A7C9A9C4D8DE64DBDEEF8A9972190D_element_24925")&gt;</msg>
<var>${element}</var>
<arg>${list elements}</arg>
<arg>${i}</arg>
<doc>Returns the value specified with an ``index`` from ``list``.</doc>
<status status="PASS" start="2024-03-15T16:35:07.880022" elapsed="0.000000"/>
</kw>
<kw name="Get Text" owner="SeleniumLibrary">
<msg time="2024-03-15T16:35:07.880022" level="INFO">${price_text} = 91.01 SEK</msg>
<var>${price_text}</var>
<arg>${element}</arg>
<doc>Returns the text value of the element identified by ``locator``.</doc>
<status status="PASS" start="2024-03-15T16:35:07.880022" elapsed="0.000000"/>
</kw>
<kw name="Append To List" owner="Collections">
<arg>${AllPrices}</arg>
<arg>${price_text}</arg>
<doc>Adds ``values`` to the end of ``list``.</doc>
<status status="PASS" start="2024-03-15T16:35:07.880022" elapsed="0.000000"/>
</kw>
<var name="${i}">27</var>
<status status="PASS" start="2024-03-15T16:35:07.880022" elapsed="0.000000"/>
</iter>
<iter>
<kw name="Get From List" owner="Collections">
<msg time="2024-03-15T16:35:07.880022" level="INFO">${element} = &lt;selenium.webdriver.remote.webelement.WebElement (session="9b0d6cb1e27018d1ae2c285d09669851", element="97A7C9A9C4D8DE64DBDEEF8A9972190D_element_24857")&gt;</msg>
<var>${element}</var>
<arg>${list elements}</arg>
<arg>${i}</arg>
<doc>Returns the value specified with an ``index`` from ``list``.</doc>
<status status="PASS" start="2024-03-15T16:35:07.880022" elapsed="0.000000"/>
</kw>
<kw name="Get Text" owner="SeleniumLibrary">
<msg time="2024-03-15T16:35:07.880022" level="INFO">${price_text} = 91.01 SEK</msg>
<var>${price_text}</var>
<arg>${element}</arg>
<doc>Returns the text value of the element identified by ``locator``.</doc>
<status status="PASS" start="2024-03-15T16:35:07.880022" elapsed="0.000000"/>
</kw>
<kw name="Append To List" owner="Collections">
<arg>${AllPrices}</arg>
<arg>${price_text}</arg>
<doc>Adds ``values`` to the end of ``list``.</doc>
<status status="PASS" start="2024-03-15T16:35:07.880022" elapsed="0.000000"/>
</kw>
<var name="${i}">28</var>
<status status="PASS" start="2024-03-15T16:35:07.880022" elapsed="0.000000"/>
</iter>
<iter>
<kw name="Get From List" owner="Collections">
<msg time="2024-03-15T16:35:07.880022" level="INFO">${element} = &lt;selenium.webdriver.remote.webelement.WebElement (session="9b0d6cb1e27018d1ae2c285d09669851", element="97A7C9A9C4D8DE64DBDEEF8A9972190D_element_24789")&gt;</msg>
<var>${element}</var>
<arg>${list elements}</arg>
<arg>${i}</arg>
<doc>Returns the value specified with an ``index`` from ``list``.</doc>
<status status="PASS" start="2024-03-15T16:35:07.880022" elapsed="0.000000"/>
</kw>
<kw name="Get Text" owner="SeleniumLibrary">
<msg time="2024-03-15T16:35:07.897726" level="INFO">${price_text} = 91.01 SEK</msg>
<var>${price_text}</var>
<arg>${element}</arg>
<doc>Returns the text value of the element identified by ``locator``.</doc>
<status status="PASS" start="2024-03-15T16:35:07.880022" elapsed="0.017704"/>
</kw>
<kw name="Append To List" owner="Collections">
<arg>${AllPrices}</arg>
<arg>${price_text}</arg>
<doc>Adds ``values`` to the end of ``list``.</doc>
<status status="PASS" start="2024-03-15T16:35:07.897726" elapsed="0.000000"/>
</kw>
<var name="${i}">29</var>
<status status="PASS" start="2024-03-15T16:35:07.880022" elapsed="0.017704"/>
</iter>
<iter>
<kw name="Get From List" owner="Collections">
<msg time="2024-03-15T16:35:07.913633" level="INFO">${element} = &lt;selenium.webdriver.remote.webelement.WebElement (session="9b0d6cb1e27018d1ae2c285d09669851", element="97A7C9A9C4D8DE64DBDEEF8A9972190D_element_24721")&gt;</msg>
<var>${element}</var>
<arg>${list elements}</arg>
<arg>${i}</arg>
<doc>Returns the value specified with an ``index`` from ``list``.</doc>
<status status="PASS" start="2024-03-15T16:35:07.897726" elapsed="0.015907"/>
</kw>
<kw name="Get Text" owner="SeleniumLibrary">
<msg time="2024-03-15T16:35:07.915377" level="INFO">${price_text} = 91.01 SEK</msg>
<var>${price_text}</var>
<arg>${element}</arg>
<doc>Returns the text value of the element identified by ``locator``.</doc>
<status status="PASS" start="2024-03-15T16:35:07.913633" elapsed="0.001744"/>
</kw>
<kw name="Append To List" owner="Collections">
<arg>${AllPrices}</arg>
<arg>${price_text}</arg>
<doc>Adds ``values`` to the end of ``list``.</doc>
<status status="PASS" start="2024-03-15T16:35:07.915377" elapsed="0.000000"/>
</kw>
<var name="${i}">30</var>
<status status="PASS" start="2024-03-15T16:35:07.897726" elapsed="0.017651"/>
</iter>
<iter>
<kw name="Get From List" owner="Collections">
<msg time="2024-03-15T16:35:07.915377" level="INFO">${element} = &lt;selenium.webdriver.remote.webelement.WebElement (session="9b0d6cb1e27018d1ae2c285d09669851", element="97A7C9A9C4D8DE64DBDEEF8A9972190D_element_24653")&gt;</msg>
<var>${element}</var>
<arg>${list elements}</arg>
<arg>${i}</arg>
<doc>Returns the value specified with an ``index`` from ``list``.</doc>
<status status="PASS" start="2024-03-15T16:35:07.915377" elapsed="0.000000"/>
</kw>
<kw name="Get Text" owner="SeleniumLibrary">
<msg time="2024-03-15T16:35:07.931224" level="INFO">${price_text} = 91.01 SEK</msg>
<var>${price_text}</var>
<arg>${element}</arg>
<doc>Returns the text value of the element identified by ``locator``.</doc>
<status status="PASS" start="2024-03-15T16:35:07.915377" elapsed="0.015847"/>
</kw>
<kw name="Append To List" owner="Collections">
<arg>${AllPrices}</arg>
<arg>${price_text}</arg>
<doc>Adds ``values`` to the end of ``list``.</doc>
<status status="PASS" start="2024-03-15T16:35:07.931224" elapsed="0.000000"/>
</kw>
<var name="${i}">31</var>
<status status="PASS" start="2024-03-15T16:35:07.915377" elapsed="0.015847"/>
</iter>
<iter>
<kw name="Get From List" owner="Collections">
<msg time="2024-03-15T16:35:07.931224" level="INFO">${element} = &lt;selenium.webdriver.remote.webelement.WebElement (session="9b0d6cb1e27018d1ae2c285d09669851", element="97A7C9A9C4D8DE64DBDEEF8A9972190D_element_24585")&gt;</msg>
<var>${element}</var>
<arg>${list elements}</arg>
<arg>${i}</arg>
<doc>Returns the value specified with an ``index`` from ``list``.</doc>
<status status="PASS" start="2024-03-15T16:35:07.931224" elapsed="0.000000"/>
</kw>
<kw name="Get Text" owner="SeleniumLibrary">
<msg time="2024-03-15T16:35:07.946869" level="INFO">${price_text} = 91.01 SEK</msg>
<var>${price_text}</var>
<arg>${element}</arg>
<doc>Returns the text value of the element identified by ``locator``.</doc>
<status status="PASS" start="2024-03-15T16:35:07.931224" elapsed="0.015645"/>
</kw>
<kw name="Append To List" owner="Collections">
<arg>${AllPrices}</arg>
<arg>${price_text}</arg>
<doc>Adds ``values`` to the end of ``list``.</doc>
<status status="PASS" start="2024-03-15T16:35:07.946869" elapsed="0.000000"/>
</kw>
<var name="${i}">32</var>
<status status="PASS" start="2024-03-15T16:35:07.931224" elapsed="0.015645"/>
</iter>
<iter>
<kw name="Get From List" owner="Collections">
<msg time="2024-03-15T16:35:07.946869" level="INFO">${element} = &lt;selenium.webdriver.remote.webelement.WebElement (session="9b0d6cb1e27018d1ae2c285d09669851", element="97A7C9A9C4D8DE64DBDEEF8A9972190D_element_24517")&gt;</msg>
<var>${element}</var>
<arg>${list elements}</arg>
<arg>${i}</arg>
<doc>Returns the value specified with an ``index`` from ``list``.</doc>
<status status="PASS" start="2024-03-15T16:35:07.946869" elapsed="0.000000"/>
</kw>
<kw name="Get Text" owner="SeleniumLibrary">
<msg time="2024-03-15T16:35:07.946869" level="INFO">${price_text} = 91.01 SEK</msg>
<var>${price_text}</var>
<arg>${element}</arg>
<doc>Returns the text value of the element identified by ``locator``.</doc>
<status status="PASS" start="2024-03-15T16:35:07.946869" elapsed="0.000000"/>
</kw>
<kw name="Append To List" owner="Collections">
<arg>${AllPrices}</arg>
<arg>${price_text}</arg>
<doc>Adds ``values`` to the end of ``list``.</doc>
<status status="PASS" start="2024-03-15T16:35:07.946869" elapsed="0.000000"/>
</kw>
<var name="${i}">33</var>
<status status="PASS" start="2024-03-15T16:35:07.946869" elapsed="0.000000"/>
</iter>
<iter>
<kw name="Get From List" owner="Collections">
<msg time="2024-03-15T16:35:07.962504" level="INFO">${element} = &lt;selenium.webdriver.remote.webelement.WebElement (session="9b0d6cb1e27018d1ae2c285d09669851", element="97A7C9A9C4D8DE64DBDEEF8A9972190D_element_24452")&gt;</msg>
<var>${element}</var>
<arg>${list elements}</arg>
<arg>${i}</arg>
<doc>Returns the value specified with an ``index`` from ``list``.</doc>
<status status="PASS" start="2024-03-15T16:35:07.962504" elapsed="0.000000"/>
</kw>
<kw name="Get Text" owner="SeleniumLibrary">
<msg time="2024-03-15T16:35:07.973599" level="INFO">${price_text} = 61.07 SEK</msg>
<var>${price_text}</var>
<arg>${element}</arg>
<doc>Returns the text value of the element identified by ``locator``.</doc>
<status status="PASS" start="2024-03-15T16:35:07.963372" elapsed="0.010227"/>
</kw>
<kw name="Append To List" owner="Collections">
<arg>${AllPrices}</arg>
<arg>${price_text}</arg>
<doc>Adds ``values`` to the end of ``list``.</doc>
<status status="PASS" start="2024-03-15T16:35:07.973599" elapsed="0.000000"/>
</kw>
<var name="${i}">34</var>
<status status="PASS" start="2024-03-15T16:35:07.946869" elapsed="0.026730"/>
</iter>
<iter>
<kw name="Get From List" owner="Collections">
<msg time="2024-03-15T16:35:07.974609" level="INFO">${element} = &lt;selenium.webdriver.remote.webelement.WebElement (session="9b0d6cb1e27018d1ae2c285d09669851", element="97A7C9A9C4D8DE64DBDEEF8A9972190D_element_24386")&gt;</msg>
<var>${element}</var>
<arg>${list elements}</arg>
<arg>${i}</arg>
<doc>Returns the value specified with an ``index`` from ``list``.</doc>
<status status="PASS" start="2024-03-15T16:35:07.974609" elapsed="0.000000"/>
</kw>
<kw name="Get Text" owner="SeleniumLibrary">
<msg time="2024-03-15T16:35:07.985189" level="INFO">${price_text} = 61.07 SEK</msg>
<var>${price_text}</var>
<arg>${element}</arg>
<doc>Returns the text value of the element identified by ``locator``.</doc>
<status status="PASS" start="2024-03-15T16:35:07.974609" elapsed="0.010580"/>
</kw>
<kw name="Append To List" owner="Collections">
<arg>${AllPrices}</arg>
<arg>${price_text}</arg>
<doc>Adds ``values`` to the end of ``list``.</doc>
<status status="PASS" start="2024-03-15T16:35:07.986321" elapsed="0.000260"/>
</kw>
<var name="${i}">35</var>
<status status="PASS" start="2024-03-15T16:35:07.974609" elapsed="0.011972"/>
</iter>
<iter>
<kw name="Get From List" owner="Collections">
<msg time="2024-03-15T16:35:07.986581" level="INFO">${element} = &lt;selenium.webdriver.remote.webelement.WebElement (session="9b0d6cb1e27018d1ae2c285d09669851", element="97A7C9A9C4D8DE64DBDEEF8A9972190D_element_24326")&gt;</msg>
<var>${element}</var>
<arg>${list elements}</arg>
<arg>${i}</arg>
<doc>Returns the value specified with an ``index`` from ``list``.</doc>
<status status="PASS" start="2024-03-15T16:35:07.986581" elapsed="0.000000"/>
</kw>
<kw name="Get Text" owner="SeleniumLibrary">
<msg time="2024-03-15T16:35:07.993517" level="INFO">${price_text} = 61.07 SEK</msg>
<var>${price_text}</var>
<arg>${element}</arg>
<doc>Returns the text value of the element identified by ``locator``.</doc>
<status status="PASS" start="2024-03-15T16:35:07.986581" elapsed="0.006936"/>
</kw>
<kw name="Append To List" owner="Collections">
<arg>${AllPrices}</arg>
<arg>${price_text}</arg>
<doc>Adds ``values`` to the end of ``list``.</doc>
<status status="PASS" start="2024-03-15T16:35:07.994092" elapsed="0.000000"/>
</kw>
<var name="${i}">36</var>
<status status="PASS" start="2024-03-15T16:35:07.986581" elapsed="0.007511"/>
</iter>
<iter>
<kw name="Get From List" owner="Collections">
<msg time="2024-03-15T16:35:07.994092" level="INFO">${element} = &lt;selenium.webdriver.remote.webelement.WebElement (session="9b0d6cb1e27018d1ae2c285d09669851", element="97A7C9A9C4D8DE64DBDEEF8A9972190D_element_24257")&gt;</msg>
<var>${element}</var>
<arg>${list elements}</arg>
<arg>${i}</arg>
<doc>Returns the value specified with an ``index`` from ``list``.</doc>
<status status="PASS" start="2024-03-15T16:35:07.994092" elapsed="0.000000"/>
</kw>
<kw name="Get Text" owner="SeleniumLibrary">
<msg time="2024-03-15T16:35:08.001937" level="INFO">${price_text} = 59.06 SEK</msg>
<var>${price_text}</var>
<arg>${element}</arg>
<doc>Returns the text value of the element identified by ``locator``.</doc>
<status status="PASS" start="2024-03-15T16:35:07.994092" elapsed="0.007845"/>
</kw>
<kw name="Append To List" owner="Collections">
<arg>${AllPrices}</arg>
<arg>${price_text}</arg>
<doc>Adds ``values`` to the end of ``list``.</doc>
<status status="PASS" start="2024-03-15T16:35:08.002946" elapsed="0.000063"/>
</kw>
<var name="${i}">37</var>
<status status="PASS" start="2024-03-15T16:35:07.994092" elapsed="0.009153"/>
</iter>
<iter>
<kw name="Get From List" owner="Collections">
<msg time="2024-03-15T16:35:08.003245" level="INFO">${element} = &lt;selenium.webdriver.remote.webelement.WebElement (session="9b0d6cb1e27018d1ae2c285d09669851", element="97A7C9A9C4D8DE64DBDEEF8A9972190D_element_24188")&gt;</msg>
<var>${element}</var>
<arg>${list elements}</arg>
<arg>${i}</arg>
<doc>Returns the value specified with an ``index`` from ``list``.</doc>
<status status="PASS" start="2024-03-15T16:35:08.003245" elapsed="0.000000"/>
</kw>
<kw name="Get Text" owner="SeleniumLibrary">
<msg time="2024-03-15T16:35:08.009245" level="INFO">${price_text} = 59.06 SEK</msg>
<var>${price_text}</var>
<arg>${element}</arg>
<doc>Returns the text value of the element identified by ``locator``.</doc>
<status status="PASS" start="2024-03-15T16:35:08.003245" elapsed="0.006000"/>
</kw>
<kw name="Append To List" owner="Collections">
<arg>${AllPrices}</arg>
<arg>${price_text}</arg>
<doc>Adds ``values`` to the end of ``list``.</doc>
<status status="PASS" start="2024-03-15T16:35:08.009245" elapsed="0.000000"/>
</kw>
<var name="${i}">38</var>
<status status="PASS" start="2024-03-15T16:35:08.003245" elapsed="0.006000"/>
</iter>
<iter>
<kw name="Get From List" owner="Collections">
<msg time="2024-03-15T16:35:08.010251" level="INFO">${element} = &lt;selenium.webdriver.remote.webelement.WebElement (session="9b0d6cb1e27018d1ae2c285d09669851", element="97A7C9A9C4D8DE64DBDEEF8A9972190D_element_24125")&gt;</msg>
<var>${element}</var>
<arg>${list elements}</arg>
<arg>${i}</arg>
<doc>Returns the value specified with an ``index`` from ``list``.</doc>
<status status="PASS" start="2024-03-15T16:35:08.009245" elapsed="0.001006"/>
</kw>
<kw name="Get Text" owner="SeleniumLibrary">
<msg time="2024-03-15T16:35:08.015710" level="INFO">${price_text} = 89.88 SEK</msg>
<var>${price_text}</var>
<arg>${element}</arg>
<doc>Returns the text value of the element identified by ``locator``.</doc>
<status status="PASS" start="2024-03-15T16:35:08.010251" elapsed="0.005459"/>
</kw>
<kw name="Append To List" owner="Collections">
<arg>${AllPrices}</arg>
<arg>${price_text}</arg>
<doc>Adds ``values`` to the end of ``list``.</doc>
<status status="PASS" start="2024-03-15T16:35:08.015710" elapsed="0.000000"/>
</kw>
<var name="${i}">39</var>
<status status="PASS" start="2024-03-15T16:35:08.009245" elapsed="0.006465"/>
</iter>
<iter>
<kw name="Get From List" owner="Collections">
<msg time="2024-03-15T16:35:08.016718" level="INFO">${element} = &lt;selenium.webdriver.remote.webelement.WebElement (session="9b0d6cb1e27018d1ae2c285d09669851", element="97A7C9A9C4D8DE64DBDEEF8A9972190D_element_27284")&gt;</msg>
<var>${element}</var>
<arg>${list elements}</arg>
<arg>${i}</arg>
<doc>Returns the value specified with an ``index`` from ``list``.</doc>
<status status="PASS" start="2024-03-15T16:35:08.016718" elapsed="0.000000"/>
</kw>
<kw name="Get Text" owner="SeleniumLibrary">
<msg time="2024-03-15T16:35:08.024257" level="INFO">${price_text} = 102.80 SEK</msg>
<var>${price_text}</var>
<arg>${element}</arg>
<doc>Returns the text value of the element identified by ``locator``.</doc>
<status status="PASS" start="2024-03-15T16:35:08.016718" elapsed="0.007539"/>
</kw>
<kw name="Append To List" owner="Collections">
<arg>${AllPrices}</arg>
<arg>${price_text}</arg>
<doc>Adds ``values`` to the end of ``list``.</doc>
<status status="PASS" start="2024-03-15T16:35:08.024257" elapsed="0.000994"/>
</kw>
<var name="${i}">40</var>
<status status="PASS" start="2024-03-15T16:35:08.016718" elapsed="0.008533"/>
</iter>
<iter>
<kw name="Get From List" owner="Collections">
<msg time="2024-03-15T16:35:08.025251" level="INFO">${element} = &lt;selenium.webdriver.remote.webelement.WebElement (session="9b0d6cb1e27018d1ae2c285d09669851", element="97A7C9A9C4D8DE64DBDEEF8A9972190D_element_27238")&gt;</msg>
<var>${element}</var>
<arg>${list elements}</arg>
<arg>${i}</arg>
<doc>Returns the value specified with an ``index`` from ``list``.</doc>
<status status="PASS" start="2024-03-15T16:35:08.025251" elapsed="0.000000"/>
</kw>
<kw name="Get Text" owner="SeleniumLibrary">
<msg time="2024-03-15T16:35:08.033228" level="INFO">${price_text} = 30.57 SEK</msg>
<var>${price_text}</var>
<arg>${element}</arg>
<doc>Returns the text value of the element identified by ``locator``.</doc>
<status status="PASS" start="2024-03-15T16:35:08.025251" elapsed="0.007977"/>
</kw>
<kw name="Append To List" owner="Collections">
<arg>${AllPrices}</arg>
<arg>${price_text}</arg>
<doc>Adds ``values`` to the end of ``list``.</doc>
<status status="PASS" start="2024-03-15T16:35:08.033228" elapsed="0.001006"/>
</kw>
<var name="${i}">41</var>
<status status="PASS" start="2024-03-15T16:35:08.025251" elapsed="0.008983"/>
</iter>
<iter>
<kw name="Get From List" owner="Collections">
<msg time="2024-03-15T16:35:08.034234" level="INFO">${element} = &lt;selenium.webdriver.remote.webelement.WebElement (session="9b0d6cb1e27018d1ae2c285d09669851", element="97A7C9A9C4D8DE64DBDEEF8A9972190D_element_27175")&gt;</msg>
<var>${element}</var>
<arg>${list elements}</arg>
<arg>${i}</arg>
<doc>Returns the value specified with an ``index`` from ``list``.</doc>
<status status="PASS" start="2024-03-15T16:35:08.034234" elapsed="0.000000"/>
</kw>
<kw name="Get Text" owner="SeleniumLibrary">
<msg time="2024-03-15T16:35:08.040649" level="INFO">${price_text} = 30.57 SEK</msg>
<var>${price_text}</var>
<arg>${element}</arg>
<doc>Returns the text value of the element identified by ``locator``.</doc>
<status status="PASS" start="2024-03-15T16:35:08.034234" elapsed="0.006415"/>
</kw>
<kw name="Append To List" owner="Collections">
<arg>${AllPrices}</arg>
<arg>${price_text}</arg>
<doc>Adds ``values`` to the end of ``list``.</doc>
<status status="PASS" start="2024-03-15T16:35:08.041658" elapsed="0.000000"/>
</kw>
<var name="${i}">42</var>
<status status="PASS" start="2024-03-15T16:35:08.034234" elapsed="0.007424"/>
</iter>
<iter>
<kw name="Get From List" owner="Collections">
<msg time="2024-03-15T16:35:08.041658" level="INFO">${element} = &lt;selenium.webdriver.remote.webelement.WebElement (session="9b0d6cb1e27018d1ae2c285d09669851", element="97A7C9A9C4D8DE64DBDEEF8A9972190D_element_27112")&gt;</msg>
<var>${element}</var>
<arg>${list elements}</arg>
<arg>${i}</arg>
<doc>Returns the value specified with an ``index`` from ``list``.</doc>
<status status="PASS" start="2024-03-15T16:35:08.041658" elapsed="0.000000"/>
</kw>
<kw name="Get Text" owner="SeleniumLibrary">
<msg time="2024-03-15T16:35:08.048061" level="INFO">${price_text} = 30.57 SEK</msg>
<var>${price_text}</var>
<arg>${element}</arg>
<doc>Returns the text value of the element identified by ``locator``.</doc>
<status status="PASS" start="2024-03-15T16:35:08.042652" elapsed="0.005409"/>
</kw>
<kw name="Append To List" owner="Collections">
<arg>${AllPrices}</arg>
<arg>${price_text}</arg>
<doc>Adds ``values`` to the end of ``list``.</doc>
<status status="PASS" start="2024-03-15T16:35:08.048061" elapsed="0.000000"/>
</kw>
<var name="${i}">43</var>
<status status="PASS" start="2024-03-15T16:35:08.041658" elapsed="0.007411"/>
</iter>
<iter>
<kw name="Get From List" owner="Collections">
<msg time="2024-03-15T16:35:08.049069" level="INFO">${element} = &lt;selenium.webdriver.remote.webelement.WebElement (session="9b0d6cb1e27018d1ae2c285d09669851", element="97A7C9A9C4D8DE64DBDEEF8A9972190D_element_27049")&gt;</msg>
<var>${element}</var>
<arg>${list elements}</arg>
<arg>${i}</arg>
<doc>Returns the value specified with an ``index`` from ``list``.</doc>
<status status="PASS" start="2024-03-15T16:35:08.049069" elapsed="0.000000"/>
</kw>
<kw name="Get Text" owner="SeleniumLibrary">
<msg time="2024-03-15T16:35:08.055037" level="INFO">${price_text} = 30.57 SEK</msg>
<var>${price_text}</var>
<arg>${element}</arg>
<doc>Returns the text value of the element identified by ``locator``.</doc>
<status status="PASS" start="2024-03-15T16:35:08.049069" elapsed="0.005968"/>
</kw>
<kw name="Append To List" owner="Collections">
<arg>${AllPrices}</arg>
<arg>${price_text}</arg>
<doc>Adds ``values`` to the end of ``list``.</doc>
<status status="PASS" start="2024-03-15T16:35:08.055037" elapsed="0.000000"/>
</kw>
<var name="${i}">44</var>
<status status="PASS" start="2024-03-15T16:35:08.049069" elapsed="0.005968"/>
</iter>
<iter>
<kw name="Get From List" owner="Collections">
<msg time="2024-03-15T16:35:08.055037" level="INFO">${element} = &lt;selenium.webdriver.remote.webelement.WebElement (session="9b0d6cb1e27018d1ae2c285d09669851", element="97A7C9A9C4D8DE64DBDEEF8A9972190D_element_26980")&gt;</msg>
<var>${element}</var>
<arg>${list elements}</arg>
<arg>${i}</arg>
<doc>Returns the value specified with an ``index`` from ``list``.</doc>
<status status="PASS" start="2024-03-15T16:35:08.055037" elapsed="0.000000"/>
</kw>
<kw name="Get Text" owner="SeleniumLibrary">
<msg time="2024-03-15T16:35:08.061017" level="INFO">${price_text} = 61.87 SEK</msg>
<var>${price_text}</var>
<arg>${element}</arg>
<doc>Returns the text value of the element identified by ``locator``.</doc>
<status status="PASS" start="2024-03-15T16:35:08.056033" elapsed="0.004984"/>
</kw>
<kw name="Append To List" owner="Collections">
<arg>${AllPrices}</arg>
<arg>${price_text}</arg>
<doc>Adds ``values`` to the end of ``list``.</doc>
<status status="PASS" start="2024-03-15T16:35:08.061017" elapsed="0.000000"/>
</kw>
<var name="${i}">45</var>
<status status="PASS" start="2024-03-15T16:35:08.055037" elapsed="0.005980"/>
</iter>
<iter>
<kw name="Get From List" owner="Collections">
<msg time="2024-03-15T16:35:08.062026" level="INFO">${element} = &lt;selenium.webdriver.remote.webelement.WebElement (session="9b0d6cb1e27018d1ae2c285d09669851", element="97A7C9A9C4D8DE64DBDEEF8A9972190D_element_26911")&gt;</msg>
<var>${element}</var>
<arg>${list elements}</arg>
<arg>${i}</arg>
<doc>Returns the value specified with an ``index`` from ``list``.</doc>
<status status="PASS" start="2024-03-15T16:35:08.062026" elapsed="0.000000"/>
</kw>
<kw name="Get Text" owner="SeleniumLibrary">
<msg time="2024-03-15T16:35:08.069938" level="INFO">${price_text} = 61.87 SEK</msg>
<var>${price_text}</var>
<arg>${element}</arg>
<doc>Returns the text value of the element identified by ``locator``.</doc>
<status status="PASS" start="2024-03-15T16:35:08.062026" elapsed="0.007912"/>
</kw>
<kw name="Append To List" owner="Collections">
<arg>${AllPrices}</arg>
<arg>${price_text}</arg>
<doc>Adds ``values`` to the end of ``list``.</doc>
<status status="PASS" start="2024-03-15T16:35:08.070948" elapsed="0.000000"/>
</kw>
<var name="${i}">46</var>
<status status="PASS" start="2024-03-15T16:35:08.062026" elapsed="0.008922"/>
</iter>
<iter>
<kw name="Get From List" owner="Collections">
<msg time="2024-03-15T16:35:08.070948" level="INFO">${element} = &lt;selenium.webdriver.remote.webelement.WebElement (session="9b0d6cb1e27018d1ae2c285d09669851", element="97A7C9A9C4D8DE64DBDEEF8A9972190D_element_26838")&gt;</msg>
<var>${element}</var>
<arg>${list elements}</arg>
<arg>${i}</arg>
<doc>Returns the value specified with an ``index`` from ``list``.</doc>
<status status="PASS" start="2024-03-15T16:35:08.070948" elapsed="0.000000"/>
</kw>
<kw name="Get Text" owner="SeleniumLibrary">
<msg time="2024-03-15T16:35:08.076915" level="INFO">${price_text} = 61.87 SEK</msg>
<var>${price_text}</var>
<arg>${element}</arg>
<doc>Returns the text value of the element identified by ``locator``.</doc>
<status status="PASS" start="2024-03-15T16:35:08.070948" elapsed="0.005967"/>
</kw>
<kw name="Append To List" owner="Collections">
<arg>${AllPrices}</arg>
<arg>${price_text}</arg>
<doc>Adds ``values`` to the end of ``list``.</doc>
<status status="PASS" start="2024-03-15T16:35:08.076915" elapsed="0.000997"/>
</kw>
<var name="${i}">47</var>
<status status="PASS" start="2024-03-15T16:35:08.070948" elapsed="0.006964"/>
</iter>
<iter>
<kw name="Get From List" owner="Collections">
<msg time="2024-03-15T16:35:08.077912" level="INFO">${element} = &lt;selenium.webdriver.remote.webelement.WebElement (session="9b0d6cb1e27018d1ae2c285d09669851", element="97A7C9A9C4D8DE64DBDEEF8A9972190D_element_26769")&gt;</msg>
<var>${element}</var>
<arg>${list elements}</arg>
<arg>${i}</arg>
<doc>Returns the value specified with an ``index`` from ``list``.</doc>
<status status="PASS" start="2024-03-15T16:35:08.077912" elapsed="0.000000"/>
</kw>
<kw name="Get Text" owner="SeleniumLibrary">
<msg time="2024-03-15T16:35:08.087113" level="INFO">${price_text} = 61.87 SEK</msg>
<var>${price_text}</var>
<arg>${element}</arg>
<doc>Returns the text value of the element identified by ``locator``.</doc>
<status status="PASS" start="2024-03-15T16:35:08.077912" elapsed="0.009201"/>
</kw>
<kw name="Append To List" owner="Collections">
<arg>${AllPrices}</arg>
<arg>${price_text}</arg>
<doc>Adds ``values`` to the end of ``list``.</doc>
<status status="PASS" start="2024-03-15T16:35:08.087113" elapsed="0.001073"/>
</kw>
<var name="${i}">48</var>
<status status="PASS" start="2024-03-15T16:35:08.077912" elapsed="0.010274"/>
</iter>
<iter>
<kw name="Get From List" owner="Collections">
<msg time="2024-03-15T16:35:08.088186" level="INFO">${element} = &lt;selenium.webdriver.remote.webelement.WebElement (session="9b0d6cb1e27018d1ae2c285d09669851", element="97A7C9A9C4D8DE64DBDEEF8A9972190D_element_26699")&gt;</msg>
<var>${element}</var>
<arg>${list elements}</arg>
<arg>${i}</arg>
<doc>Returns the value specified with an ``index`` from ``list``.</doc>
<status status="PASS" start="2024-03-15T16:35:08.088186" elapsed="0.000000"/>
</kw>
<kw name="Get Text" owner="SeleniumLibrary">
<msg time="2024-03-15T16:35:08.095088" level="INFO">${price_text} = 20.66 SEK</msg>
<var>${price_text}</var>
<arg>${element}</arg>
<doc>Returns the text value of the element identified by ``locator``.</doc>
<status status="PASS" start="2024-03-15T16:35:08.088186" elapsed="0.006902"/>
</kw>
<kw name="Append To List" owner="Collections">
<arg>${AllPrices}</arg>
<arg>${price_text}</arg>
<doc>Adds ``values`` to the end of ``list``.</doc>
<status status="PASS" start="2024-03-15T16:35:08.095088" elapsed="0.000000"/>
</kw>
<var name="${i}">49</var>
<status status="PASS" start="2024-03-15T16:35:08.088186" elapsed="0.006902"/>
</iter>
<iter>
<kw name="Get From List" owner="Collections">
<msg time="2024-03-15T16:35:08.095088" level="INFO">${element} = &lt;selenium.webdriver.remote.webelement.WebElement (session="9b0d6cb1e27018d1ae2c285d09669851", element="97A7C9A9C4D8DE64DBDEEF8A9972190D_element_26629")&gt;</msg>
<var>${element}</var>
<arg>${list elements}</arg>
<arg>${i}</arg>
<doc>Returns the value specified with an ``index`` from ``list``.</doc>
<status status="PASS" start="2024-03-15T16:35:08.095088" elapsed="0.000000"/>
</kw>
<kw name="Get Text" owner="SeleniumLibrary">
<msg time="2024-03-15T16:35:08.111254" level="INFO">${price_text} = 20.66 SEK</msg>
<var>${price_text}</var>
<arg>${element}</arg>
<doc>Returns the text value of the element identified by ``locator``.</doc>
<status status="PASS" start="2024-03-15T16:35:08.096085" elapsed="0.015169"/>
</kw>
<kw name="Append To List" owner="Collections">
<arg>${AllPrices}</arg>
<arg>${price_text}</arg>
<doc>Adds ``values`` to the end of ``list``.</doc>
<status status="PASS" start="2024-03-15T16:35:08.111254" elapsed="0.000000"/>
</kw>
<var name="${i}">50</var>
<status status="PASS" start="2024-03-15T16:35:08.095088" elapsed="0.016166"/>
</iter>
<iter>
<kw name="Get From List" owner="Collections">
<msg time="2024-03-15T16:35:08.112267" level="INFO">${element} = &lt;selenium.webdriver.remote.webelement.WebElement (session="9b0d6cb1e27018d1ae2c285d09669851", element="97A7C9A9C4D8DE64DBDEEF8A9972190D_element_26559")&gt;</msg>
<var>${element}</var>
<arg>${list elements}</arg>
<arg>${i}</arg>
<doc>Returns the value specified with an ``index`` from ``list``.</doc>
<status status="PASS" start="2024-03-15T16:35:08.111254" elapsed="0.001013"/>
</kw>
<kw name="Get Text" owner="SeleniumLibrary">
<msg time="2024-03-15T16:35:08.123268" level="INFO">${price_text} = 20.66 SEK</msg>
<var>${price_text}</var>
<arg>${element}</arg>
<doc>Returns the text value of the element identified by ``locator``.</doc>
<status status="PASS" start="2024-03-15T16:35:08.112267" elapsed="0.011001"/>
</kw>
<kw name="Append To List" owner="Collections">
<arg>${AllPrices}</arg>
<arg>${price_text}</arg>
<doc>Adds ``values`` to the end of ``list``.</doc>
<status status="PASS" start="2024-03-15T16:35:08.123268" elapsed="0.000000"/>
</kw>
<var name="${i}">51</var>
<status status="PASS" start="2024-03-15T16:35:08.111254" elapsed="0.013011"/>
</iter>
<iter>
<kw name="Get From List" owner="Collections">
<msg time="2024-03-15T16:35:08.124265" level="INFO">${element} = &lt;selenium.webdriver.remote.webelement.WebElement (session="9b0d6cb1e27018d1ae2c285d09669851", element="97A7C9A9C4D8DE64DBDEEF8A9972190D_element_26489")&gt;</msg>
<var>${element}</var>
<arg>${list elements}</arg>
<arg>${i}</arg>
<doc>Returns the value specified with an ``index`` from ``list``.</doc>
<status status="PASS" start="2024-03-15T16:35:08.124265" elapsed="0.000000"/>
</kw>
<kw name="Get Text" owner="SeleniumLibrary">
<msg time="2024-03-15T16:35:08.134336" level="INFO">${price_text} = 20.66 SEK</msg>
<var>${price_text}</var>
<arg>${element}</arg>
<doc>Returns the text value of the element identified by ``locator``.</doc>
<status status="PASS" start="2024-03-15T16:35:08.124265" elapsed="0.010071"/>
</kw>
<kw name="Append To List" owner="Collections">
<arg>${AllPrices}</arg>
<arg>${price_text}</arg>
<doc>Adds ``values`` to the end of ``list``.</doc>
<status status="PASS" start="2024-03-15T16:35:08.135332" elapsed="0.000000"/>
</kw>
<var name="${i}">52</var>
<status status="PASS" start="2024-03-15T16:35:08.124265" elapsed="0.011067"/>
</iter>
<iter>
<kw name="Get From List" owner="Collections">
<msg time="2024-03-15T16:35:08.135332" level="INFO">${element} = &lt;selenium.webdriver.remote.webelement.WebElement (session="9b0d6cb1e27018d1ae2c285d09669851", element="97A7C9A9C4D8DE64DBDEEF8A9972190D_element_26423")&gt;</msg>
<var>${element}</var>
<arg>${list elements}</arg>
<arg>${i}</arg>
<doc>Returns the value specified with an ``index`` from ``list``.</doc>
<status status="PASS" start="2024-03-15T16:35:08.135332" elapsed="0.000000"/>
</kw>
<kw name="Get Text" owner="SeleniumLibrary">
<msg time="2024-03-15T16:35:08.141312" level="INFO">${price_text} = 95.31 SEK</msg>
<var>${price_text}</var>
<arg>${element}</arg>
<doc>Returns the text value of the element identified by ``locator``.</doc>
<status status="PASS" start="2024-03-15T16:35:08.135332" elapsed="0.005980"/>
</kw>
<kw name="Append To List" owner="Collections">
<arg>${AllPrices}</arg>
<arg>${price_text}</arg>
<doc>Adds ``values`` to the end of ``list``.</doc>
<status status="PASS" start="2024-03-15T16:35:08.141312" elapsed="0.001009"/>
</kw>
<var name="${i}">53</var>
<status status="PASS" start="2024-03-15T16:35:08.135332" elapsed="0.006989"/>
</iter>
<iter>
<kw name="Get From List" owner="Collections">
<msg time="2024-03-15T16:35:08.142321" level="INFO">${element} = &lt;selenium.webdriver.remote.webelement.WebElement (session="9b0d6cb1e27018d1ae2c285d09669851", element="97A7C9A9C4D8DE64DBDEEF8A9972190D_element_26354")&gt;</msg>
<var>${element}</var>
<arg>${list elements}</arg>
<arg>${i}</arg>
<doc>Returns the value specified with an ``index`` from ``list``.</doc>
<status status="PASS" start="2024-03-15T16:35:08.142321" elapsed="0.000000"/>
</kw>
<kw name="Get Text" owner="SeleniumLibrary">
<msg time="2024-03-15T16:35:08.148289" level="INFO">${price_text} = 63.00 SEK</msg>
<var>${price_text}</var>
<arg>${element}</arg>
<doc>Returns the text value of the element identified by ``locator``.</doc>
<status status="PASS" start="2024-03-15T16:35:08.142321" elapsed="0.005968"/>
</kw>
<kw name="Append To List" owner="Collections">
<arg>${AllPrices}</arg>
<arg>${price_text}</arg>
<doc>Adds ``values`` to the end of ``list``.</doc>
<status status="PASS" start="2024-03-15T16:35:08.149289" elapsed="0.000000"/>
</kw>
<var name="${i}">54</var>
<status status="PASS" start="2024-03-15T16:35:08.142321" elapsed="0.006968"/>
</iter>
<iter>
<kw name="Get From List" owner="Collections">
<msg time="2024-03-15T16:35:08.149289" level="INFO">${element} = &lt;selenium.webdriver.remote.webelement.WebElement (session="9b0d6cb1e27018d1ae2c285d09669851", element="97A7C9A9C4D8DE64DBDEEF8A9972190D_element_26288")&gt;</msg>
<var>${element}</var>
<arg>${list elements}</arg>
<arg>${i}</arg>
<doc>Returns the value specified with an ``index`` from ``list``.</doc>
<status status="PASS" start="2024-03-15T16:35:08.149289" elapsed="0.000000"/>
</kw>
<kw name="Get Text" owner="SeleniumLibrary">
<msg time="2024-03-15T16:35:08.155265" level="INFO">${price_text} = 96.19 SEK</msg>
<var>${price_text}</var>
<arg>${element}</arg>
<doc>Returns the text value of the element identified by ``locator``.</doc>
<status status="PASS" start="2024-03-15T16:35:08.149289" elapsed="0.005976"/>
</kw>
<kw name="Append To List" owner="Collections">
<arg>${AllPrices}</arg>
<arg>${price_text}</arg>
<doc>Adds ``values`` to the end of ``list``.</doc>
<status status="PASS" start="2024-03-15T16:35:08.155265" elapsed="0.000000"/>
</kw>
<var name="${i}">55</var>
<status status="PASS" start="2024-03-15T16:35:08.149289" elapsed="0.006975"/>
</iter>
<iter>
<kw name="Get From List" owner="Collections">
<msg time="2024-03-15T16:35:08.156264" level="INFO">${element} = &lt;selenium.webdriver.remote.webelement.WebElement (session="9b0d6cb1e27018d1ae2c285d09669851", element="97A7C9A9C4D8DE64DBDEEF8A9972190D_element_26222")&gt;</msg>
<var>${element}</var>
<arg>${list elements}</arg>
<arg>${i}</arg>
<doc>Returns the value specified with an ``index`` from ``list``.</doc>
<status status="PASS" start="2024-03-15T16:35:08.156264" elapsed="0.000000"/>
</kw>
<kw name="Get Text" owner="SeleniumLibrary">
<msg time="2024-03-15T16:35:08.162243" level="INFO">${price_text} = 96.75 SEK</msg>
<var>${price_text}</var>
<arg>${element}</arg>
<doc>Returns the text value of the element identified by ``locator``.</doc>
<status status="PASS" start="2024-03-15T16:35:08.156264" elapsed="0.005979"/>
</kw>
<kw name="Append To List" owner="Collections">
<arg>${AllPrices}</arg>
<arg>${price_text}</arg>
<doc>Adds ``values`` to the end of ``list``.</doc>
<status status="PASS" start="2024-03-15T16:35:08.162243" elapsed="0.000000"/>
</kw>
<var name="${i}">56</var>
<status status="PASS" start="2024-03-15T16:35:08.156264" elapsed="0.005979"/>
</iter>
<iter>
<kw name="Get From List" owner="Collections">
<msg time="2024-03-15T16:35:08.162243" level="INFO">${element} = &lt;selenium.webdriver.remote.webelement.WebElement (session="9b0d6cb1e27018d1ae2c285d09669851", element="97A7C9A9C4D8DE64DBDEEF8A9972190D_element_26156")&gt;</msg>
<var>${element}</var>
<arg>${list elements}</arg>
<arg>${i}</arg>
<doc>Returns the value specified with an ``index`` from ``list``.</doc>
<status status="PASS" start="2024-03-15T16:35:08.162243" elapsed="0.000000"/>
</kw>
<kw name="Get Text" owner="SeleniumLibrary">
<msg time="2024-03-15T16:35:08.171276" level="INFO">${price_text} = 96.97 SEK</msg>
<var>${price_text}</var>
<arg>${element}</arg>
<doc>Returns the text value of the element identified by ``locator``.</doc>
<status status="PASS" start="2024-03-15T16:35:08.163240" elapsed="0.008036"/>
</kw>
<kw name="Append To List" owner="Collections">
<arg>${AllPrices}</arg>
<arg>${price_text}</arg>
<doc>Adds ``values`` to the end of ``list``.</doc>
<status status="PASS" start="2024-03-15T16:35:08.171276" elapsed="0.000999"/>
</kw>
[...]
</kw>
<var name="${i}">74</var>
<status status="PASS" start="2024-03-15T16:35:20.973336" elapsed="0.005979"/>
</iter>
<iter>
<kw name="Get From List" owner="Collections">
<msg time="2024-03-15T16:35:20.980312" level="INFO">${element} = &lt;selenium.webdriver.remote.webelement.WebElement (session="2c8c51b49cbd4dbd7e76defd3a7d8aca", element="1049F7E1FB272220916274D2060D66CA_element_26509")&gt;</msg>
<var>${element}</var>
<arg>${list elements}</arg>
<arg>${i}</arg>
<doc>Returns the value specified with an ``index`` from ``list``.</doc>
<status status="PASS" start="2024-03-15T16:35:20.979315" elapsed="0.000997"/>
</kw>
<kw name="Get Text" owner="SeleniumLibrary">
<msg time="2024-03-15T16:35:20.986305" level="INFO">${price_text} = 36,162.25 SEK</msg>
<var>${price_text}</var>
<arg>${element}</arg>
<doc>Returns the text value of the element identified by ``locator``.</doc>
<status status="PASS" start="2024-03-15T16:35:20.980312" elapsed="0.005993"/>
</kw>
<kw name="Append To List" owner="Collections">
<arg>${AllPrices}</arg>
<arg>${price_text}</arg>
<doc>Adds ``values`` to the end of ``list``.</doc>
<status status="PASS" start="2024-03-15T16:35:20.986305" elapsed="0.000000"/>
</kw>
<var name="${i}">75</var>
<status status="PASS" start="2024-03-15T16:35:20.979315" elapsed="0.006990"/>
</iter>
<iter>
<kw name="Get From List" owner="Collections">
<msg time="2024-03-15T16:35:20.987300" level="INFO">${element} = &lt;selenium.webdriver.remote.webelement.WebElement (session="2c8c51b49cbd4dbd7e76defd3a7d8aca", element="1049F7E1FB272220916274D2060D66CA_element_26550")&gt;</msg>
<var>${element}</var>
<arg>${list elements}</arg>
<arg>${i}</arg>
<doc>Returns the value specified with an ``index`` from ``list``.</doc>
<status status="PASS" start="2024-03-15T16:35:20.986305" elapsed="0.000995"/>
</kw>
<kw name="Get Text" owner="SeleniumLibrary">
<msg time="2024-03-15T16:35:20.992273" level="INFO">${price_text} = 33,010.97 SEK</msg>
<var>${price_text}</var>
<arg>${element}</arg>
<doc>Returns the text value of the element identified by ``locator``.</doc>
<status status="PASS" start="2024-03-15T16:35:20.987300" elapsed="0.005981"/>
</kw>
<kw name="Append To List" owner="Collections">
<arg>${AllPrices}</arg>
<arg>${price_text}</arg>
<doc>Adds ``values`` to the end of ``list``.</doc>
<status status="PASS" start="2024-03-15T16:35:20.993281" elapsed="0.000000"/>
</kw>
<var name="${i}">76</var>
<status status="PASS" start="2024-03-15T16:35:20.986305" elapsed="0.006976"/>
</iter>
<iter>
<kw name="Get From List" owner="Collections">
<msg time="2024-03-15T16:35:20.993281" level="INFO">${element} = &lt;selenium.webdriver.remote.webelement.WebElement (session="2c8c51b49cbd4dbd7e76defd3a7d8aca", element="1049F7E1FB272220916274D2060D66CA_element_26595")&gt;</msg>
<var>${element}</var>
<arg>${list elements}</arg>
<arg>${i}</arg>
<doc>Returns the value specified with an ``index`` from ``list``.</doc>
<status status="PASS" start="2024-03-15T16:35:20.993281" elapsed="0.000000"/>
</kw>
<kw name="Get Text" owner="SeleniumLibrary">
<msg time="2024-03-15T16:35:21.001241" level="INFO">${price_text} = 51,660.36 SEK</msg>
<var>${price_text}</var>
<arg>${element}</arg>
<doc>Returns the text value of the element identified by ``locator``.</doc>
<status status="PASS" start="2024-03-15T16:35:20.993281" elapsed="0.007960"/>
</kw>
<kw name="Append To List" owner="Collections">
<arg>${AllPrices}</arg>
<arg>${price_text}</arg>
<doc>Adds ``values`` to the end of ``list``.</doc>
<status status="PASS" start="2024-03-15T16:35:21.001241" elapsed="0.000997"/>
</kw>
<var name="${i}">77</var>
<status status="PASS" start="2024-03-15T16:35:20.993281" elapsed="0.008957"/>
</iter>
<iter>
<kw name="Get From List" owner="Collections">
<msg time="2024-03-15T16:35:21.002238" level="INFO">${element} = &lt;selenium.webdriver.remote.webelement.WebElement (session="2c8c51b49cbd4dbd7e76defd3a7d8aca", element="1049F7E1FB272220916274D2060D66CA_element_26631")&gt;</msg>
<var>${element}</var>
<arg>${list elements}</arg>
<arg>${i}</arg>
<doc>Returns the value specified with an ``index`` from ``list``.</doc>
<status status="PASS" start="2024-03-15T16:35:21.002238" elapsed="0.000000"/>
</kw>
<kw name="Get Text" owner="SeleniumLibrary">
<msg time="2024-03-15T16:35:21.008219" level="INFO">${price_text} = 61,991.92 SEK</msg>
<var>${price_text}</var>
<arg>${element}</arg>
<doc>Returns the text value of the element identified by ``locator``.</doc>
<status status="PASS" start="2024-03-15T16:35:21.002238" elapsed="0.005981"/>
</kw>
<kw name="Append To List" owner="Collections">
<arg>${AllPrices}</arg>
<arg>${price_text}</arg>
<doc>Adds ``values`` to the end of ``list``.</doc>
<status status="PASS" start="2024-03-15T16:35:21.008219" elapsed="0.000000"/>
</kw>
<var name="${i}">78</var>
<status status="PASS" start="2024-03-15T16:35:21.002238" elapsed="0.005981"/>
</iter>
<iter>
<kw name="Get From List" owner="Collections">
<msg time="2024-03-15T16:35:21.009215" level="INFO">${element} = &lt;selenium.webdriver.remote.webelement.WebElement (session="2c8c51b49cbd4dbd7e76defd3a7d8aca", element="1049F7E1FB272220916274D2060D66CA_element_26672")&gt;</msg>
<var>${element}</var>
<arg>${list elements}</arg>
<arg>${i}</arg>
<doc>Returns the value specified with an ``index`` from ``list``.</doc>
<status status="PASS" start="2024-03-15T16:35:21.009215" elapsed="0.000000"/>
</kw>
<kw name="Get Text" owner="SeleniumLibrary">
<msg time="2024-03-15T16:35:21.015195" level="INFO">${price_text} = 43,394.60 SEK</msg>
<var>${price_text}</var>
<arg>${element}</arg>
<doc>Returns the text value of the element identified by ``locator``.</doc>
<status status="PASS" start="2024-03-15T16:35:21.009215" elapsed="0.005980"/>
</kw>
<kw name="Append To List" owner="Collections">
<arg>${AllPrices}</arg>
<arg>${price_text}</arg>
<doc>Adds ``values`` to the end of ``list``.</doc>
<status status="PASS" start="2024-03-15T16:35:21.015195" elapsed="0.000000"/>
</kw>
<var name="${i}">79</var>
<status status="PASS" start="2024-03-15T16:35:21.008219" elapsed="0.006976"/>
</iter>
<iter>
<kw name="Get From List" owner="Collections">
<msg time="2024-03-15T16:35:21.016191" level="INFO">${element} = &lt;selenium.webdriver.remote.webelement.WebElement (session="2c8c51b49cbd4dbd7e76defd3a7d8aca", element="1049F7E1FB272220916274D2060D66CA_element_26713")&gt;</msg>
<var>${element}</var>
<arg>${list elements}</arg>
<arg>${i}</arg>
<doc>Returns the value specified with an ``index`` from ``list``.</doc>
<status status="PASS" start="2024-03-15T16:35:21.016191" elapsed="0.000000"/>
</kw>
<kw name="Get Text" owner="SeleniumLibrary">
<msg time="2024-03-15T16:35:21.021176" level="INFO">${price_text} = 92,058.77 SEK</msg>
<var>${price_text}</var>
<arg>${element}</arg>
<doc>Returns the text value of the element identified by ``locator``.</doc>
<status status="PASS" start="2024-03-15T16:35:21.016191" elapsed="0.005980"/>
</kw>
<kw name="Append To List" owner="Collections">
<arg>${AllPrices}</arg>
<arg>${price_text}</arg>
<doc>Adds ``values`` to the end of ``list``.</doc>
<status status="PASS" start="2024-03-15T16:35:21.022171" elapsed="0.000000"/>
</kw>
<var name="${i}">80</var>
<status status="PASS" start="2024-03-15T16:35:21.016191" elapsed="0.005980"/>
</iter>
<var>${i}</var>
<value>1</value>
<value>${list_length}</value>
<status status="PASS" start="2024-03-15T16:35:19.932477" elapsed="1.089694"/>
</for>
<return>
<value>${AllPrices}</value>
<status status="PASS" start="2024-03-15T16:35:21.022171" elapsed="0.000000"/>
</return>
<msg time="2024-03-15T16:35:21.022171" level="INFO">${price_list} = ['25,830,182.05 SEK', '5,166,036.41 SEK', '2,572,686.13 SEK', '619,924.37 SEK', '227,305.60 SEK', '174,526.92 SEK', '167,393.47 SEK', '154,981.09 SEK', '154,981.09 SEK', '154,981.09 SEK', '154,981.09 ...</msg>
<var>${price_list}</var>
<status status="PASS" start="2024-03-15T16:35:19.800494" elapsed="1.221677"/>
</kw>
<kw name="Verify List Sorted" owner="SearchResultsPage">
<kw name="Get From List" owner="Collections">
<msg time="2024-03-15T16:35:21.022977" level="INFO">${first_element} = 25,830,182.05 SEK</msg>
<var>${first_element}</var>
<arg>${list1}</arg>
<arg>0</arg>
<doc>Returns the value specified with an ``index`` from ``list``.</doc>
<status status="PASS" start="2024-03-15T16:35:21.022977" elapsed="0.000000"/>
</kw>
<kw name="Get From List" owner="Collections">
<msg time="2024-03-15T16:35:21.023990" level="INFO">${second_element} = 5,166,036.41 SEK</msg>
<var>${second_element}</var>
<arg>${list1}</arg>
<arg>1</arg>
<doc>Returns the value specified with an ``index`` from ``list``.</doc>
<status status="PASS" start="2024-03-15T16:35:21.023990" elapsed="0.000000"/>
</kw>
<kw name="Get From List" owner="Collections">
<msg time="2024-03-15T16:35:21.023990" level="INFO">${third_element} = 2,572,686.13 SEK</msg>
<var>${third_element}</var>
<arg>${list1}</arg>
<arg>2</arg>
<doc>Returns the value specified with an ``index`` from ``list``.</doc>
<status status="PASS" start="2024-03-15T16:35:21.023990" elapsed="0.000000"/>
</kw>
<kw name="Extract Numerical Value" owner="SearchResultsPage">
<kw name="Get Regexp Matches" owner="String">
<msg time="2024-03-15T16:35:21.024986" level="INFO">${matches} = ['182.05']</msg>
<var>${matches}</var>
<arg>${input_string}</arg>
<arg>\\d+\\.\\d+</arg>
<doc>Returns a list of all non-overlapping matches in the given string.</doc>
<status status="PASS" start="2024-03-15T16:35:21.023990" elapsed="0.000996"/>
</kw>
<kw name="Convert To Number" owner="BuiltIn">
<msg time="2024-03-15T16:35:21.024986" level="INFO">${numerical_value} = 182.05</msg>
<var>${numerical_value}</var>
<arg>${matches[0]}</arg>
<doc>Converts the given item to a floating point number.</doc>
<status status="PASS" start="2024-03-15T16:35:21.024986" elapsed="0.000000"/>
</kw>
<return>
<value>${numerical_value}</value>
<status status="PASS" start="2024-03-15T16:35:21.024986" elapsed="0.000000"/>
</return>
<msg time="2024-03-15T16:35:21.025983" level="INFO">${first_number} = 182.05</msg>
<var>${first_number}</var>
<arg>${first_element}</arg>
<status status="PASS" start="2024-03-15T16:35:21.023990" elapsed="0.001993"/>
</kw>
<kw name="Extract Numerical Value" owner="SearchResultsPage">
<kw name="Get Regexp Matches" owner="String">
<msg time="2024-03-15T16:35:21.025983" level="INFO">${matches} = ['036.41']</msg>
<var>${matches}</var>
<arg>${input_string}</arg>
<arg>\\d+\\.\\d+</arg>
<doc>Returns a list of all non-overlapping matches in the given string.</doc>
<status status="PASS" start="2024-03-15T16:35:21.025983" elapsed="0.000000"/>
</kw>
<kw name="Convert To Number" owner="BuiltIn">
<msg time="2024-03-15T16:35:21.026980" level="INFO">${numerical_value} = 36.41</msg>
<var>${numerical_value}</var>
<arg>${matches[0]}</arg>
<doc>Converts the given item to a floating point number.</doc>
<status status="PASS" start="2024-03-15T16:35:21.025983" elapsed="0.000997"/>
</kw>
<return>
<value>${numerical_value}</value>
<status status="PASS" start="2024-03-15T16:35:21.026980" elapsed="0.000000"/>
</return>
<msg time="2024-03-15T16:35:21.026980" level="INFO">${second_number} = 36.41</msg>
<var>${second_number}</var>
<arg>${second_element}</arg>
<status status="PASS" start="2024-03-15T16:35:21.025983" elapsed="0.000997"/>
</kw>
<kw name="Extract Numerical Value" owner="SearchResultsPage">
<kw name="Get Regexp Matches" owner="String">
<msg time="2024-03-15T16:35:21.027977" level="INFO">${matches} = ['686.13']</msg>
<var>${matches}</var>
<arg>${input_string}</arg>
<arg>\\d+\\.\\d+</arg>
<doc>Returns a list of all non-overlapping matches in the given string.</doc>
<status status="PASS" start="2024-03-15T16:35:21.027977" elapsed="0.000000"/>
</kw>
<kw name="Convert To Number" owner="BuiltIn">
<msg time="2024-03-15T16:35:21.027977" level="INFO">${numerical_value} = 686.13</msg>
<var>${numerical_value}</var>
<arg>${matches[0]}</arg>
<doc>Converts the given item to a floating point number.</doc>
<status status="PASS" start="2024-03-15T16:35:21.027977" elapsed="0.000000"/>
</kw>
<return>
<value>${numerical_value}</value>
<status status="PASS" start="2024-03-15T16:35:21.027977" elapsed="0.000000"/>
</return>
<msg time="2024-03-15T16:35:21.027977" level="INFO">${third_number} = 686.13</msg>
<var>${third_number}</var>
<arg>${third_element}</arg>
<status status="PASS" start="2024-03-15T16:35:21.026980" elapsed="0.001993"/>
</kw>
<kw name="Run Keyword Unless" owner="BuiltIn">
<msg time="2024-03-15T16:35:21.028973" level="WARN">Keyword 'BuiltIn.Run Keyword Unless' is deprecated. </msg>
<kw name="Fail" owner="BuiltIn">
<msg time="2024-03-15T16:35:21.028973" level="FAIL">Condition not met</msg>
<arg>Condition not met</arg>
<doc>Fails the test with the given message and optionally alters its tags.</doc>
<status status="FAIL" start="2024-03-15T16:35:21.028973" elapsed="0.001071">Condition not met</status>
</kw>
<arg>${first_number} &lt;= ${second_number}</arg>
<arg>Fail</arg>
<arg>Condition not met</arg>
<doc>*DEPRECATED since RF 5.0. Use Native IF/ELSE or `Run Keyword If` instead.*</doc>
<status status="FAIL" start="2024-03-15T16:35:21.028973" elapsed="0.001071">Condition not met</status>
</kw>
<kw name="Run Keyword Unless" owner="BuiltIn">
<msg time="2024-03-15T16:35:21.030044" level="WARN">Keyword 'BuiltIn.Run Keyword Unless' is deprecated. </msg>
<arg>${second_number} &lt;= ${third_number}</arg>
<arg>Fail</arg>
<arg>Condition not met</arg>
<doc>*DEPRECATED since RF 5.0. Use Native IF/ELSE or `Run Keyword If` instead.*</doc>
<status status="NOT RUN" start="2024-03-15T16:35:21.030044" elapsed="0.000000"/>
</kw>
<kw name="Log" owner="BuiltIn">
<arg>Pass</arg>
<doc>Logs the given message with the given level.</doc>
<status status="NOT RUN" start="2024-03-15T16:35:21.030964" elapsed="0.000000"/>
</kw>
<arg>${price_list}</arg>
<status status="FAIL" start="2024-03-15T16:35:21.022977" elapsed="0.007987">Condition not met</status>
</kw>
<kw name="Finish Testcase" owner="CommonFunctionality" type="TEARDOWN">
<kw name="Close Browser" owner="SeleniumLibrary">
<doc>Closes the current browser.</doc>
<status status="PASS" start="2024-03-15T16:35:21.030964" elapsed="2.206081"/>
</kw>
<status status="PASS" start="2024-03-15T16:35:21.030964" elapsed="2.207115"/>
</kw>
<doc>sort from highest to lowest price</doc>
<status status="FAIL" start="2024-03-15T16:35:10.444156" elapsed="12.794507">Condition not met</status>
</test>
<test id="s1-t5" name="Verify Advanced Search" line="44">
<kw name="Start Testcase" owner="CommonFunctionality" type="SETUP">
<kw name="Open Browser" owner="SeleniumLibrary">
<msg time="2024-03-15T16:35:23.242663" level="INFO">Opening browser 'chrome' to base url 'https://www.ebay.com'.</msg>
<msg time="2024-03-15T16:35:24.017106" level="WARN">The chromedriver version (121.0.6167.85) detected in PATH at F:\DesktopC\PythonUltimateCourse\SoftwareTesting\RobotFramework\browserDrivers\chromedriver.exe might not be compatible with the detected chrome version (122.0.6261.129); currently, chromedriver 122.0.6261.128 is recommended for chrome 122.*, so it is advised to delete the driver in PATH and retry</msg>
<arg>${url}</arg>
<arg>${browser}</arg>
<doc>Opens a new browser instance to the optional ``url``.</doc>
<status status="PASS" start="2024-03-15T16:35:23.242663" elapsed="4.042317"/>
</kw>
<kw name="Maximize Browser Window" owner="SeleniumLibrary">
<doc>Maximizes current browser window.</doc>
<status status="PASS" start="2024-03-15T16:35:27.284980" elapsed="0.138044"/>
</kw>
<status status="PASS" start="2024-03-15T16:35:23.241666" elapsed="4.181358"/>
</kw>
<kw name="Click on Advanced Search Link" owner="HeaderPage">
<kw name="Click Element" owner="SeleniumLibrary">
<msg time="2024-03-15T16:35:27.424192" level="INFO">Clicking element 'xpath://a[@id="gh-as-a"]'.</msg>
<arg>${HomePage_advanced_search_link}</arg>
<doc>Click the element identified by ``locator``.</doc>
<status status="PASS" start="2024-03-15T16:35:27.423024" elapsed="0.948076"/>
</kw>
<status status="PASS" start="2024-03-15T16:35:27.423024" elapsed="0.949066"/>
</kw>
<kw name="Finish Testcase" owner="CommonFunctionality" type="TEARDOWN">
<kw name="Close Browser" owner="SeleniumLibrary">
<doc>Closes the current browser.</doc>
<status status="PASS" start="2024-03-15T16:35:28.373120" elapsed="2.175413"/>
</kw>
<status status="PASS" start="2024-03-15T16:35:28.372090" elapsed="2.176443"/>
</kw>
<doc>verify if advanced search link works</doc>
<status status="PASS" start="2024-03-15T16:35:23.240670" elapsed="7.308935"/>
</test>
<doc>Basic Search Functionality</doc>
<status status="FAIL" start="2024-03-15T16:34:20.734291" elapsed="69.828461"/>
</suite>
<statistics>
<total>
<stat pass="4" fail="1" skip="0">All Tests</stat>
</total>
<tag>
<stat pass="2" fail="0" skip="0">Functional</stat>
</tag>
<suite>
<stat pass="4" fail="1" skip="0" id="s1" name="BasicSearch">BasicSearch</stat>
</suite>
</statistics>
<errors>
<msg time="2024-03-15T16:34:24.300818" level="WARN">Error in file 'F:\DesktopC\PythonUltimateCourse\SoftwareTesting\RobotFramework\Resources\PageObjects\SearchResultsPage.robot' on line 34: The '[Return]' setting is deprecated. Use the 'RETURN' statement instead.</msg>
<msg time="2024-03-15T16:34:24.301814" level="WARN">Error in file 'F:\DesktopC\PythonUltimateCourse\SoftwareTesting\RobotFramework\Resources\PageObjects\SearchResultsPage.robot' on line 40: The '[Return]' setting is deprecated. Use the 'RETURN' statement instead.</msg>
<msg time="2024-03-15T16:34:25.899682" level="WARN">The chromedriver version (121.0.6167.85) detected in PATH at F:\DesktopC\PythonUltimateCourse\SoftwareTesting\RobotFramework\browserDrivers\chromedriver.exe might not be compatible with the detected chrome version (122.0.6261.129); currently, chromedriver 122.0.6261.128 is recommended for chrome 122.*, so it is advised to delete the driver in PATH and retry</msg>
<msg time="2024-03-15T16:34:40.448731" level="WARN">The chromedriver version (121.0.6167.85) detected in PATH at F:\DesktopC\PythonUltimateCourse\SoftwareTesting\RobotFramework\browserDrivers\chromedriver.exe might not be compatible with the detected chrome version (122.0.6261.129); currently, chromedriver 122.0.6261.128 is recommended for chrome 122.*, so it is advised to delete the driver in PATH and retry</msg>
<msg time="2024-03-15T16:34:56.313772" level="WARN">The chromedriver version (121.0.6167.85) detected in PATH at F:\DesktopC\PythonUltimateCourse\SoftwareTesting\RobotFramework\browserDrivers\chromedriver.exe might not be compatible with the detected chrome version (122.0.6261.129); currently, chromedriver 122.0.6261.128 is recommended for chrome 122.*, so it is advised to delete the driver in PATH and retry</msg>
<msg time="2024-03-15T16:35:08.213245" level="WARN">Keyword 'BuiltIn.Run Keyword Unless' is deprecated. </msg>
<msg time="2024-03-15T16:35:08.213245" level="WARN">Keyword 'BuiltIn.Run Keyword Unless' is deprecated. </msg>
<msg time="2024-03-15T16:35:11.297480" level="WARN">The chromedriver version (121.0.6167.85) detected in PATH at F:\DesktopC\PythonUltimateCourse\SoftwareTesting\RobotFramework\browserDrivers\chromedriver.exe might not be compatible with the detected chrome version (122.0.6261.129); currently, chromedriver 122.0.6261.128 is recommended for chrome 122.*, so it is advised to delete the driver in PATH and retry</msg>
<msg time="2024-03-15T16:35:21.028973" level="WARN">Keyword 'BuiltIn.Run Keyword Unless' is deprecated. </msg>
<msg time="2024-03-15T16:35:21.030044" level="WARN">Keyword 'BuiltIn.Run Keyword Unless' is deprecated. </msg>
<msg time="2024-03-15T16:35:24.017106" level="WARN">The chromedriver version (121.0.6167.85) detected in PATH at F:\DesktopC\PythonUltimateCourse\SoftwareTesting\RobotFramework\browserDrivers\chromedriver.exe might not be compatible with the detected chrome version (122.0.6261.129); currently, chromedriver 122.0.6261.128 is recommended for chrome 122.*, so it is advised to delete the driver in PATH and retry</msg>
</errors>
</robot>
